Namespace(C=1.0, device='gpu', gamma=0.01, gpu_id=1, kernel='rbf', method='hog', nComponents=1296, path='./data/fer2013/fer2013.csv', pca=False)
start loading data
32298 2304
3589 2304
loading data done
Using GPU
2023-12-10 16:06:33,867 INFO [default] #instances = 32298, #features = 2304
2023-12-10 16:06:34,255 INFO [default] #classes = 7
2023-12-10 16:06:34,891 INFO [default] working set size = 1024
2023-12-10 16:06:34,892 INFO [default] training start
2023-12-10 16:06:35,156 INFO [default] global iter = 0, total local iter = 538, diff = 2
2023-12-10 16:06:36,735 INFO [default] global iter = 42, total local iter = 16411, diff = 0.000999976
2023-12-10 16:06:36,735 INFO [default] training finished
2023-12-10 16:06:36,735 INFO [default] obj = -4355.2
2023-12-10 16:06:36,736 INFO [default] rho = 0.0177553
2023-12-10 16:06:36,736 INFO [default] #sv = 8916
2023-12-10 16:06:37,296 INFO [default] working set size = 1024
2023-12-10 16:06:37,298 INFO [default] training start
2023-12-10 16:06:37,370 INFO [default] global iter = 0, total local iter = 533, diff = 2
2023-12-10 16:06:39,653 INFO [default] global iter = 55, total local iter = 20911, diff = 0.000997876
2023-12-10 16:06:39,653 INFO [default] training finished
2023-12-10 16:06:39,653 INFO [default] obj = -4725.94
2023-12-10 16:06:39,654 INFO [default] rho = 0.186404
2023-12-10 16:06:39,654 INFO [default] #sv = 9796
2023-12-10 16:06:40,174 INFO [default] working set size = 1024
2023-12-10 16:06:40,175 INFO [default] training start
2023-12-10 16:06:40,247 INFO [default] global iter = 0, total local iter = 533, diff = 2
2023-12-10 16:06:42,482 INFO [default] global iter = 56, total local iter = 22090, diff = 0.000997491
2023-12-10 16:06:42,482 INFO [default] training finished
2023-12-10 16:06:42,482 INFO [default] obj = -4770.93
2023-12-10 16:06:42,483 INFO [default] rho = 0.210016
2023-12-10 16:06:42,483 INFO [default] #sv = 9960
2023-12-10 16:06:43,174 INFO [default] working set size = 1024
2023-12-10 16:06:43,175 INFO [default] training start
2023-12-10 16:06:43,272 INFO [default] global iter = 0, total local iter = 529, diff = 2
2023-12-10 16:06:47,200 INFO [default] global iter = 82, total local iter = 29530, diff = 0.000999821
2023-12-10 16:06:47,200 INFO [default] training finished
2023-12-10 16:06:47,200 INFO [default] obj = -5304.77
2023-12-10 16:06:47,201 INFO [default] rho = 0.452622
2023-12-10 16:06:47,201 INFO [default] #sv = 12435
2023-12-10 16:06:47,709 INFO [default] working set size = 1024
2023-12-10 16:06:47,709 INFO [default] training start
2023-12-10 16:06:47,772 INFO [default] global iter = 0, total local iter = 585, diff = 2
2023-12-10 16:06:49,423 INFO [default] global iter = 48, total local iter = 19639, diff = 0.000999323
2023-12-10 16:06:49,423 INFO [default] training finished
2023-12-10 16:06:49,423 INFO [default] obj = -3465.42
2023-12-10 16:06:49,424 INFO [default] rho = -0.27701
2023-12-10 16:06:49,424 INFO [default] #sv = 7880
2023-12-10 16:06:49,739 INFO [default] working set size = 1024
2023-12-10 16:06:49,740 INFO [default] training start
2023-12-10 16:06:49,785 INFO [default] global iter = 0, total local iter = 832, diff = 2
2023-12-10 16:06:50,716 INFO [default] global iter = 32, total local iter = 15830, diff = 0.000998237
2023-12-10 16:06:50,716 INFO [default] training finished
2023-12-10 16:06:50,716 INFO [default] obj = -633.202
2023-12-10 16:06:50,717 INFO [default] rho = -0.891168
2023-12-10 16:06:50,717 INFO [default] #sv = 4860
2023-12-10 16:06:51,235 INFO [default] working set size = 1024
2023-12-10 16:06:51,236 INFO [default] training start
2023-12-10 16:06:51,309 INFO [default] global iter = 0, total local iter = 546, diff = 2
2023-12-10 16:06:53,661 INFO [default] global iter = 59, total local iter = 23259, diff = 0.000996854
2023-12-10 16:06:53,661 INFO [default] training finished
2023-12-10 16:06:53,661 INFO [default] obj = -4784.4
2023-12-10 16:06:53,662 INFO [default] rho = 0.167616
2023-12-10 16:06:53,662 INFO [default] #sv = 9967
2023-12-10 16:06:54,159 INFO [default] working set size = 1024
2023-12-10 16:06:54,159 INFO [default] training start
2023-12-10 16:06:54,227 INFO [default] global iter = 0, total local iter = 557, diff = 2
2023-12-10 16:06:56,327 INFO [default] global iter = 58, total local iter = 22436, diff = 0.000999653
2023-12-10 16:06:56,327 INFO [default] training finished
2023-12-10 16:06:56,327 INFO [default] obj = -4830.86
2023-12-10 16:06:56,327 INFO [default] rho = 0.191863
2023-12-10 16:06:56,327 INFO [default] #sv = 10138
2023-12-10 16:06:56,931 INFO [default] working set size = 1024
2023-12-10 16:06:56,940 INFO [default] training start
2023-12-10 16:06:57,021 INFO [default] global iter = 0, total local iter = 549, diff = 2
2023-12-10 16:06:58,256 INFO [default] global iter = 29, total local iter = 9690, diff = 1
2023-12-10 16:06:58,256 INFO [default] training finished
2023-12-10 16:06:58,256 INFO [default] obj = -5303.96
2023-12-10 16:06:58,256 INFO [default] rho = 0.476315
2023-12-10 16:06:58,256 INFO [default] #sv = 12497
2023-12-10 16:06:58,702 INFO [default] working set size = 1024
2023-12-10 16:06:58,703 INFO [default] training start
2023-12-10 16:06:58,759 INFO [default] global iter = 0, total local iter = 576, diff = 2
2023-12-10 16:07:00,311 INFO [default] global iter = 49, total local iter = 20522, diff = 0.000999597
2023-12-10 16:07:00,311 INFO [default] training finished
2023-12-10 16:07:00,311 INFO [default] obj = -3502.17
2023-12-10 16:07:00,311 INFO [default] rho = -0.289452
2023-12-10 16:07:00,312 INFO [default] #sv = 8010
2023-12-10 16:07:00,570 INFO [default] working set size = 1024
2023-12-10 16:07:00,570 INFO [default] training start
2023-12-10 16:07:00,615 INFO [default] global iter = 0, total local iter = 833, diff = 2
2023-12-10 16:07:01,445 INFO [default] global iter = 34, total local iter = 16830, diff = 0.000998937
2023-12-10 16:07:01,445 INFO [default] training finished
2023-12-10 16:07:01,445 INFO [default] obj = -635.693
2023-12-10 16:07:01,445 INFO [default] rho = -0.893234
2023-12-10 16:07:01,446 INFO [default] #sv = 4976
2023-12-10 16:07:01,975 INFO [default] working set size = 1024
2023-12-10 16:07:01,975 INFO [default] training start
2023-12-10 16:07:02,047 INFO [default] global iter = 0, total local iter = 540, diff = 2
2023-12-10 16:07:04,140 INFO [default] global iter = 52, total local iter = 20151, diff = 0.000999653
2023-12-10 16:07:04,140 INFO [default] training finished
2023-12-10 16:07:04,140 INFO [default] obj = -5392.31
2023-12-10 16:07:04,140 INFO [default] rho = 0.0297807
2023-12-10 16:07:04,141 INFO [default] #sv = 10937
2023-12-10 16:07:04,753 INFO [default] working set size = 1024
2023-12-10 16:07:04,754 INFO [default] training start
2023-12-10 16:07:04,838 INFO [default] global iter = 0, total local iter = 533, diff = 2
2023-12-10 16:07:08,879 INFO [default] global iter = 90, total local iter = 32148, diff = 0.000999314
2023-12-10 16:07:08,879 INFO [default] training finished
2023-12-10 16:07:08,879 INFO [default] obj = -6196.57
2023-12-10 16:07:08,879 INFO [default] rho = 0.328682
2023-12-10 16:07:08,880 INFO [default] #sv = 13430
2023-12-10 16:07:09,328 INFO [default] working set size = 1024
2023-12-10 16:07:09,329 INFO [default] training start
2023-12-10 16:07:09,391 INFO [default] global iter = 0, total local iter = 585, diff = 2
2023-12-10 16:07:11,562 INFO [default] global iter = 53, total local iter = 21247, diff = 0.000999865
2023-12-10 16:07:11,562 INFO [default] training finished
2023-12-10 16:07:11,562 INFO [default] obj = -3680.3
2023-12-10 16:07:11,562 INFO [default] rho = -0.40196
2023-12-10 16:07:11,563 INFO [default] #sv = 8861
2023-12-10 16:07:11,836 INFO [default] working set size = 1024
2023-12-10 16:07:11,840 INFO [default] training start
2023-12-10 16:07:11,905 INFO [default] global iter = 0, total local iter = 835, diff = 2
2023-12-10 16:07:13,239 INFO [default] global iter = 38, total local iter = 17402, diff = 0.000998583
2023-12-10 16:07:13,239 INFO [default] training finished
2023-12-10 16:07:13,239 INFO [default] obj = -638.027
2023-12-10 16:07:13,239 INFO [default] rho = -0.911502
2023-12-10 16:07:13,240 INFO [default] #sv = 5835
2023-12-10 16:07:13,801 INFO [default] working set size = 1024
2023-12-10 16:07:13,802 INFO [default] training start
2023-12-10 16:07:13,910 INFO [default] global iter = 0, total local iter = 529, diff = 2
2023-12-10 16:07:18,563 INFO [default] global iter = 79, total local iter = 27965, diff = 0.00099719
2023-12-10 16:07:18,563 INFO [default] training finished
2023-12-10 16:07:18,563 INFO [default] obj = -6331.66
2023-12-10 16:07:18,563 INFO [default] rho = 0.307905
2023-12-10 16:07:18,564 INFO [default] #sv = 13599
2023-12-10 16:07:19,089 INFO [default] working set size = 1024
2023-12-10 16:07:19,090 INFO [default] training start
2023-12-10 16:07:19,170 INFO [default] global iter = 0, total local iter = 587, diff = 2
2023-12-10 16:07:21,804 INFO [default] global iter = 60, total local iter = 23187, diff = 0.000999832
2023-12-10 16:07:21,804 INFO [default] training finished
2023-12-10 16:07:21,804 INFO [default] obj = -3709.07
2023-12-10 16:07:21,805 INFO [default] rho = -0.418469
2023-12-10 16:07:21,805 INFO [default] #sv = 9044
2023-12-10 16:07:22,077 INFO [default] working set size = 1024
2023-12-10 16:07:22,079 INFO [default] training start
2023-12-10 16:07:22,143 INFO [default] global iter = 0, total local iter = 837, diff = 2
2023-12-10 16:07:23,530 INFO [default] global iter = 41, total local iter = 18176, diff = 0.00099955
2023-12-10 16:07:23,530 INFO [default] training finished
2023-12-10 16:07:23,530 INFO [default] obj = -638.657
2023-12-10 16:07:23,530 INFO [default] rho = -0.914154
2023-12-10 16:07:23,531 INFO [default] #sv = 6012
2023-12-10 16:07:24,083 INFO [default] working set size = 1024
2023-12-10 16:07:24,085 INFO [default] training start
2023-12-10 16:07:24,181 INFO [default] global iter = 0, total local iter = 579, diff = 2
2023-12-10 16:07:28,133 INFO [default] global iter = 75, total local iter = 27682, diff = 0.000997798
2023-12-10 16:07:28,133 INFO [default] training finished
2023-12-10 16:07:28,133 INFO [default] obj = -4008.7
2023-12-10 16:07:28,134 INFO [default] rho = -0.589125
2023-12-10 16:07:28,135 INFO [default] #sv = 11533
2023-12-10 16:07:28,546 INFO [default] working set size = 1024
2023-12-10 16:07:28,546 INFO [default] training start
2023-12-10 16:07:28,651 INFO [default] global iter = 0, total local iter = 828, diff = 2
2023-12-10 16:07:32,633 INFO [default] global iter = 59, total local iter = 23024, diff = 0.000999974
2023-12-10 16:07:32,633 INFO [default] training finished
2023-12-10 16:07:32,633 INFO [default] obj = -644.959
2023-12-10 16:07:32,634 INFO [default] rho = -0.940714
2023-12-10 16:07:32,634 INFO [default] #sv = 8481
2023-12-10 16:07:32,868 INFO [default] working set size = 1024
2023-12-10 16:07:32,873 INFO [default] training start
2023-12-10 16:07:32,957 INFO [default] global iter = 0, total local iter = 806, diff = 2
2023-12-10 16:07:34,105 INFO [default] global iter = 21, total local iter = 12042, diff = 0.000995687
2023-12-10 16:07:34,105 INFO [default] training finished
2023-12-10 16:07:34,105 INFO [default] obj = -622.627
2023-12-10 16:07:34,105 INFO [default] rho = -0.844174
2023-12-10 16:07:34,106 INFO [default] #sv = 3663
2023-12-10 16:07:34,653 INFO [default] #total unique sv = 32281
2023-12-10 16:07:34,655 INFO [default] performing probability train
2023-12-10 16:07:35,513 INFO [default] #classes = 7
2023-12-10 16:07:35,892 INFO [default] working set size = 1024
2023-12-10 16:07:35,895 INFO [default] training start
2023-12-10 16:07:35,978 INFO [default] global iter = 0, total local iter = 538, diff = 2
2023-12-10 16:07:37,501 INFO [default] global iter = 32, total local iter = 13252, diff = 0.000993312
2023-12-10 16:07:37,501 INFO [default] training finished
2023-12-10 16:07:37,501 INFO [default] obj = -3506.92
2023-12-10 16:07:37,502 INFO [default] rho = 0.0229918
2023-12-10 16:07:37,503 INFO [default] #sv = 7162
2023-12-10 16:07:37,914 INFO [default] working set size = 1024
2023-12-10 16:07:37,915 INFO [default] training start
2023-12-10 16:07:37,981 INFO [default] global iter = 0, total local iter = 533, diff = 2
2023-12-10 16:07:39,644 INFO [default] global iter = 46, total local iter = 20614, diff = 0.000999753
2023-12-10 16:07:39,644 INFO [default] training finished
2023-12-10 16:07:39,645 INFO [default] obj = -3795.69
2023-12-10 16:07:39,645 INFO [default] rho = 0.186297
2023-12-10 16:07:39,646 INFO [default] #sv = 7861
2023-12-10 16:07:40,074 INFO [default] working set size = 1024
2023-12-10 16:07:40,075 INFO [default] training start
2023-12-10 16:07:40,137 INFO [default] global iter = 0, total local iter = 535, diff = 2
2023-12-10 16:07:41,737 INFO [default] global iter = 45, total local iter = 19526, diff = 0.00099806
2023-12-10 16:07:41,737 INFO [default] training finished
2023-12-10 16:07:41,737 INFO [default] obj = -3831.4
2023-12-10 16:07:41,738 INFO [default] rho = 0.209417
2023-12-10 16:07:41,738 INFO [default] #sv = 7992
2023-12-10 16:07:42,218 INFO [default] working set size = 1024
2023-12-10 16:07:42,219 INFO [default] training start
2023-12-10 16:07:42,293 INFO [default] global iter = 0, total local iter = 530, diff = 2
2023-12-10 16:07:44,850 INFO [default] global iter = 63, total local iter = 23941, diff = 0.000999147
2023-12-10 16:07:44,850 INFO [default] training finished
2023-12-10 16:07:44,850 INFO [default] obj = -4263.99
2023-12-10 16:07:44,853 INFO [default] rho = 0.454292
2023-12-10 16:07:44,853 INFO [default] #sv = 9984
2023-12-10 16:07:45,136 INFO [default] working set size = 1024
2023-12-10 16:07:45,137 INFO [default] training start
2023-12-10 16:07:45,190 INFO [default] global iter = 0, total local iter = 589, diff = 2
2023-12-10 16:07:46,304 INFO [default] global iter = 37, total local iter = 16323, diff = 0.000995845
2023-12-10 16:07:46,304 INFO [default] training finished
2023-12-10 16:07:46,304 INFO [default] obj = -2831.33
2023-12-10 16:07:46,304 INFO [default] rho = -0.263601
2023-12-10 16:07:46,304 INFO [default] #sv = 6349
2023-12-10 16:07:46,525 INFO [default] working set size = 1024
2023-12-10 16:07:46,526 INFO [default] training start
2023-12-10 16:07:46,570 INFO [default] global iter = 0, total local iter = 890, diff = 2
2023-12-10 16:07:47,172 INFO [default] global iter = 24, total local iter = 13180, diff = 0.000995893
2023-12-10 16:07:47,172 INFO [default] training finished
2023-12-10 16:07:47,172 INFO [default] obj = -511.079
2023-12-10 16:07:47,173 INFO [default] rho = -0.890952
2023-12-10 16:07:47,173 INFO [default] #sv = 3885
2023-12-10 16:07:47,622 INFO [default] working set size = 1024
2023-12-10 16:07:47,623 INFO [default] training start
2023-12-10 16:07:47,685 INFO [default] global iter = 0, total local iter = 536, diff = 2
2023-12-10 16:07:49,393 INFO [default] global iter = 46, total local iter = 19146, diff = 0.000999948
2023-12-10 16:07:49,393 INFO [default] training finished
2023-12-10 16:07:49,393 INFO [default] obj = -3855.78
2023-12-10 16:07:49,394 INFO [default] rho = 0.164921
2023-12-10 16:07:49,394 INFO [default] #sv = 7989
2023-12-10 16:07:49,840 INFO [default] working set size = 1024
2023-12-10 16:07:49,840 INFO [default] training start
2023-12-10 16:07:49,906 INFO [default] global iter = 0, total local iter = 547, diff = 2
2023-12-10 16:07:51,475 INFO [default] global iter = 45, total local iter = 17848, diff = 0.000974429
2023-12-10 16:07:51,475 INFO [default] training finished
2023-12-10 16:07:51,475 INFO [default] obj = -3891.07
2023-12-10 16:07:51,476 INFO [default] rho = 0.188447
2023-12-10 16:07:51,476 INFO [default] #sv = 8119
2023-12-10 16:07:51,977 INFO [default] working set size = 1024
2023-12-10 16:07:51,978 INFO [default] training start
2023-12-10 16:07:52,053 INFO [default] global iter = 0, total local iter = 540, diff = 2
2023-12-10 16:07:54,506 INFO [default] global iter = 60, total local iter = 22861, diff = 0.000999113
2023-12-10 16:07:54,506 INFO [default] training finished
2023-12-10 16:07:54,506 INFO [default] obj = -4348.83
2023-12-10 16:07:54,508 INFO [default] rho = 0.437542
2023-12-10 16:07:54,508 INFO [default] #sv = 10111
2023-12-10 16:07:54,801 INFO [default] working set size = 1024
2023-12-10 16:07:54,802 INFO [default] training start
2023-12-10 16:07:54,857 INFO [default] global iter = 0, total local iter = 583, diff = 2
2023-12-10 16:07:56,044 INFO [default] global iter = 38, total local iter = 16902, diff = 0.000999994
2023-12-10 16:07:56,044 INFO [default] training finished
2023-12-10 16:07:56,044 INFO [default] obj = -2868.82
2023-12-10 16:07:56,044 INFO [default] rho = -0.28033
2023-12-10 16:07:56,045 INFO [default] #sv = 6436
2023-12-10 16:07:56,275 INFO [default] working set size = 1024
2023-12-10 16:07:56,275 INFO [default] training start
2023-12-10 16:07:56,319 INFO [default] global iter = 0, total local iter = 871, diff = 2
2023-12-10 16:07:56,903 INFO [default] global iter = 24, total local iter = 12248, diff = 0.000999319
2023-12-10 16:07:56,903 INFO [default] training finished
2023-12-10 16:07:56,903 INFO [default] obj = -513.192
2023-12-10 16:07:56,904 INFO [default] rho = -0.893888
2023-12-10 16:07:56,904 INFO [default] #sv = 3980
2023-12-10 16:07:57,369 INFO [default] working set size = 1024
2023-12-10 16:07:57,371 INFO [default] training start
2023-12-10 16:07:57,437 INFO [default] global iter = 0, total local iter = 531, diff = 2
2023-12-10 16:07:59,006 INFO [default] global iter = 43, total local iter = 16716, diff = 0.000997431
2023-12-10 16:07:59,006 INFO [default] training finished
2023-12-10 16:07:59,006 INFO [default] obj = -4330.54
2023-12-10 16:07:59,006 INFO [default] rho = 0.0300214
2023-12-10 16:07:59,007 INFO [default] #sv = 8757
2023-12-10 16:07:59,530 INFO [default] working set size = 1024
2023-12-10 16:07:59,530 INFO [default] training start
2023-12-10 16:07:59,609 INFO [default] global iter = 0, total local iter = 535, diff = 2
2023-12-10 16:08:02,419 INFO [default] global iter = 65, total local iter = 25111, diff = 0.000999863
2023-12-10 16:08:02,419 INFO [default] training finished
2023-12-10 16:08:02,419 INFO [default] obj = -4979.59
2023-12-10 16:08:02,419 INFO [default] rho = 0.331543
2023-12-10 16:08:02,420 INFO [default] #sv = 10767
2023-12-10 16:08:02,737 INFO [default] working set size = 1024
2023-12-10 16:08:02,738 INFO [default] training start
2023-12-10 16:08:02,797 INFO [default] global iter = 0, total local iter = 596, diff = 2
2023-12-10 16:08:04,173 INFO [default] global iter = 42, total local iter = 17791, diff = 0.000999743
2023-12-10 16:08:04,173 INFO [default] training finished
2023-12-10 16:08:04,173 INFO [default] obj = -3011.45
2023-12-10 16:08:04,173 INFO [default] rho = -0.39233
2023-12-10 16:08:04,237 INFO [default] #sv = 7127
2023-12-10 16:08:04,471 INFO [default] working set size = 1024
2023-12-10 16:08:04,472 INFO [default] training start
2023-12-10 16:08:04,520 INFO [default] global iter = 0, total local iter = 885, diff = 2
2023-12-10 16:08:05,339 INFO [default] global iter = 31, total local iter = 15527, diff = 0.000999823
2023-12-10 16:08:05,339 INFO [default] training finished
2023-12-10 16:08:05,339 INFO [default] obj = -514.974
2023-12-10 16:08:05,340 INFO [default] rho = -0.911359
2023-12-10 16:08:05,340 INFO [default] #sv = 4683
2023-12-10 16:08:05,813 INFO [default] working set size = 1024
2023-12-10 16:08:05,813 INFO [default] training start
2023-12-10 16:08:05,893 INFO [default] global iter = 0, total local iter = 529, diff = 2
2023-12-10 16:08:08,773 INFO [default] global iter = 66, total local iter = 24045, diff = 0.000992985
2023-12-10 16:08:08,774 INFO [default] training finished
2023-12-10 16:08:08,774 INFO [default] obj = -5087.99
2023-12-10 16:08:08,774 INFO [default] rho = 0.310703
2023-12-10 16:08:08,775 INFO [default] #sv = 10883
2023-12-10 16:08:09,188 INFO [default] working set size = 1024
2023-12-10 16:08:09,189 INFO [default] training start
2023-12-10 16:08:09,248 INFO [default] global iter = 0, total local iter = 582, diff = 2
2023-12-10 16:08:10,620 INFO [default] global iter = 42, total local iter = 17244, diff = 0.000995642
2023-12-10 16:08:10,620 INFO [default] training finished
2023-12-10 16:08:10,621 INFO [default] obj = -3035
2023-12-10 16:08:10,621 INFO [default] rho = -0.409088
2023-12-10 16:08:10,622 INFO [default] #sv = 7249
2023-12-10 16:08:10,884 INFO [default] working set size = 1024
2023-12-10 16:08:10,885 INFO [default] training start
2023-12-10 16:08:10,932 INFO [default] global iter = 0, total local iter = 889, diff = 2
2023-12-10 16:08:11,783 INFO [default] global iter = 32, total local iter = 15732, diff = 0.000997931
2023-12-10 16:08:11,783 INFO [default] training finished
2023-12-10 16:08:11,783 INFO [default] obj = -515.475
2023-12-10 16:08:11,784 INFO [default] rho = -0.913987
2023-12-10 16:08:11,784 INFO [default] #sv = 4821
2023-12-10 16:08:12,314 INFO [default] working set size = 1024
2023-12-10 16:08:12,315 INFO [default] training start
2023-12-10 16:08:12,384 INFO [default] global iter = 0, total local iter = 586, diff = 2
2023-12-10 16:08:14,608 INFO [default] global iter = 56, total local iter = 22222, diff = 0.000996654
2023-12-10 16:08:14,608 INFO [default] training finished
2023-12-10 16:08:14,608 INFO [default] obj = -3283.94
2023-12-10 16:08:14,609 INFO [default] rho = -0.585303
2023-12-10 16:08:14,609 INFO [default] #sv = 9254
2023-12-10 16:08:14,916 INFO [default] working set size = 1024
2023-12-10 16:08:14,917 INFO [default] training start
2023-12-10 16:08:14,975 INFO [default] global iter = 0, total local iter = 879, diff = 2
2023-12-10 16:08:16,382 INFO [default] global iter = 45, total local iter = 19113, diff = 0.000997672
2023-12-10 16:08:16,382 INFO [default] training finished
2023-12-10 16:08:16,382 INFO [default] obj = -520.59
2023-12-10 16:08:16,382 INFO [default] rho = -0.940784
2023-12-10 16:08:16,383 INFO [default] #sv = 6813
2023-12-10 16:08:16,536 INFO [default] working set size = 1024
2023-12-10 16:08:16,537 INFO [default] training start
2023-12-10 16:08:16,575 INFO [default] global iter = 0, total local iter = 890, diff = 2
2023-12-10 16:08:16,998 INFO [default] global iter = 18, total local iter = 10371, diff = 0.000996947
2023-12-10 16:08:16,998 INFO [default] training finished
2023-12-10 16:08:16,998 INFO [default] obj = -503.453
2023-12-10 16:08:16,998 INFO [default] rho = -0.847992
2023-12-10 16:08:16,999 INFO [default] #sv = 2975
2023-12-10 16:08:17,458 INFO [default] #total unique sv = 25838
2023-12-10 16:08:21,088 INFO [default] #classes = 7
2023-12-10 16:08:21,474 INFO [default] working set size = 1024
2023-12-10 16:08:21,475 INFO [default] training start
2023-12-10 16:08:21,532 INFO [default] global iter = 0, total local iter = 538, diff = 2
2023-12-10 16:08:22,565 INFO [default] global iter = 31, total local iter = 13131, diff = 0.00099238
2023-12-10 16:08:22,565 INFO [default] training finished
2023-12-10 16:08:22,565 INFO [default] obj = -3513.49
2023-12-10 16:08:22,566 INFO [default] rho = 0.0200825
2023-12-10 16:08:22,566 INFO [default] #sv = 7158
2023-12-10 16:08:22,992 INFO [default] working set size = 1024
2023-12-10 16:08:22,992 INFO [default] training start
2023-12-10 16:08:23,053 INFO [default] global iter = 0, total local iter = 533, diff = 2
2023-12-10 16:08:24,693 INFO [default] global iter = 46, total local iter = 20299, diff = 0.000999974
2023-12-10 16:08:24,693 INFO [default] training finished
2023-12-10 16:08:24,693 INFO [default] obj = -3801.58
2023-12-10 16:08:24,693 INFO [default] rho = 0.184546
2023-12-10 16:08:24,693 INFO [default] #sv = 7841
2023-12-10 16:08:25,124 INFO [default] working set size = 1024
2023-12-10 16:08:25,125 INFO [default] training start
2023-12-10 16:08:25,188 INFO [default] global iter = 0, total local iter = 533, diff = 2
2023-12-10 16:08:26,771 INFO [default] global iter = 45, total local iter = 18311, diff = 0.000998431
2023-12-10 16:08:26,771 INFO [default] training finished
2023-12-10 16:08:26,771 INFO [default] obj = -3842.07
2023-12-10 16:08:26,771 INFO [default] rho = 0.208798
2023-12-10 16:08:26,771 INFO [default] #sv = 7980
2023-12-10 16:08:27,257 INFO [default] working set size = 1024
2023-12-10 16:08:27,258 INFO [default] training start
2023-12-10 16:08:27,332 INFO [default] global iter = 0, total local iter = 529, diff = 2
2023-12-10 16:08:29,865 INFO [default] global iter = 63, total local iter = 24150, diff = 0.000998217
2023-12-10 16:08:29,865 INFO [default] training finished
2023-12-10 16:08:29,865 INFO [default] obj = -4268.35
2023-12-10 16:08:29,866 INFO [default] rho = 0.452262
2023-12-10 16:08:29,866 INFO [default] #sv = 9955
2023-12-10 16:08:30,151 INFO [default] working set size = 1024
2023-12-10 16:08:30,151 INFO [default] training start
2023-12-10 16:08:30,205 INFO [default] global iter = 0, total local iter = 585, diff = 2
2023-12-10 16:08:31,338 INFO [default] global iter = 38, total local iter = 16435, diff = 0.000981624
2023-12-10 16:08:31,338 INFO [default] training finished
2023-12-10 16:08:31,338 INFO [default] obj = -2841.21
2023-12-10 16:08:31,339 INFO [default] rho = -0.26483
2023-12-10 16:08:31,339 INFO [default] #sv = 6349
2023-12-10 16:08:31,561 INFO [default] working set size = 1024
2023-12-10 16:08:31,561 INFO [default] training start
2023-12-10 16:08:31,606 INFO [default] global iter = 0, total local iter = 887, diff = 2
2023-12-10 16:08:32,217 INFO [default] global iter = 24, total local iter = 13494, diff = 0.000994362
2023-12-10 16:08:32,217 INFO [default] training finished
2023-12-10 16:08:32,217 INFO [default] obj = -514.273
2023-12-10 16:08:32,217 INFO [default] rho = -0.891232
2023-12-10 16:08:32,218 INFO [default] #sv = 3892
2023-12-10 16:08:32,644 INFO [default] working set size = 1024
2023-12-10 16:08:32,645 INFO [default] training start
2023-12-10 16:08:32,707 INFO [default] global iter = 0, total local iter = 546, diff = 2
2023-12-10 16:08:34,342 INFO [default] global iter = 47, total local iter = 19712, diff = 0.000999326
2023-12-10 16:08:34,342 INFO [default] training finished
2023-12-10 16:08:34,342 INFO [default] obj = -3854.97
2023-12-10 16:08:34,342 INFO [default] rho = 0.163583
2023-12-10 16:08:34,342 INFO [default] #sv = 7994
2023-12-10 16:08:34,794 INFO [default] working set size = 1024
2023-12-10 16:08:34,795 INFO [default] training start
2023-12-10 16:08:34,858 INFO [default] global iter = 0, total local iter = 557, diff = 2
2023-12-10 16:08:36,451 INFO [default] global iter = 45, total local iter = 18481, diff = 0.000992454
2023-12-10 16:08:36,451 INFO [default] training finished
2023-12-10 16:08:36,451 INFO [default] obj = -3894.74
2023-12-10 16:08:36,451 INFO [default] rho = 0.188609
2023-12-10 16:08:36,452 INFO [default] #sv = 8123
2023-12-10 16:08:36,934 INFO [default] working set size = 1024
2023-12-10 16:08:36,935 INFO [default] training start
2023-12-10 16:08:37,009 INFO [default] global iter = 0, total local iter = 549, diff = 2
2023-12-10 16:08:39,496 INFO [default] global iter = 60, total local iter = 22566, diff = 0.000999187
2023-12-10 16:08:39,496 INFO [default] training finished
2023-12-10 16:08:39,496 INFO [default] obj = -4346.48
2023-12-10 16:08:39,496 INFO [default] rho = 0.435358
2023-12-10 16:08:39,497 INFO [default] #sv = 10112
2023-12-10 16:08:39,782 INFO [default] working set size = 1024
2023-12-10 16:08:39,783 INFO [default] training start
2023-12-10 16:08:39,835 INFO [default] global iter = 0, total local iter = 576, diff = 2
2023-12-10 16:08:41,099 INFO [default] global iter = 38, total local iter = 16223, diff = 0.000998842
2023-12-10 16:08:41,099 INFO [default] training finished
2023-12-10 16:08:41,099 INFO [default] obj = -2868.34
2023-12-10 16:08:41,099 INFO [default] rho = -0.27874
2023-12-10 16:08:41,100 INFO [default] #sv = 6452
2023-12-10 16:08:41,320 INFO [default] working set size = 1024
2023-12-10 16:08:41,321 INFO [default] training start
2023-12-10 16:08:41,365 INFO [default] global iter = 0, total local iter = 894, diff = 2
2023-12-10 16:08:41,972 INFO [default] global iter = 25, total local iter = 12493, diff = 0.000999463
2023-12-10 16:08:41,972 INFO [default] training finished
2023-12-10 16:08:41,972 INFO [default] obj = -516.704
2023-12-10 16:08:41,973 INFO [default] rho = -0.893487
2023-12-10 16:08:41,973 INFO [default] #sv = 3987
2023-12-10 16:08:42,432 INFO [default] working set size = 1024
2023-12-10 16:08:42,433 INFO [default] training start
2023-12-10 16:08:42,498 INFO [default] global iter = 0, total local iter = 540, diff = 2
2023-12-10 16:08:44,105 INFO [default] global iter = 43, total local iter = 17263, diff = 0.000999154
2023-12-10 16:08:44,105 INFO [default] training finished
2023-12-10 16:08:44,105 INFO [default] obj = -4330.07
2023-12-10 16:08:44,106 INFO [default] rho = 0.0309217
2023-12-10 16:08:44,107 INFO [default] #sv = 8765
2023-12-10 16:08:44,647 INFO [default] working set size = 1024
2023-12-10 16:08:44,648 INFO [default] training start
2023-12-10 16:08:44,727 INFO [default] global iter = 0, total local iter = 533, diff = 2
2023-12-10 16:08:47,577 INFO [default] global iter = 67, total local iter = 24535, diff = 0.000996395
2023-12-10 16:08:47,577 INFO [default] training finished
2023-12-10 16:08:47,577 INFO [default] obj = -4972.4
2023-12-10 16:08:47,578 INFO [default] rho = 0.329321
2023-12-10 16:08:47,578 INFO [default] #sv = 10753
2023-12-10 16:08:47,885 INFO [default] working set size = 1024
2023-12-10 16:08:47,886 INFO [default] training start
2023-12-10 16:08:47,942 INFO [default] global iter = 0, total local iter = 585, diff = 2
2023-12-10 16:08:49,292 INFO [default] global iter = 42, total local iter = 17015, diff = 0.000985438
2023-12-10 16:08:49,292 INFO [default] training finished
2023-12-10 16:08:49,292 INFO [default] obj = -3015.04
2023-12-10 16:08:49,293 INFO [default] rho = -0.390623
2023-12-10 16:08:49,295 INFO [default] #sv = 7119
2023-12-10 16:08:49,526 INFO [default] working set size = 1024
2023-12-10 16:08:49,527 INFO [default] training start
2023-12-10 16:08:49,574 INFO [default] global iter = 0, total local iter = 900, diff = 2
2023-12-10 16:08:50,427 INFO [default] global iter = 31, total local iter = 15452, diff = 0.000997006
2023-12-10 16:08:50,427 INFO [default] training finished
2023-12-10 16:08:50,427 INFO [default] obj = -518.08
2023-12-10 16:08:50,428 INFO [default] rho = -0.911166
2023-12-10 16:08:50,428 INFO [default] #sv = 4677
2023-12-10 16:08:50,942 INFO [default] working set size = 1024
2023-12-10 16:08:50,948 INFO [default] training start
2023-12-10 16:08:51,028 INFO [default] global iter = 0, total local iter = 529, diff = 2
2023-12-10 16:08:53,872 INFO [default] global iter = 67, total local iter = 23841, diff = 0.000999864
2023-12-10 16:08:53,872 INFO [default] training finished
2023-12-10 16:08:53,872 INFO [default] obj = -5084.76
2023-12-10 16:08:53,872 INFO [default] rho = 0.307848
2023-12-10 16:08:53,873 INFO [default] #sv = 10883
2023-12-10 16:08:54,308 INFO [default] working set size = 1024
2023-12-10 16:08:54,321 INFO [default] training start
2023-12-10 16:08:54,381 INFO [default] global iter = 0, total local iter = 587, diff = 2
2023-12-10 16:08:55,754 INFO [default] global iter = 42, total local iter = 17414, diff = 0.000998963
2023-12-10 16:08:55,754 INFO [default] training finished
2023-12-10 16:08:55,754 INFO [default] obj = -3040.75
2023-12-10 16:08:55,754 INFO [default] rho = -0.408272
2023-12-10 16:08:55,755 INFO [default] #sv = 7263
2023-12-10 16:08:56,003 INFO [default] working set size = 1024
2023-12-10 16:08:56,005 INFO [default] training start
2023-12-10 16:08:56,053 INFO [default] global iter = 0, total local iter = 890, diff = 2
2023-12-10 16:08:56,904 INFO [default] global iter = 32, total local iter = 15634, diff = 0.000999708
2023-12-10 16:08:56,904 INFO [default] training finished
2023-12-10 16:08:56,904 INFO [default] obj = -518.607
2023-12-10 16:08:56,905 INFO [default] rho = -0.913926
2023-12-10 16:08:56,905 INFO [default] #sv = 4819
2023-12-10 16:08:57,445 INFO [default] working set size = 1024
2023-12-10 16:08:57,456 INFO [default] training start
2023-12-10 16:08:57,526 INFO [default] global iter = 0, total local iter = 579, diff = 2
2023-12-10 16:08:59,870 INFO [default] global iter = 61, total local iter = 23093, diff = 0.000999634
2023-12-10 16:08:59,870 INFO [default] training finished
2023-12-10 16:08:59,870 INFO [default] obj = -3288.44
2023-12-10 16:08:59,871 INFO [default] rho = -0.582738
2023-12-10 16:08:59,871 INFO [default] #sv = 9253
2023-12-10 16:09:00,171 INFO [default] working set size = 1024
2023-12-10 16:09:00,172 INFO [default] training start
2023-12-10 16:09:00,233 INFO [default] global iter = 0, total local iter = 895, diff = 2
2023-12-10 16:09:01,578 INFO [default] global iter = 43, total local iter = 18662, diff = 0.000999977
2023-12-10 16:09:01,578 INFO [default] training finished
2023-12-10 16:09:01,578 INFO [default] obj = -523.683
2023-12-10 16:09:01,579 INFO [default] rho = -0.940515
2023-12-10 16:09:01,579 INFO [default] #sv = 6801
2023-12-10 16:09:01,726 INFO [default] working set size = 1024
2023-12-10 16:09:01,727 INFO [default] training start
2023-12-10 16:09:01,766 INFO [default] global iter = 0, total local iter = 905, diff = 2
2023-12-10 16:09:02,183 INFO [default] global iter = 18, total local iter = 10384, diff = 0.000993222
2023-12-10 16:09:02,183 INFO [default] training finished
2023-12-10 16:09:02,183 INFO [default] obj = -505.974
2023-12-10 16:09:02,184 INFO [default] rho = -0.847761
2023-12-10 16:09:02,184 INFO [default] #sv = 2993
2023-12-10 16:09:02,636 INFO [default] #total unique sv = 25829
2023-12-10 16:09:06,295 INFO [default] #classes = 7
2023-12-10 16:09:06,704 INFO [default] working set size = 1024
2023-12-10 16:09:06,704 INFO [default] training start
2023-12-10 16:09:06,763 INFO [default] global iter = 0, total local iter = 538, diff = 2
2023-12-10 16:09:07,825 INFO [default] global iter = 32, total local iter = 13427, diff = 0.000998912
2023-12-10 16:09:07,825 INFO [default] training finished
2023-12-10 16:09:07,825 INFO [default] obj = -3510.21
2023-12-10 16:09:07,825 INFO [default] rho = 0.0244721
2023-12-10 16:09:07,825 INFO [default] #sv = 7169
2023-12-10 16:09:08,260 INFO [default] working set size = 1024
2023-12-10 16:09:08,261 INFO [default] training start
2023-12-10 16:09:08,324 INFO [default] global iter = 0, total local iter = 533, diff = 2
2023-12-10 16:09:10,031 INFO [default] global iter = 46, total local iter = 20453, diff = 0.000999997
2023-12-10 16:09:10,031 INFO [default] training finished
2023-12-10 16:09:10,031 INFO [default] obj = -3797.76
2023-12-10 16:09:10,033 INFO [default] rho = 0.186696
2023-12-10 16:09:10,033 INFO [default] #sv = 7855
2023-12-10 16:09:10,490 INFO [default] working set size = 1024
2023-12-10 16:09:10,491 INFO [default] training start
2023-12-10 16:09:10,547 INFO [default] global iter = 0, total local iter = 533, diff = 2
2023-12-10 16:09:11,998 INFO [default] global iter = 45, total local iter = 19766, diff = 0.000999601
2023-12-10 16:09:11,998 INFO [default] training finished
2023-12-10 16:09:11,998 INFO [default] obj = -3834.06
2023-12-10 16:09:11,999 INFO [default] rho = 0.210351
2023-12-10 16:09:11,999 INFO [default] #sv = 7994
2023-12-10 16:09:12,479 INFO [default] working set size = 1024
2023-12-10 16:09:12,479 INFO [default] training start
2023-12-10 16:09:12,546 INFO [default] global iter = 0, total local iter = 529, diff = 2
2023-12-10 16:09:14,779 INFO [default] global iter = 62, total local iter = 23745, diff = 0.000999981
2023-12-10 16:09:14,779 INFO [default] training finished
2023-12-10 16:09:14,779 INFO [default] obj = -4262.12
2023-12-10 16:09:14,779 INFO [default] rho = 0.45255
2023-12-10 16:09:14,780 INFO [default] #sv = 9956
2023-12-10 16:09:15,053 INFO [default] working set size = 1024
2023-12-10 16:09:15,054 INFO [default] training start
2023-12-10 16:09:15,102 INFO [default] global iter = 0, total local iter = 585, diff = 2
2023-12-10 16:09:16,119 INFO [default] global iter = 37, total local iter = 16635, diff = 0.000994509
2023-12-10 16:09:16,119 INFO [default] training finished
2023-12-10 16:09:16,119 INFO [default] obj = -2837.24
2023-12-10 16:09:16,120 INFO [default] rho = -0.262231
2023-12-10 16:09:16,120 INFO [default] #sv = 6337
2023-12-10 16:09:16,344 INFO [default] working set size = 1024
2023-12-10 16:09:16,345 INFO [default] training start
2023-12-10 16:09:16,385 INFO [default] global iter = 0, total local iter = 907, diff = 2
2023-12-10 16:09:17,015 INFO [default] global iter = 24, total local iter = 13593, diff = 0.000999264
2023-12-10 16:09:17,015 INFO [default] training finished
2023-12-10 16:09:17,015 INFO [default] obj = -517.574
2023-12-10 16:09:17,015 INFO [default] rho = -0.890451
2023-12-10 16:09:17,016 INFO [default] #sv = 3899
2023-12-10 16:09:17,430 INFO [default] working set size = 1024
2023-12-10 16:09:17,430 INFO [default] training start
2023-12-10 16:09:17,485 INFO [default] global iter = 0, total local iter = 546, diff = 2
2023-12-10 16:09:18,900 INFO [default] global iter = 45, total local iter = 19079, diff = 0.000998962
2023-12-10 16:09:18,900 INFO [default] training finished
2023-12-10 16:09:18,900 INFO [default] obj = -3861.39
2023-12-10 16:09:18,901 INFO [default] rho = 0.163938
2023-12-10 16:09:18,901 INFO [default] #sv = 7992
2023-12-10 16:09:19,334 INFO [default] working set size = 1024
2023-12-10 16:09:19,335 INFO [default] training start
2023-12-10 16:09:19,391 INFO [default] global iter = 0, total local iter = 557, diff = 2
2023-12-10 16:09:20,796 INFO [default] global iter = 45, total local iter = 18397, diff = 0.000995479
2023-12-10 16:09:20,796 INFO [default] training finished
2023-12-10 16:09:20,796 INFO [default] obj = -3898.56
2023-12-10 16:09:20,796 INFO [default] rho = 0.188158
2023-12-10 16:09:20,796 INFO [default] #sv = 8120
2023-12-10 16:09:21,275 INFO [default] working set size = 1024
2023-12-10 16:09:21,275 INFO [default] training start
2023-12-10 16:09:21,342 INFO [default] global iter = 0, total local iter = 549, diff = 2
2023-12-10 16:09:23,632 INFO [default] global iter = 61, total local iter = 22877, diff = 0.000999831
2023-12-10 16:09:23,632 INFO [default] training finished
2023-12-10 16:09:23,632 INFO [default] obj = -4350.79
2023-12-10 16:09:23,632 INFO [default] rho = 0.434928
2023-12-10 16:09:23,633 INFO [default] #sv = 10114
2023-12-10 16:09:23,925 INFO [default] working set size = 1024
2023-12-10 16:09:23,926 INFO [default] training start
2023-12-10 16:09:23,976 INFO [default] global iter = 0, total local iter = 576, diff = 2
2023-12-10 16:09:25,034 INFO [default] global iter = 38, total local iter = 16505, diff = 0.000996028
2023-12-10 16:09:25,035 INFO [default] training finished
2023-12-10 16:09:25,035 INFO [default] obj = -2873.66
2023-12-10 16:09:25,036 INFO [default] rho = -0.279491
2023-12-10 16:09:25,036 INFO [default] #sv = 6461
2023-12-10 16:09:25,272 INFO [default] working set size = 1024
2023-12-10 16:09:25,272 INFO [default] training start
2023-12-10 16:09:25,312 INFO [default] global iter = 0, total local iter = 907, diff = 2
2023-12-10 16:09:25,829 INFO [default] global iter = 24, total local iter = 12178, diff = 0.000998788
2023-12-10 16:09:25,829 INFO [default] training finished
2023-12-10 16:09:25,829 INFO [default] obj = -519.7
2023-12-10 16:09:25,829 INFO [default] rho = -0.893441
2023-12-10 16:09:25,830 INFO [default] #sv = 3989
2023-12-10 16:09:26,237 INFO [default] working set size = 1024
2023-12-10 16:09:26,239 INFO [default] training start
2023-12-10 16:09:26,298 INFO [default] global iter = 0, total local iter = 540, diff = 2
2023-12-10 16:09:27,697 INFO [default] global iter = 42, total local iter = 16863, diff = 0.000991773
2023-12-10 16:09:27,697 INFO [default] training finished
2023-12-10 16:09:27,697 INFO [default] obj = -4332.87
2023-12-10 16:09:27,697 INFO [default] rho = 0.0294971
2023-12-10 16:09:27,697 INFO [default] #sv = 8764
2023-12-10 16:09:28,216 INFO [default] working set size = 1024
2023-12-10 16:09:28,217 INFO [default] training start
2023-12-10 16:09:28,308 INFO [default] global iter = 0, total local iter = 533, diff = 2
2023-12-10 16:09:31,618 INFO [default] global iter = 67, total local iter = 24929, diff = 0.000999895
2023-12-10 16:09:31,618 INFO [default] training finished
2023-12-10 16:09:31,618 INFO [default] obj = -4978.57
2023-12-10 16:09:31,619 INFO [default] rho = 0.328798
2023-12-10 16:09:31,620 INFO [default] #sv = 10757
2023-12-10 16:09:31,948 INFO [default] working set size = 1024
2023-12-10 16:09:31,949 INFO [default] training start
2023-12-10 16:09:32,016 INFO [default] global iter = 0, total local iter = 585, diff = 2
2023-12-10 16:09:33,409 INFO [default] global iter = 37, total local iter = 15473, diff = 0.000998305
2023-12-10 16:09:33,409 INFO [default] training finished
2023-12-10 16:09:33,409 INFO [default] obj = -3017.43
2023-12-10 16:09:33,410 INFO [default] rho = -0.391311
2023-12-10 16:09:33,410 INFO [default] #sv = 7120
2023-12-10 16:09:33,648 INFO [default] working set size = 1024
2023-12-10 16:09:33,649 INFO [default] training start
2023-12-10 16:09:33,707 INFO [default] global iter = 0, total local iter = 912, diff = 2
2023-12-10 16:09:34,663 INFO [default] global iter = 31, total local iter = 15384, diff = 0.000998378
2023-12-10 16:09:34,663 INFO [default] training finished
2023-12-10 16:09:34,663 INFO [default] obj = -521.505
2023-12-10 16:09:34,663 INFO [default] rho = -0.910946
2023-12-10 16:09:34,664 INFO [default] #sv = 4685
2023-12-10 16:09:35,165 INFO [default] working set size = 1024
2023-12-10 16:09:35,167 INFO [default] training start
2023-12-10 16:09:35,256 INFO [default] global iter = 0, total local iter = 529, diff = 2
2023-12-10 16:09:38,538 INFO [default] global iter = 67, total local iter = 24216, diff = 0.000993701
2023-12-10 16:09:38,539 INFO [default] training finished
2023-12-10 16:09:38,539 INFO [default] obj = -5085.35
2023-12-10 16:09:38,539 INFO [default] rho = 0.308203
2023-12-10 16:09:38,539 INFO [default] #sv = 10890
2023-12-10 16:09:38,977 INFO [default] working set size = 1024
2023-12-10 16:09:38,980 INFO [default] training start
2023-12-10 16:09:39,048 INFO [default] global iter = 0, total local iter = 587, diff = 2
2023-12-10 16:09:40,733 INFO [default] global iter = 44, total local iter = 18489, diff = 0.000998082
2023-12-10 16:09:40,733 INFO [default] training finished
2023-12-10 16:09:40,733 INFO [default] obj = -3040.9
2023-12-10 16:09:40,734 INFO [default] rho = -0.408048
2023-12-10 16:09:40,734 INFO [default] #sv = 7257
2023-12-10 16:09:40,971 INFO [default] working set size = 1024
2023-12-10 16:09:40,972 INFO [default] training start
2023-12-10 16:09:41,029 INFO [default] global iter = 0, total local iter = 903, diff = 2
2023-12-10 16:09:42,075 INFO [default] global iter = 33, total local iter = 15943, diff = 0.000998858
2023-12-10 16:09:42,075 INFO [default] training finished
2023-12-10 16:09:42,075 INFO [default] obj = -522.003
2023-12-10 16:09:42,075 INFO [default] rho = -0.913546
2023-12-10 16:09:42,076 INFO [default] #sv = 4816
2023-12-10 16:09:42,552 INFO [default] working set size = 1024
2023-12-10 16:09:42,561 INFO [default] training start
2023-12-10 16:09:42,624 INFO [default] global iter = 0, total local iter = 579, diff = 2
2023-12-10 16:09:45,486 INFO [default] global iter = 61, total local iter = 23039, diff = 0.000999684
2023-12-10 16:09:45,486 INFO [default] training finished
2023-12-10 16:09:45,486 INFO [default] obj = -3288.79
2023-12-10 16:09:45,486 INFO [default] rho = -0.582703
2023-12-10 16:09:45,487 INFO [default] #sv = 9247
2023-12-10 16:09:45,779 INFO [default] working set size = 1024
2023-12-10 16:09:45,780 INFO [default] training start
2023-12-10 16:09:45,835 INFO [default] global iter = 0, total local iter = 911, diff = 2
2023-12-10 16:09:48,413 INFO [default] global iter = 44, total local iter = 18723, diff = 0.000999532
2023-12-10 16:09:48,413 INFO [default] training finished
2023-12-10 16:09:48,413 INFO [default] obj = -527.127
2023-12-10 16:09:48,413 INFO [default] rho = -0.940264
2023-12-10 16:09:48,414 INFO [default] #sv = 6801
2023-12-10 16:09:48,572 INFO [default] working set size = 1024
2023-12-10 16:09:48,575 INFO [default] training start
2023-12-10 16:09:48,659 INFO [default] global iter = 0, total local iter = 923, diff = 2
2023-12-10 16:09:49,456 INFO [default] global iter = 17, total local iter = 9387, diff = 0.000997601
2023-12-10 16:09:49,456 INFO [default] training finished
2023-12-10 16:09:49,456 INFO [default] obj = -509.922
2023-12-10 16:09:49,456 INFO [default] rho = -0.84755
2023-12-10 16:09:49,457 INFO [default] #sv = 2985
2023-12-10 16:09:49,893 INFO [default] #total unique sv = 25836
2023-12-10 16:09:54,111 INFO [default] #classes = 7
2023-12-10 16:09:54,510 INFO [default] working set size = 1024
2023-12-10 16:09:54,511 INFO [default] training start
2023-12-10 16:09:54,576 INFO [default] global iter = 0, total local iter = 538, diff = 2
2023-12-10 16:09:55,779 INFO [default] global iter = 32, total local iter = 13258, diff = 0.000985009
2023-12-10 16:09:55,779 INFO [default] training finished
2023-12-10 16:09:55,779 INFO [default] obj = -3508.93
2023-12-10 16:09:55,779 INFO [default] rho = 0.0188867
2023-12-10 16:09:55,780 INFO [default] #sv = 7170
2023-12-10 16:09:56,248 INFO [default] working set size = 1024
2023-12-10 16:09:56,249 INFO [default] training start
2023-12-10 16:09:56,310 INFO [default] global iter = 0, total local iter = 533, diff = 2
2023-12-10 16:09:57,879 INFO [default] global iter = 44, total local iter = 19827, diff = 0.00099979
2023-12-10 16:09:57,879 INFO [default] training finished
2023-12-10 16:09:57,879 INFO [default] obj = -3800.96
2023-12-10 16:09:57,879 INFO [default] rho = 0.186291
2023-12-10 16:09:57,879 INFO [default] #sv = 7876
2023-12-10 16:09:58,338 INFO [default] working set size = 1024
2023-12-10 16:09:58,339 INFO [default] training start
2023-12-10 16:09:58,402 INFO [default] global iter = 0, total local iter = 533, diff = 2
2023-12-10 16:10:00,031 INFO [default] global iter = 46, total local iter = 19373, diff = 0.000999257
2023-12-10 16:10:00,031 INFO [default] training finished
2023-12-10 16:10:00,031 INFO [default] obj = -3837.67
2023-12-10 16:10:00,032 INFO [default] rho = 0.209685
2023-12-10 16:10:00,032 INFO [default] #sv = 8001
2023-12-10 16:10:00,517 INFO [default] working set size = 1024
2023-12-10 16:10:00,518 INFO [default] training start
2023-12-10 16:10:00,593 INFO [default] global iter = 0, total local iter = 529, diff = 2
2023-12-10 16:10:03,161 INFO [default] global iter = 62, total local iter = 23679, diff = 0.000999726
2023-12-10 16:10:03,161 INFO [default] training finished
2023-12-10 16:10:03,161 INFO [default] obj = -4267.04
2023-12-10 16:10:03,161 INFO [default] rho = 0.450909
2023-12-10 16:10:03,162 INFO [default] #sv = 9972
2023-12-10 16:10:03,447 INFO [default] working set size = 1024
2023-12-10 16:10:03,447 INFO [default] training start
2023-12-10 16:10:03,502 INFO [default] global iter = 0, total local iter = 585, diff = 2
2023-12-10 16:10:04,588 INFO [default] global iter = 36, total local iter = 16123, diff = 0.000999573
2023-12-10 16:10:04,588 INFO [default] training finished
2023-12-10 16:10:04,589 INFO [default] obj = -2836.45
2023-12-10 16:10:04,589 INFO [default] rho = -0.265071
2023-12-10 16:10:04,590 INFO [default] #sv = 6326
2023-12-10 16:10:04,813 INFO [default] working set size = 1024
2023-12-10 16:10:04,813 INFO [default] training start
2023-12-10 16:10:04,858 INFO [default] global iter = 0, total local iter = 914, diff = 2
2023-12-10 16:10:05,474 INFO [default] global iter = 24, total local iter = 13752, diff = 0.000998867
2023-12-10 16:10:05,474 INFO [default] training finished
2023-12-10 16:10:05,474 INFO [default] obj = -520.106
2023-12-10 16:10:05,475 INFO [default] rho = -0.890448
2023-12-10 16:10:05,475 INFO [default] #sv = 3900
2023-12-10 16:10:05,906 INFO [default] working set size = 1024
2023-12-10 16:10:05,907 INFO [default] training start
2023-12-10 16:10:05,971 INFO [default] global iter = 0, total local iter = 546, diff = 2
2023-12-10 16:10:07,595 INFO [default] global iter = 46, total local iter = 19152, diff = 0.000996292
2023-12-10 16:10:07,595 INFO [default] training finished
2023-12-10 16:10:07,595 INFO [default] obj = -3850.28
2023-12-10 16:10:07,596 INFO [default] rho = 0.167243
2023-12-10 16:10:07,597 INFO [default] #sv = 7991
2023-12-10 16:10:08,050 INFO [default] working set size = 1024
2023-12-10 16:10:08,052 INFO [default] training start
2023-12-10 16:10:08,117 INFO [default] global iter = 0, total local iter = 557, diff = 2
2023-12-10 16:10:09,697 INFO [default] global iter = 45, total local iter = 17860, diff = 0.000997771
2023-12-10 16:10:09,697 INFO [default] training finished
2023-12-10 16:10:09,697 INFO [default] obj = -3889.86
2023-12-10 16:10:09,698 INFO [default] rho = 0.191295
2023-12-10 16:10:09,698 INFO [default] #sv = 8125
2023-12-10 16:10:10,184 INFO [default] working set size = 1024
2023-12-10 16:10:10,185 INFO [default] training start
2023-12-10 16:10:10,259 INFO [default] global iter = 0, total local iter = 549, diff = 2
2023-12-10 16:10:12,698 INFO [default] global iter = 60, total local iter = 22756, diff = 0.00099907
2023-12-10 16:10:12,698 INFO [default] training finished
2023-12-10 16:10:12,698 INFO [default] obj = -4338.48
2023-12-10 16:10:12,698 INFO [default] rho = 0.435938
2023-12-10 16:10:12,698 INFO [default] #sv = 10104
2023-12-10 16:10:12,988 INFO [default] working set size = 1024
2023-12-10 16:10:12,989 INFO [default] training start
2023-12-10 16:10:13,042 INFO [default] global iter = 0, total local iter = 576, diff = 2
2023-12-10 16:10:14,242 INFO [default] global iter = 39, total local iter = 17059, diff = 0.000999551
2023-12-10 16:10:14,242 INFO [default] training finished
2023-12-10 16:10:14,242 INFO [default] obj = -2866.15
2023-12-10 16:10:14,243 INFO [default] rho = -0.278746
2023-12-10 16:10:14,243 INFO [default] #sv = 6443
2023-12-10 16:10:14,483 INFO [default] working set size = 1024
2023-12-10 16:10:14,483 INFO [default] training start
2023-12-10 16:10:14,528 INFO [default] global iter = 0, total local iter = 916, diff = 2
2023-12-10 16:10:15,119 INFO [default] global iter = 24, total local iter = 12753, diff = 0.000998203
2023-12-10 16:10:15,119 INFO [default] training finished
2023-12-10 16:10:15,119 INFO [default] obj = -520.541
2023-12-10 16:10:15,119 INFO [default] rho = -0.892717
2023-12-10 16:10:15,120 INFO [default] #sv = 3977
2023-12-10 16:10:15,597 INFO [default] working set size = 1024
2023-12-10 16:10:15,599 INFO [default] training start
2023-12-10 16:10:15,665 INFO [default] global iter = 0, total local iter = 540, diff = 2
2023-12-10 16:10:17,194 INFO [default] global iter = 42, total local iter = 16617, diff = 0.00099801
2023-12-10 16:10:17,194 INFO [default] training finished
2023-12-10 16:10:17,194 INFO [default] obj = -4337.89
2023-12-10 16:10:17,195 INFO [default] rho = 0.0292615
2023-12-10 16:10:17,195 INFO [default] #sv = 8768
2023-12-10 16:10:17,752 INFO [default] working set size = 1024
2023-12-10 16:10:17,753 INFO [default] training start
2023-12-10 16:10:17,831 INFO [default] global iter = 0, total local iter = 533, diff = 2
2023-12-10 16:10:20,676 INFO [default] global iter = 67, total local iter = 25599, diff = 0.000998975
2023-12-10 16:10:20,676 INFO [default] training finished
2023-12-10 16:10:20,676 INFO [default] obj = -4980.77
2023-12-10 16:10:20,676 INFO [default] rho = 0.327631
2023-12-10 16:10:20,677 INFO [default] #sv = 10759
2023-12-10 16:10:21,008 INFO [default] working set size = 1024
2023-12-10 16:10:21,009 INFO [default] training start
2023-12-10 16:10:21,067 INFO [default] global iter = 0, total local iter = 585, diff = 2
2023-12-10 16:10:22,361 INFO [default] global iter = 40, total local iter = 16827, diff = 0.00099984
2023-12-10 16:10:22,361 INFO [default] training finished
2023-12-10 16:10:22,361 INFO [default] obj = -3014.78
2023-12-10 16:10:22,362 INFO [default] rho = -0.393209
2023-12-10 16:10:22,362 INFO [default] #sv = 7124
2023-12-10 16:10:22,597 INFO [default] working set size = 1024
2023-12-10 16:10:22,598 INFO [default] training start
2023-12-10 16:10:22,647 INFO [default] global iter = 0, total local iter = 920, diff = 2
2023-12-10 16:10:23,463 INFO [default] global iter = 31, total local iter = 15690, diff = 0.000991045
2023-12-10 16:10:23,463 INFO [default] training finished
2023-12-10 16:10:23,463 INFO [default] obj = -524.03
2023-12-10 16:10:23,464 INFO [default] rho = -0.9109
2023-12-10 16:10:23,464 INFO [default] #sv = 4689
2023-12-10 16:10:23,954 INFO [default] working set size = 1024
2023-12-10 16:10:23,955 INFO [default] training start
2023-12-10 16:10:24,032 INFO [default] global iter = 0, total local iter = 529, diff = 2
2023-12-10 16:10:26,897 INFO [default] global iter = 68, total local iter = 24302, diff = 0.000998946
2023-12-10 16:10:26,897 INFO [default] training finished
2023-12-10 16:10:26,897 INFO [default] obj = -5086.26
2023-12-10 16:10:26,897 INFO [default] rho = 0.30713
2023-12-10 16:10:26,897 INFO [default] #sv = 10876
2023-12-10 16:10:27,312 INFO [default] working set size = 1024
2023-12-10 16:10:27,313 INFO [default] training start
2023-12-10 16:10:27,372 INFO [default] global iter = 0, total local iter = 587, diff = 2
2023-12-10 16:10:28,822 INFO [default] global iter = 44, total local iter = 18499, diff = 0.000999979
2023-12-10 16:10:28,822 INFO [default] training finished
2023-12-10 16:10:28,822 INFO [default] obj = -3037.24
2023-12-10 16:10:28,822 INFO [default] rho = -0.409807
2023-12-10 16:10:28,822 INFO [default] #sv = 7253
2023-12-10 16:10:29,065 INFO [default] working set size = 1024
2023-12-10 16:10:29,066 INFO [default] training start
2023-12-10 16:10:29,114 INFO [default] global iter = 0, total local iter = 911, diff = 2
2023-12-10 16:10:29,983 INFO [default] global iter = 33, total local iter = 15832, diff = 0.000999868
2023-12-10 16:10:29,983 INFO [default] training finished
2023-12-10 16:10:29,983 INFO [default] obj = -524.533
2023-12-10 16:10:29,983 INFO [default] rho = -0.913518
2023-12-10 16:10:29,984 INFO [default] #sv = 4831
2023-12-10 16:10:30,469 INFO [default] working set size = 1024
2023-12-10 16:10:30,470 INFO [default] training start
2023-12-10 16:10:30,539 INFO [default] global iter = 0, total local iter = 579, diff = 2
2023-12-10 16:10:32,928 INFO [default] global iter = 63, total local iter = 23903, diff = 0.000999807
2023-12-10 16:10:32,928 INFO [default] training finished
2023-12-10 16:10:32,928 INFO [default] obj = -3283.69
2023-12-10 16:10:32,928 INFO [default] rho = -0.583308
2023-12-10 16:10:32,929 INFO [default] #sv = 9270
2023-12-10 16:10:33,229 INFO [default] working set size = 1024
2023-12-10 16:10:33,230 INFO [default] training start
2023-12-10 16:10:33,292 INFO [default] global iter = 0, total local iter = 919, diff = 2
2023-12-10 16:10:34,669 INFO [default] global iter = 43, total local iter = 18756, diff = 0.000998062
2023-12-10 16:10:34,669 INFO [default] training finished
2023-12-10 16:10:34,669 INFO [default] obj = -529.642
2023-12-10 16:10:34,669 INFO [default] rho = -0.940142
2023-12-10 16:10:34,669 INFO [default] #sv = 6792
2023-12-10 16:10:34,820 INFO [default] working set size = 1024
2023-12-10 16:10:34,821 INFO [default] training start
2023-12-10 16:10:34,861 INFO [default] global iter = 0, total local iter = 929, diff = 2
2023-12-10 16:10:35,310 INFO [default] global iter = 17, total local iter = 9601, diff = 0.000998192
2023-12-10 16:10:35,310 INFO [default] training finished
2023-12-10 16:10:35,310 INFO [default] obj = -512.357
2023-12-10 16:10:35,312 INFO [default] rho = -0.847068
2023-12-10 16:10:35,312 INFO [default] #sv = 2979
2023-12-10 16:10:35,744 INFO [default] #total unique sv = 25836
2023-12-10 16:10:39,435 INFO [default] #classes = 7
2023-12-10 16:10:39,822 INFO [default] working set size = 1024
2023-12-10 16:10:39,823 INFO [default] training start
2023-12-10 16:10:39,881 INFO [default] global iter = 0, total local iter = 533, diff = 2
2023-12-10 16:10:40,917 INFO [default] global iter = 31, total local iter = 13198, diff = 0.000997094
2023-12-10 16:10:40,917 INFO [default] training finished
2023-12-10 16:10:40,917 INFO [default] obj = -3508.68
2023-12-10 16:10:40,917 INFO [default] rho = 0.0210892
2023-12-10 16:10:40,918 INFO [default] #sv = 7152
2023-12-10 16:10:41,347 INFO [default] working set size = 1024
2023-12-10 16:10:41,356 INFO [default] training start
2023-12-10 16:10:41,420 INFO [default] global iter = 0, total local iter = 532, diff = 2
2023-12-10 16:10:43,165 INFO [default] global iter = 46, total local iter = 19565, diff = 0.000999832
2023-12-10 16:10:43,165 INFO [default] training finished
2023-12-10 16:10:43,165 INFO [default] obj = -3797.55
2023-12-10 16:10:43,166 INFO [default] rho = 0.183185
2023-12-10 16:10:43,166 INFO [default] #sv = 7852
2023-12-10 16:10:43,603 INFO [default] working set size = 1024
2023-12-10 16:10:43,631 INFO [default] training start
2023-12-10 16:10:43,697 INFO [default] global iter = 0, total local iter = 527, diff = 2
2023-12-10 16:10:45,338 INFO [default] global iter = 46, total local iter = 19304, diff = 0.00099699
2023-12-10 16:10:45,338 INFO [default] training finished
2023-12-10 16:10:45,338 INFO [default] obj = -3836.47
2023-12-10 16:10:45,339 INFO [default] rho = 0.208463
2023-12-10 16:10:45,339 INFO [default] #sv = 8002
2023-12-10 16:10:45,828 INFO [default] working set size = 1024
2023-12-10 16:10:45,829 INFO [default] training start
2023-12-10 16:10:45,904 INFO [default] global iter = 0, total local iter = 527, diff = 2
2023-12-10 16:10:48,509 INFO [default] global iter = 63, total local iter = 23623, diff = 0.000999999
2023-12-10 16:10:48,509 INFO [default] training finished
2023-12-10 16:10:48,509 INFO [default] obj = -4266.62
2023-12-10 16:10:48,509 INFO [default] rho = 0.451626
2023-12-10 16:10:48,509 INFO [default] #sv = 9978
2023-12-10 16:10:48,794 INFO [default] working set size = 1024
2023-12-10 16:10:48,795 INFO [default] training start
2023-12-10 16:10:48,849 INFO [default] global iter = 0, total local iter = 585, diff = 2
2023-12-10 16:10:49,941 INFO [default] global iter = 36, total local iter = 16121, diff = 0.000999413
2023-12-10 16:10:49,941 INFO [default] training finished
2023-12-10 16:10:49,941 INFO [default] obj = -2842.49
2023-12-10 16:10:49,942 INFO [default] rho = -0.262609
2023-12-10 16:10:49,942 INFO [default] #sv = 6352
2023-12-10 16:10:50,164 INFO [default] working set size = 1024
2023-12-10 16:10:50,165 INFO [default] training start
2023-12-10 16:10:50,209 INFO [default] global iter = 0, total local iter = 924, diff = 2
2023-12-10 16:10:50,816 INFO [default] global iter = 24, total local iter = 13621, diff = 0.000998994
2023-12-10 16:10:50,816 INFO [default] training finished
2023-12-10 16:10:50,816 INFO [default] obj = -521.56
2023-12-10 16:10:50,816 INFO [default] rho = -0.890074
2023-12-10 16:10:50,817 INFO [default] #sv = 3899
2023-12-10 16:10:51,248 INFO [default] working set size = 1024
2023-12-10 16:10:51,248 INFO [default] training start
2023-12-10 16:10:51,311 INFO [default] global iter = 0, total local iter = 556, diff = 2
2023-12-10 16:10:52,894 INFO [default] global iter = 46, total local iter = 18967, diff = 0.000999371
2023-12-10 16:10:52,894 INFO [default] training finished
2023-12-10 16:10:52,894 INFO [default] obj = -3849.31
2023-12-10 16:10:52,895 INFO [default] rho = 0.162563
2023-12-10 16:10:52,895 INFO [default] #sv = 7981
2023-12-10 16:10:53,339 INFO [default] working set size = 1024
2023-12-10 16:10:53,339 INFO [default] training start
2023-12-10 16:10:53,403 INFO [default] global iter = 0, total local iter = 552, diff = 2
2023-12-10 16:10:55,090 INFO [default] global iter = 46, total local iter = 18878, diff = 0.000972363
2023-12-10 16:10:55,090 INFO [default] training finished
2023-12-10 16:10:55,090 INFO [default] obj = -3892.24
2023-12-10 16:10:55,091 INFO [default] rho = 0.188473
2023-12-10 16:10:55,091 INFO [default] #sv = 8122
2023-12-10 16:10:55,591 INFO [default] working set size = 1024
2023-12-10 16:10:55,592 INFO [default] training start
2023-12-10 16:10:55,667 INFO [default] global iter = 0, total local iter = 551, diff = 2
2023-12-10 16:10:58,188 INFO [default] global iter = 62, total local iter = 23266, diff = 0.000999362
2023-12-10 16:10:58,188 INFO [default] training finished
2023-12-10 16:10:58,188 INFO [default] obj = -4345.22
2023-12-10 16:10:58,189 INFO [default] rho = 0.435379
2023-12-10 16:10:58,189 INFO [default] #sv = 10107
2023-12-10 16:10:58,494 INFO [default] working set size = 1024
2023-12-10 16:10:58,494 INFO [default] training start
2023-12-10 16:10:58,549 INFO [default] global iter = 0, total local iter = 582, diff = 2
2023-12-10 16:10:59,739 INFO [default] global iter = 38, total local iter = 16696, diff = 0.000997408
2023-12-10 16:10:59,739 INFO [default] training finished
2023-12-10 16:10:59,739 INFO [default] obj = -2871.46
2023-12-10 16:10:59,740 INFO [default] rho = -0.27803
2023-12-10 16:10:59,741 INFO [default] #sv = 6455
2023-12-10 16:10:59,984 INFO [default] working set size = 1024
2023-12-10 16:10:59,984 INFO [default] training start
2023-12-10 16:11:00,028 INFO [default] global iter = 0, total local iter = 922, diff = 2
2023-12-10 16:11:00,715 INFO [default] global iter = 25, total local iter = 12701, diff = 0.000997833
2023-12-10 16:11:00,716 INFO [default] training finished
2023-12-10 16:11:00,716 INFO [default] obj = -523.633
2023-12-10 16:11:00,717 INFO [default] rho = -0.892773
2023-12-10 16:11:00,717 INFO [default] #sv = 3989
2023-12-10 16:11:01,283 INFO [default] working set size = 1024
2023-12-10 16:11:01,285 INFO [default] training start
2023-12-10 16:11:01,349 INFO [default] global iter = 0, total local iter = 535, diff = 2
2023-12-10 16:11:02,916 INFO [default] global iter = 43, total local iter = 17212, diff = 0.000994378
2023-12-10 16:11:02,916 INFO [default] training finished
2023-12-10 16:11:02,916 INFO [default] obj = -4325.68
2023-12-10 16:11:02,916 INFO [default] rho = 0.0313151
2023-12-10 16:11:02,916 INFO [default] #sv = 8758
2023-12-10 16:11:03,479 INFO [default] working set size = 1024
2023-12-10 16:11:03,480 INFO [default] training start
2023-12-10 16:11:03,569 INFO [default] global iter = 0, total local iter = 534, diff = 2
2023-12-10 16:11:06,406 INFO [default] global iter = 67, total local iter = 24638, diff = 0.000999272
2023-12-10 16:11:06,406 INFO [default] training finished
2023-12-10 16:11:06,406 INFO [default] obj = -4969.22
2023-12-10 16:11:06,407 INFO [default] rho = 0.329721
2023-12-10 16:11:06,407 INFO [default] #sv = 10761
2023-12-10 16:11:06,738 INFO [default] working set size = 1024
2023-12-10 16:11:06,752 INFO [default] training start
2023-12-10 16:11:06,809 INFO [default] global iter = 0, total local iter = 589, diff = 2
2023-12-10 16:11:08,046 INFO [default] global iter = 38, total local iter = 16073, diff = 0.000998316
2023-12-10 16:11:08,046 INFO [default] training finished
2023-12-10 16:11:08,046 INFO [default] obj = -3018.27
2023-12-10 16:11:08,047 INFO [default] rho = -0.389395
2023-12-10 16:11:08,047 INFO [default] #sv = 7102
2023-12-10 16:11:08,295 INFO [default] working set size = 1024
2023-12-10 16:11:08,295 INFO [default] training start
2023-12-10 16:11:08,341 INFO [default] global iter = 0, total local iter = 927, diff = 2
2023-12-10 16:11:09,176 INFO [default] global iter = 31, total local iter = 15583, diff = 0.000998445
2023-12-10 16:11:09,176 INFO [default] training finished
2023-12-10 16:11:09,177 INFO [default] obj = -525.449
2023-12-10 16:11:09,177 INFO [default] rho = -0.910267
2023-12-10 16:11:09,177 INFO [default] #sv = 4685
2023-12-10 16:11:09,729 INFO [default] working set size = 1024
2023-12-10 16:11:09,730 INFO [default] training start
2023-12-10 16:11:09,809 INFO [default] global iter = 0, total local iter = 521, diff = 2
2023-12-10 16:11:12,598 INFO [default] global iter = 66, total local iter = 23839, diff = 0.00099976
2023-12-10 16:11:12,598 INFO [default] training finished
2023-12-10 16:11:12,598 INFO [default] obj = -5083.71
2023-12-10 16:11:12,598 INFO [default] rho = 0.308214
2023-12-10 16:11:12,599 INFO [default] #sv = 10886
2023-12-10 16:11:13,007 INFO [default] working set size = 1024
2023-12-10 16:11:13,008 INFO [default] training start
2023-12-10 16:11:13,066 INFO [default] global iter = 0, total local iter = 587, diff = 2
2023-12-10 16:11:14,495 INFO [default] global iter = 42, total local iter = 17472, diff = 0.000999852
2023-12-10 16:11:14,495 INFO [default] training finished
2023-12-10 16:11:14,495 INFO [default] obj = -3043.98
2023-12-10 16:11:14,495 INFO [default] rho = -0.407524
2023-12-10 16:11:14,496 INFO [default] #sv = 7255
2023-12-10 16:11:14,759 INFO [default] working set size = 1024
2023-12-10 16:11:14,788 INFO [default] training start
2023-12-10 16:11:14,837 INFO [default] global iter = 0, total local iter = 917, diff = 2
2023-12-10 16:11:15,706 INFO [default] global iter = 32, total local iter = 15569, diff = 0.000999234
2023-12-10 16:11:15,706 INFO [default] training finished
2023-12-10 16:11:15,706 INFO [default] obj = -526.008
2023-12-10 16:11:15,706 INFO [default] rho = -0.913171
2023-12-10 16:11:15,707 INFO [default] #sv = 4816
2023-12-10 16:11:16,199 INFO [default] working set size = 1024
2023-12-10 16:11:16,200 INFO [default] training start
2023-12-10 16:11:16,269 INFO [default] global iter = 0, total local iter = 579, diff = 2
2023-12-10 16:11:18,540 INFO [default] global iter = 59, total local iter = 23589, diff = 0.000999859
2023-12-10 16:11:18,540 INFO [default] training finished
2023-12-10 16:11:18,540 INFO [default] obj = -3290.28
2023-12-10 16:11:18,541 INFO [default] rho = -0.582752
2023-12-10 16:11:18,541 INFO [default] #sv = 9241
2023-12-10 16:11:18,892 INFO [default] working set size = 1024
2023-12-10 16:11:18,892 INFO [default] training start
2023-12-10 16:11:18,954 INFO [default] global iter = 0, total local iter = 925, diff = 2
2023-12-10 16:11:20,307 INFO [default] global iter = 43, total local iter = 18989, diff = 0.000999584
2023-12-10 16:11:20,307 INFO [default] training finished
2023-12-10 16:11:20,307 INFO [default] obj = -531.177
2023-12-10 16:11:20,307 INFO [default] rho = -0.940018
2023-12-10 16:11:20,308 INFO [default] #sv = 6807
2023-12-10 16:11:20,479 INFO [default] working set size = 1024
2023-12-10 16:11:20,480 INFO [default] training start
2023-12-10 16:11:20,519 INFO [default] global iter = 0, total local iter = 937, diff = 2
2023-12-10 16:11:20,906 INFO [default] global iter = 17, total local iter = 9659, diff = 0.000995433
2023-12-10 16:11:20,906 INFO [default] training finished
2023-12-10 16:11:20,906 INFO [default] obj = -513.877
2023-12-10 16:11:20,907 INFO [default] rho = -0.847176
2023-12-10 16:11:20,907 INFO [default] #sv = 2994
2023-12-10 16:11:21,378 INFO [default] #total unique sv = 25825
Line search fails in two-class probability estimates
Line search fails in two-class probability estimates
Line search fails in two-class probability estimates
Line search fails in two-class probability estimates
Line search fails in two-class probability estimates
Line search fails in two-class probability estimates
Line search fails in two-class probability estimates
Line search fails in two-class probability estimates
2023-12-10 16:11:24,730 INFO [default] training finished
training is done.
2023-12-10 16:11:26,577 INFO [default] #instances = 3589, #features = 2304
2023-12-10 16:11:28,700 INFO [default] predict with probability
0.3089997213708554
2023-12-10 16:11:29,435 INFO [default] #instances = 3589, #features = 2304
2023-12-10 16:11:31,808 INFO [default] predict with probability
(3589,)
2023-12-10 16:11:32,554 INFO [default] #instances = 3589, #features = 2304
2023-12-10 16:11:34,661 INFO [default] predict with probability
[3. 3. 3. 3. 3. 3. 3. 3. 3. 3. 3. 3. 3. 3. 3. 3. 5. 3. 3. 3. 3. 3. 3. 3.
 3. 3. 3. 3. 3. 3. 3. 3. 3. 3. 3. 3. 3. 2. 3. 3. 3. 4. 3. 3. 3. 3. 5. 3.
 3. 3. 3. 3. 5. 3. 3. 3. 3. 3. 3. 3. 3. 3. 3. 3. 5. 3. 3. 3. 3. 3. 3. 3.
 3. 3. 3. 3. 3. 3. 3. 3. 3. 3. 0. 3. 3. 3. 3. 3. 3. 3. 6. 3. 3. 3. 3. 3.
 3. 3. 3. 3.]
