2023-12-03 11:39:38,770 INFO [default] #instances = 32298, #features = 900
2023-12-03 11:39:38,910 INFO [default] #classes = 7
2023-12-03 11:39:39,296 INFO [default] working set size = 1024
2023-12-03 11:39:39,297 INFO [default] training start
2023-12-03 11:39:39,618 INFO [default] global iter = 0, total local iter = 2686, diff = 2
2023-12-03 11:39:41,927 INFO [default] global iter = 38, total local iter = 138136, diff = 0.000988001
2023-12-03 11:39:41,927 INFO [default] training finished
2023-12-03 11:39:41,927 INFO [default] obj = -6042.48
2023-12-03 11:39:41,928 INFO [default] rho = 1.21741
2023-12-03 11:39:41,928 INFO [default] #sv = 6516
2023-12-03 11:39:42,111 INFO [default] working set size = 1024
2023-12-03 11:39:42,112 INFO [default] training start
2023-12-03 11:39:42,173 INFO [default] global iter = 0, total local iter = 2827, diff = 2
2023-12-03 11:39:44,586 INFO [default] global iter = 42, total local iter = 144210, diff = 0.000982544
2023-12-03 11:39:44,586 INFO [default] training finished
2023-12-03 11:39:44,586 INFO [default] obj = -6735.94
2023-12-03 11:39:44,586 INFO [default] rho = 3.71055
2023-12-03 11:39:44,587 INFO [default] #sv = 7224
2023-12-03 11:39:44,777 INFO [default] working set size = 1024
2023-12-03 11:39:44,778 INFO [default] training start
2023-12-03 11:39:44,839 INFO [default] global iter = 0, total local iter = 2615, diff = 2
2023-12-03 11:39:47,301 INFO [default] global iter = 40, total local iter = 143457, diff = 0.000987533
2023-12-03 11:39:47,301 INFO [default] training finished
2023-12-03 11:39:47,301 INFO [default] obj = -6232.5
2023-12-03 11:39:47,302 INFO [default] rho = -0.83706
2023-12-03 11:39:47,302 INFO [default] #sv = 6707
2023-12-03 11:39:47,537 INFO [default] working set size = 1024
2023-12-03 11:39:47,538 INFO [default] training start
2023-12-03 11:39:47,596 INFO [default] global iter = 0, total local iter = 2154, diff = 2
2023-12-03 11:39:50,186 INFO [default] global iter = 40, total local iter = 150902, diff = 0.000987277
2023-12-03 11:39:50,186 INFO [default] training finished
2023-12-03 11:39:50,186 INFO [default] obj = -5511.91
2023-12-03 11:39:50,187 INFO [default] rho = -0.999833
2023-12-03 11:39:50,187 INFO [default] #sv = 5985
2023-12-03 11:39:50,303 INFO [default] working set size = 1024
2023-12-03 11:39:50,304 INFO [default] training start
2023-12-03 11:39:50,349 INFO [default] global iter = 0, total local iter = 1878, diff = 2
2023-12-03 11:39:51,810 INFO [default] global iter = 24, total local iter = 92024, diff = 0.000996669
2023-12-03 11:39:51,810 INFO [default] training finished
2023-12-03 11:39:51,810 INFO [default] obj = -3237.89
2023-12-03 11:39:51,811 INFO [default] rho = -4.4785
2023-12-03 11:39:51,812 INFO [default] #sv = 3716
2023-12-03 11:39:51,899 INFO [default] working set size = 1024
2023-12-03 11:39:51,900 INFO [default] training start
2023-12-03 11:39:51,942 INFO [default] global iter = 0, total local iter = 2043, diff = 2
2023-12-03 11:39:52,436 INFO [default] global iter = 8, total local iter = 36314, diff = 0.000999721
2023-12-03 11:39:52,436 INFO [default] training finished
2023-12-03 11:39:52,436 INFO [default] obj = -866.991
2023-12-03 11:39:52,437 INFO [default] rho = -3.22214
2023-12-03 11:39:52,437 INFO [default] #sv = 1169
2023-12-03 11:39:52,613 INFO [default] working set size = 1024
2023-12-03 11:39:52,614 INFO [default] training start
2023-12-03 11:39:52,678 INFO [default] global iter = 0, total local iter = 2787, diff = 2
2023-12-03 11:39:55,318 INFO [default] global iter = 42, total local iter = 157764, diff = 0.000994648
2023-12-03 11:39:55,318 INFO [default] training finished
2023-12-03 11:39:55,318 INFO [default] obj = -6940.68
2023-12-03 11:39:55,318 INFO [default] rho = 2.68244
2023-12-03 11:39:55,318 INFO [default] #sv = 7419
2023-12-03 11:39:55,518 INFO [default] working set size = 1024
2023-12-03 11:39:55,518 INFO [default] training start
2023-12-03 11:39:55,576 INFO [default] global iter = 0, total local iter = 2424, diff = 2
2023-12-03 11:39:58,038 INFO [default] global iter = 40, total local iter = 146721, diff = 0.000976931
2023-12-03 11:39:58,038 INFO [default] training finished
2023-12-03 11:39:58,038 INFO [default] obj = -6207.32
2023-12-03 11:39:58,039 INFO [default] rho = -0.344324
2023-12-03 11:39:58,040 INFO [default] #sv = 6680
2023-12-03 11:39:58,285 INFO [default] working set size = 1024
2023-12-03 11:39:58,286 INFO [default] training start
2023-12-03 11:39:58,344 INFO [default] global iter = 0, total local iter = 2015, diff = 2
2023-12-03 11:40:00,971 INFO [default] global iter = 40, total local iter = 143176, diff = 0.000962854
2023-12-03 11:40:00,972 INFO [default] training finished
2023-12-03 11:40:00,972 INFO [default] obj = -5512.72
2023-12-03 11:40:00,972 INFO [default] rho = -2.26767
2023-12-03 11:40:00,972 INFO [default] #sv = 5980
2023-12-03 11:40:01,100 INFO [default] working set size = 1024
2023-12-03 11:40:01,102 INFO [default] training start
2023-12-03 11:40:01,189 INFO [default] global iter = 0, total local iter = 2237, diff = 2
2023-12-03 11:40:03,882 INFO [default] global iter = 30, total local iter = 102331, diff = 0.00099591
2023-12-03 11:40:03,882 INFO [default] training finished
2023-12-03 11:40:03,882 INFO [default] obj = -4365.86
2023-12-03 11:40:03,883 INFO [default] rho = -6.2513
2023-12-03 11:40:03,883 INFO [default] #sv = 4843
2023-12-03 11:40:03,976 INFO [default] working set size = 1024
2023-12-03 11:40:03,977 INFO [default] training start
2023-12-03 11:40:04,017 INFO [default] global iter = 0, total local iter = 1926, diff = 2
2023-12-03 11:40:04,636 INFO [default] global iter = 8, total local iter = 29946, diff = 0.000984056
2023-12-03 11:40:04,636 INFO [default] training finished
2023-12-03 11:40:04,636 INFO [default] obj = -839.703
2023-12-03 11:40:04,637 INFO [default] rho = -4.62133
2023-12-03 11:40:04,637 INFO [default] #sv = 1134
2023-12-03 11:40:04,849 INFO [default] working set size = 1024
2023-12-03 11:40:04,853 INFO [default] training start
2023-12-03 11:40:04,974 INFO [default] global iter = 0, total local iter = 2931, diff = 2
2023-12-03 11:40:09,576 INFO [default] global iter = 46, total local iter = 176595, diff = 0.00099434
2023-12-03 11:40:09,576 INFO [default] training finished
2023-12-03 11:40:09,576 INFO [default] obj = -7541.74
2023-12-03 11:40:09,577 INFO [default] rho = -4.76281
2023-12-03 11:40:09,577 INFO [default] #sv = 8028
2023-12-03 11:40:09,849 INFO [default] working set size = 1024
2023-12-03 11:40:09,850 INFO [default] training start
2023-12-03 11:40:09,945 INFO [default] global iter = 0, total local iter = 2193, diff = 2
2023-12-03 11:40:14,709 INFO [default] global iter = 44, total local iter = 166699, diff = 0.000978914
2023-12-03 11:40:14,709 INFO [default] training finished
2023-12-03 11:40:14,709 INFO [default] obj = -6452.61
2023-12-03 11:40:14,710 INFO [default] rho = -5.81418
2023-12-03 11:40:14,710 INFO [default] #sv = 6899
2023-12-03 11:40:14,857 INFO [default] working set size = 1024
2023-12-03 11:40:14,861 INFO [default] training start
2023-12-03 11:40:14,946 INFO [default] global iter = 0, total local iter = 1857, diff = 2
2023-12-03 11:40:17,233 INFO [default] global iter = 24, total local iter = 90600, diff = 0.000998339
2023-12-03 11:40:17,233 INFO [default] training finished
2023-12-03 11:40:17,233 INFO [default] obj = -3136.14
2023-12-03 11:40:17,234 INFO [default] rho = -8.74268
2023-12-03 11:40:17,234 INFO [default] #sv = 3606
2023-12-03 11:40:17,339 INFO [default] working set size = 1024
2023-12-03 11:40:17,343 INFO [default] training start
2023-12-03 11:40:17,393 INFO [default] global iter = 0, total local iter = 1893, diff = 2
2023-12-03 11:40:18,026 INFO [default] global iter = 8, total local iter = 34600, diff = 0.000982296
2023-12-03 11:40:18,026 INFO [default] training finished
2023-12-03 11:40:18,026 INFO [default] obj = -778.311
2023-12-03 11:40:18,026 INFO [default] rho = -6.76141
2023-12-03 11:40:18,027 INFO [default] #sv = 1091
2023-12-03 11:40:18,296 INFO [default] working set size = 1024
2023-12-03 11:40:18,299 INFO [default] training start
2023-12-03 11:40:18,387 INFO [default] global iter = 0, total local iter = 1791, diff = 2
2023-12-03 11:40:22,318 INFO [default] global iter = 41, total local iter = 155420, diff = 0.000998212
2023-12-03 11:40:22,318 INFO [default] training finished
2023-12-03 11:40:22,318 INFO [default] obj = -5867.14
2023-12-03 11:40:22,320 INFO [default] rho = -1.35042
2023-12-03 11:40:22,320 INFO [default] #sv = 6318
2023-12-03 11:40:22,468 INFO [default] working set size = 1024
2023-12-03 11:40:22,469 INFO [default] training start
2023-12-03 11:40:22,542 INFO [default] global iter = 0, total local iter = 1861, diff = 2
2023-12-03 11:40:25,155 INFO [default] global iter = 27, total local iter = 98434, diff = 0.000978434
2023-12-03 11:40:25,155 INFO [default] training finished
2023-12-03 11:40:25,155 INFO [default] obj = -3368.74
2023-12-03 11:40:25,156 INFO [default] rho = -5.51071
2023-12-03 11:40:25,156 INFO [default] #sv = 3831
2023-12-03 11:40:25,262 INFO [default] working set size = 1024
2023-12-03 11:40:25,264 INFO [default] training start
2023-12-03 11:40:25,337 INFO [default] global iter = 0, total local iter = 1757, diff = 2
2023-12-03 11:40:25,939 INFO [default] global iter = 8, total local iter = 25008, diff = 0.000961532
2023-12-03 11:40:25,939 INFO [default] training finished
2023-12-03 11:40:25,939 INFO [default] obj = -701.792
2023-12-03 11:40:25,940 INFO [default] rho = -4.17557
2023-12-03 11:40:25,940 INFO [default] #sv = 990
2023-12-03 11:40:26,165 INFO [default] working set size = 1024
2023-12-03 11:40:26,168 INFO [default] training start
2023-12-03 11:40:26,262 INFO [default] global iter = 0, total local iter = 1446, diff = 2
2023-12-03 11:40:28,815 INFO [default] global iter = 26, total local iter = 94202, diff = 0.000993358
2023-12-03 11:40:28,815 INFO [default] training finished
2023-12-03 11:40:28,815 INFO [default] obj = -3160.94
2023-12-03 11:40:28,816 INFO [default] rho = -4.34566
2023-12-03 11:40:28,816 INFO [default] #sv = 3611
2023-12-03 11:40:28,959 INFO [default] working set size = 1024
2023-12-03 11:40:28,961 INFO [default] training start
2023-12-03 11:40:29,003 INFO [default] global iter = 0, total local iter = 1330, diff = 2
2023-12-03 11:40:29,761 INFO [default] global iter = 8, total local iter = 26073, diff = 0.000994973
2023-12-03 11:40:29,761 INFO [default] training finished
2023-12-03 11:40:29,761 INFO [default] obj = -613.714
2023-12-03 11:40:29,761 INFO [default] rho = -3.44301
2023-12-03 11:40:29,761 INFO [default] #sv = 889
2023-12-03 11:40:29,821 INFO [default] working set size = 1024
2023-12-03 11:40:29,825 INFO [default] training start
2023-12-03 11:40:29,888 INFO [default] global iter = 0, total local iter = 1330, diff = 2
2023-12-03 11:40:30,228 INFO [default] global iter = 7, total local iter = 15031, diff = 0.000996601
2023-12-03 11:40:30,228 INFO [default] training finished
2023-12-03 11:40:30,228 INFO [default] obj = -479.597
2023-12-03 11:40:30,229 INFO [default] rho = -1.50826
2023-12-03 11:40:30,229 INFO [default] #sv = 749
2023-12-03 11:40:30,393 INFO [default] #total unique sv = 27405
2023-12-03 11:40:32,592 INFO [default] performing probability train
2023-12-03 11:40:32,939 INFO [default] #classes = 7
2023-12-03 11:40:33,068 INFO [default] working set size = 1024
2023-12-03 11:40:33,071 INFO [default] training start
2023-12-03 11:40:33,196 INFO [default] global iter = 0, total local iter = 2910, diff = 2
2023-12-03 11:40:35,939 INFO [default] global iter = 29, total local iter = 100397, diff = 0.000994617
2023-12-03 11:40:35,939 INFO [default] training finished
2023-12-03 11:40:35,939 INFO [default] obj = -4756.37
2023-12-03 11:40:35,940 INFO [default] rho = 0.392433
2023-12-03 11:40:35,940 INFO [default] #sv = 5205
2023-12-03 11:40:36,076 INFO [default] working set size = 1024
2023-12-03 11:40:36,081 INFO [default] training start
2023-12-03 11:40:36,197 INFO [default] global iter = 0, total local iter = 2998, diff = 2
2023-12-03 11:40:39,088 INFO [default] global iter = 32, total local iter = 119142, diff = 0.000994941
2023-12-03 11:40:39,088 INFO [default] training finished
2023-12-03 11:40:39,088 INFO [default] obj = -5285.48
2023-12-03 11:40:39,088 INFO [default] rho = 3.81228
2023-12-03 11:40:39,089 INFO [default] #sv = 5751
2023-12-03 11:40:39,228 INFO [default] working set size = 1024
2023-12-03 11:40:39,229 INFO [default] training start
2023-12-03 11:40:39,287 INFO [default] global iter = 0, total local iter = 2747, diff = 2
2023-12-03 11:40:42,143 INFO [default] global iter = 30, total local iter = 114319, diff = 0.000973847
2023-12-03 11:40:42,143 INFO [default] training finished
2023-12-03 11:40:42,143 INFO [default] obj = -4898.68
2023-12-03 11:40:42,144 INFO [default] rho = -0.723
2023-12-03 11:40:42,144 INFO [default] #sv = 5334
2023-12-03 11:40:42,356 INFO [default] working set size = 1024
2023-12-03 11:40:42,357 INFO [default] training start
2023-12-03 11:40:42,448 INFO [default] global iter = 0, total local iter = 2085, diff = 2
2023-12-03 11:40:45,303 INFO [default] global iter = 30, total local iter = 115817, diff = 0.000975242
2023-12-03 11:40:45,303 INFO [default] training finished
2023-12-03 11:40:45,303 INFO [default] obj = -4337.59
2023-12-03 11:40:45,304 INFO [default] rho = -1.00033
2023-12-03 11:40:45,304 INFO [default] #sv = 4776
2023-12-03 11:40:45,432 INFO [default] working set size = 1024
2023-12-03 11:40:45,435 INFO [default] training start
2023-12-03 11:40:45,508 INFO [default] global iter = 0, total local iter = 1962, diff = 2
2023-12-03 11:40:47,053 INFO [default] global iter = 19, total local iter = 68055, diff = 0.000995115
2023-12-03 11:40:47,053 INFO [default] training finished
2023-12-03 11:40:47,053 INFO [default] obj = -2547.02
2023-12-03 11:40:47,055 INFO [default] rho = -5.37079
2023-12-03 11:40:47,055 INFO [default] #sv = 2971
2023-12-03 11:40:47,131 INFO [default] working set size = 1024
2023-12-03 11:40:47,131 INFO [default] training start
2023-12-03 11:40:47,172 INFO [default] global iter = 0, total local iter = 2102, diff = 2
2023-12-03 11:40:47,813 INFO [default] global iter = 7, total local iter = 30292, diff = 0.000982659
2023-12-03 11:40:47,813 INFO [default] training finished
2023-12-03 11:40:47,813 INFO [default] obj = -679.585
2023-12-03 11:40:47,813 INFO [default] rho = -3.15582
2023-12-03 11:40:47,813 INFO [default] #sv = 966
2023-12-03 11:40:47,962 INFO [default] working set size = 1024
2023-12-03 11:40:47,966 INFO [default] training start
2023-12-03 11:40:48,035 INFO [default] global iter = 0, total local iter = 2507, diff = 2
2023-12-03 11:40:50,835 INFO [default] global iter = 33, total local iter = 116678, diff = 0.000994795
2023-12-03 11:40:50,835 INFO [default] training finished
2023-12-03 11:40:50,835 INFO [default] obj = -5437.98
2023-12-03 11:40:50,836 INFO [default] rho = 2.87212
2023-12-03 11:40:50,836 INFO [default] #sv = 5886
2023-12-03 11:40:50,988 INFO [default] working set size = 1024
2023-12-03 11:40:50,991 INFO [default] training start
2023-12-03 11:40:51,114 INFO [default] global iter = 0, total local iter = 2497, diff = 2
2023-12-03 11:40:54,036 INFO [default] global iter = 31, total local iter = 118131, diff = 0.000981992
2023-12-03 11:40:54,036 INFO [default] training finished
2023-12-03 11:40:54,036 INFO [default] obj = -4860.45
2023-12-03 11:40:54,036 INFO [default] rho = 0.161079
2023-12-03 11:40:54,036 INFO [default] #sv = 5333
2023-12-03 11:40:54,287 INFO [default] working set size = 1024
2023-12-03 11:40:54,289 INFO [default] training start
2023-12-03 11:40:54,343 INFO [default] global iter = 0, total local iter = 2074, diff = 2
2023-12-03 11:40:57,393 INFO [default] global iter = 31, total local iter = 118934, diff = 0.000991625
2023-12-03 11:40:57,393 INFO [default] training finished
2023-12-03 11:40:57,393 INFO [default] obj = -4335.86
2023-12-03 11:40:57,394 INFO [default] rho = -2.02134
2023-12-03 11:40:57,394 INFO [default] #sv = 4791
2023-12-03 11:40:57,525 INFO [default] working set size = 1024
2023-12-03 11:40:57,529 INFO [default] training start
2023-12-03 11:40:57,626 INFO [default] global iter = 0, total local iter = 2513, diff = 2
2023-12-03 11:40:59,493 INFO [default] global iter = 23, total local iter = 76450, diff = 0.000980057
2023-12-03 11:40:59,493 INFO [default] training finished
2023-12-03 11:40:59,493 INFO [default] obj = -3417.03
2023-12-03 11:40:59,494 INFO [default] rho = -6.94248
2023-12-03 11:40:59,495 INFO [default] #sv = 3854
2023-12-03 11:40:59,573 INFO [default] working set size = 1024
2023-12-03 11:40:59,576 INFO [default] training start
2023-12-03 11:40:59,641 INFO [default] global iter = 0, total local iter = 1857, diff = 2
2023-12-03 11:41:00,206 INFO [default] global iter = 7, total local iter = 27613, diff = 0.000998413
2023-12-03 11:41:00,206 INFO [default] training finished
2023-12-03 11:41:00,206 INFO [default] obj = -652.351
2023-12-03 11:41:00,207 INFO [default] rho = -5.08483
2023-12-03 11:41:00,207 INFO [default] #sv = 938
2023-12-03 11:41:00,358 INFO [default] working set size = 1024
2023-12-03 11:41:00,361 INFO [default] training start
2023-12-03 11:41:00,471 INFO [default] global iter = 0, total local iter = 2624, diff = 2
2023-12-03 11:41:03,641 INFO [default] global iter = 36, total local iter = 126796, diff = 0.000971384
2023-12-03 11:41:03,641 INFO [default] training finished
2023-12-03 11:41:03,641 INFO [default] obj = -5914.05
2023-12-03 11:41:03,642 INFO [default] rho = -4.59524
2023-12-03 11:41:03,642 INFO [default] #sv = 6371
2023-12-03 11:41:03,879 INFO [default] working set size = 1024
2023-12-03 11:41:03,880 INFO [default] training start
2023-12-03 11:41:03,968 INFO [default] global iter = 0, total local iter = 2298, diff = 2
2023-12-03 11:41:07,474 INFO [default] global iter = 34, total local iter = 138422, diff = 0.000993239
2023-12-03 11:41:07,474 INFO [default] training finished
2023-12-03 11:41:07,474 INFO [default] obj = -5118.51
2023-12-03 11:41:07,475 INFO [default] rho = -5.89822
2023-12-03 11:41:07,475 INFO [default] #sv = 5560
2023-12-03 11:41:07,612 INFO [default] working set size = 1024
2023-12-03 11:41:07,613 INFO [default] training start
2023-12-03 11:41:07,704 INFO [default] global iter = 0, total local iter = 1739, diff = 2
2023-12-03 11:41:09,546 INFO [default] global iter = 19, total local iter = 75382, diff = 0.000998666
2023-12-03 11:41:09,546 INFO [default] training finished
2023-12-03 11:41:09,546 INFO [default] obj = -2470.16
2023-12-03 11:41:09,547 INFO [default] rho = -9.86541
2023-12-03 11:41:09,547 INFO [default] #sv = 2889
2023-12-03 11:41:09,655 INFO [default] working set size = 1024
2023-12-03 11:41:09,656 INFO [default] training start
2023-12-03 11:41:09,694 INFO [default] global iter = 0, total local iter = 1803, diff = 2
2023-12-03 11:41:10,178 INFO [default] global iter = 7, total local iter = 21850, diff = 0.000982448
2023-12-03 11:41:10,178 INFO [default] training finished
2023-12-03 11:41:10,178 INFO [default] obj = -596.179
2023-12-03 11:41:10,179 INFO [default] rho = -7.41819
2023-12-03 11:41:10,179 INFO [default] #sv = 880
2023-12-03 11:41:10,412 INFO [default] working set size = 1024
2023-12-03 11:41:10,413 INFO [default] training start
2023-12-03 11:41:10,471 INFO [default] global iter = 0, total local iter = 2030, diff = 2
2023-12-03 11:41:13,646 INFO [default] global iter = 32, total local iter = 123464, diff = 0.000990687
2023-12-03 11:41:13,646 INFO [default] training finished
2023-12-03 11:41:13,646 INFO [default] obj = -4657.22
2023-12-03 11:41:13,646 INFO [default] rho = -1.25585
2023-12-03 11:41:13,647 INFO [default] #sv = 5083
2023-12-03 11:41:13,792 INFO [default] working set size = 1024
2023-12-03 11:41:13,796 INFO [default] training start
2023-12-03 11:41:13,883 INFO [default] global iter = 0, total local iter = 1866, diff = 2
2023-12-03 11:41:15,712 INFO [default] global iter = 21, total local iter = 71054, diff = 0.000957956
2023-12-03 11:41:15,712 INFO [default] training finished
2023-12-03 11:41:15,712 INFO [default] obj = -2655.18
2023-12-03 11:41:15,713 INFO [default] rho = -6.22206
2023-12-03 11:41:15,713 INFO [default] #sv = 3105
2023-12-03 11:41:15,821 INFO [default] working set size = 1024
2023-12-03 11:41:15,822 INFO [default] training start
2023-12-03 11:41:15,857 INFO [default] global iter = 0, total local iter = 1541, diff = 2
2023-12-03 11:41:16,307 INFO [default] global iter = 7, total local iter = 19064, diff = 0.000993127
2023-12-03 11:41:16,307 INFO [default] training finished
2023-12-03 11:41:16,307 INFO [default] obj = -541.951
2023-12-03 11:41:16,308 INFO [default] rho = -3.6121
2023-12-03 11:41:16,308 INFO [default] #sv = 808
2023-12-03 11:41:16,517 INFO [default] working set size = 1024
2023-12-03 11:41:16,521 INFO [default] training start
2023-12-03 11:41:16,591 INFO [default] global iter = 0, total local iter = 1487, diff = 2
2023-12-03 11:41:18,474 INFO [default] global iter = 20, total local iter = 72775, diff = 0.000966163
2023-12-03 11:41:18,474 INFO [default] training finished
2023-12-03 11:41:18,474 INFO [default] obj = -2509.3
2023-12-03 11:41:18,474 INFO [default] rho = -4.7675
2023-12-03 11:41:18,475 INFO [default] #sv = 2923
2023-12-03 11:41:18,609 INFO [default] working set size = 1024
2023-12-03 11:41:18,609 INFO [default] training start
2023-12-03 11:41:18,645 INFO [default] global iter = 0, total local iter = 1285, diff = 2
2023-12-03 11:41:19,078 INFO [default] global iter = 7, total local iter = 18321, diff = 0.000999411
2023-12-03 11:41:19,078 INFO [default] training finished
2023-12-03 11:41:19,078 INFO [default] obj = -485.312
2023-12-03 11:41:19,078 INFO [default] rho = -3.59694
2023-12-03 11:41:19,079 INFO [default] #sv = 745
2023-12-03 11:41:19,149 INFO [default] working set size = 1024
2023-12-03 11:41:19,150 INFO [default] training start
2023-12-03 11:41:19,179 INFO [default] global iter = 0, total local iter = 1347, diff = 2
2023-12-03 11:41:19,462 INFO [default] global iter = 6, total local iter = 13872, diff = 0.000984181
2023-12-03 11:41:19,462 INFO [default] training finished
2023-12-03 11:41:19,462 INFO [default] obj = -373.91
2023-12-03 11:41:19,463 INFO [default] rho = -2.12116
2023-12-03 11:41:19,463 INFO [default] #sv = 616
2023-12-03 11:41:19,626 INFO [default] #total unique sv = 21962
2023-12-03 11:41:23,426 INFO [default] #classes = 7
2023-12-03 11:41:23,557 INFO [default] working set size = 1024
2023-12-03 11:41:23,558 INFO [default] training start
2023-12-03 11:41:23,614 INFO [default] global iter = 0, total local iter = 2686, diff = 2
2023-12-03 11:41:25,988 INFO [default] global iter = 29, total local iter = 101643, diff = 0.00099475
2023-12-03 11:41:25,988 INFO [default] training finished
2023-12-03 11:41:25,988 INFO [default] obj = -4786.81
2023-12-03 11:41:25,988 INFO [default] rho = 1.05493
2023-12-03 11:41:25,989 INFO [default] #sv = 5235
2023-12-03 11:41:26,130 INFO [default] working set size = 1024
2023-12-03 11:41:26,134 INFO [default] training start
2023-12-03 11:41:26,230 INFO [default] global iter = 0, total local iter = 2827, diff = 2
2023-12-03 11:41:29,373 INFO [default] global iter = 32, total local iter = 127527, diff = 0.000995473
2023-12-03 11:41:29,373 INFO [default] training finished
2023-12-03 11:41:29,373 INFO [default] obj = -5371.1
2023-12-03 11:41:29,373 INFO [default] rho = 3.36304
2023-12-03 11:41:29,374 INFO [default] #sv = 5835
2023-12-03 11:41:29,527 INFO [default] working set size = 1024
2023-12-03 11:41:29,530 INFO [default] training start
2023-12-03 11:41:29,634 INFO [default] global iter = 0, total local iter = 2615, diff = 2
2023-12-03 11:41:32,486 INFO [default] global iter = 31, total local iter = 114581, diff = 0.000975863
2023-12-03 11:41:32,486 INFO [default] training finished
2023-12-03 11:41:32,486 INFO [default] obj = -4948.55
2023-12-03 11:41:32,486 INFO [default] rho = -0.895535
2023-12-03 11:41:32,487 INFO [default] #sv = 5389
2023-12-03 11:41:32,725 INFO [default] working set size = 1024
2023-12-03 11:41:32,726 INFO [default] training start
2023-12-03 11:41:32,782 INFO [default] global iter = 0, total local iter = 2154, diff = 2
2023-12-03 11:41:35,539 INFO [default] global iter = 30, total local iter = 110966, diff = 0.000970249
2023-12-03 11:41:35,539 INFO [default] training finished
2023-12-03 11:41:35,539 INFO [default] obj = -4343.48
2023-12-03 11:41:35,540 INFO [default] rho = -0.999804
2023-12-03 11:41:35,540 INFO [default] #sv = 4776
2023-12-03 11:41:35,677 INFO [default] working set size = 1024
2023-12-03 11:41:35,681 INFO [default] training start
2023-12-03 11:41:35,765 INFO [default] global iter = 0, total local iter = 1878, diff = 2
2023-12-03 11:41:37,144 INFO [default] global iter = 19, total local iter = 62881, diff = 0.000992961
2023-12-03 11:41:37,144 INFO [default] training finished
2023-12-03 11:41:37,144 INFO [default] obj = -2566.79
2023-12-03 11:41:37,146 INFO [default] rho = -4.44535
2023-12-03 11:41:37,146 INFO [default] #sv = 2984
2023-12-03 11:41:37,228 INFO [default] working set size = 1024
2023-12-03 11:41:37,233 INFO [default] training start
2023-12-03 11:41:37,313 INFO [default] global iter = 0, total local iter = 2051, diff = 2
2023-12-03 11:41:37,834 INFO [default] global iter = 7, total local iter = 24505, diff = 0.000996382
2023-12-03 11:41:37,834 INFO [default] training finished
2023-12-03 11:41:37,834 INFO [default] obj = -666.533
2023-12-03 11:41:37,834 INFO [default] rho = -3.71614
2023-12-03 11:41:37,834 INFO [default] #sv = 949
2023-12-03 11:41:37,985 INFO [default] working set size = 1024
2023-12-03 11:41:37,986 INFO [default] training start
2023-12-03 11:41:38,054 INFO [default] global iter = 0, total local iter = 2787, diff = 2
2023-12-03 11:41:40,977 INFO [default] global iter = 32, total local iter = 117401, diff = 0.000996965
2023-12-03 11:41:40,977 INFO [default] training finished
2023-12-03 11:41:40,977 INFO [default] obj = -5500.74
2023-12-03 11:41:40,978 INFO [default] rho = 2.52052
2023-12-03 11:41:40,978 INFO [default] #sv = 5946
2023-12-03 11:41:41,130 INFO [default] working set size = 1024
2023-12-03 11:41:41,130 INFO [default] training start
2023-12-03 11:41:41,187 INFO [default] global iter = 0, total local iter = 2424, diff = 2
2023-12-03 11:41:43,363 INFO [default] global iter = 31, total local iter = 110088, diff = 0.00098286
2023-12-03 11:41:43,363 INFO [default] training finished
2023-12-03 11:41:43,363 INFO [default] obj = -4894.2
2023-12-03 11:41:43,363 INFO [default] rho = -0.0471558
2023-12-03 11:41:43,364 INFO [default] #sv = 5358
2023-12-03 11:41:43,590 INFO [default] working set size = 1024
2023-12-03 11:41:43,592 INFO [default] training start
2023-12-03 11:41:43,644 INFO [default] global iter = 0, total local iter = 2015, diff = 2
2023-12-03 11:41:45,524 INFO [default] global iter = 31, total local iter = 110470, diff = 0.000989487
2023-12-03 11:41:45,524 INFO [default] training finished
2023-12-03 11:41:45,524 INFO [default] obj = -4342.21
2023-12-03 11:41:45,525 INFO [default] rho = -2.27898
2023-12-03 11:41:45,525 INFO [default] #sv = 4787
2023-12-03 11:41:45,675 INFO [default] working set size = 1024
2023-12-03 11:41:45,676 INFO [default] training start
2023-12-03 11:41:45,724 INFO [default] global iter = 0, total local iter = 2237, diff = 2
2023-12-03 11:41:47,081 INFO [default] global iter = 24, total local iter = 80958, diff = 0.000986086
2023-12-03 11:41:47,081 INFO [default] training finished
2023-12-03 11:41:47,081 INFO [default] obj = -3420.06
2023-12-03 11:41:47,082 INFO [default] rho = -5.26503
2023-12-03 11:41:47,082 INFO [default] #sv = 3855
2023-12-03 11:41:47,157 INFO [default] working set size = 1024
2023-12-03 11:41:47,158 INFO [default] training start
2023-12-03 11:41:47,196 INFO [default] global iter = 0, total local iter = 1832, diff = 2
2023-12-03 11:41:47,568 INFO [default] global iter = 7, total local iter = 27225, diff = 0.000992646
2023-12-03 11:41:47,568 INFO [default] training finished
2023-12-03 11:41:47,568 INFO [default] obj = -644.791
2023-12-03 11:41:47,568 INFO [default] rho = -4.60389
2023-12-03 11:41:47,569 INFO [default] #sv = 940
2023-12-03 11:41:47,721 INFO [default] working set size = 1024
2023-12-03 11:41:47,722 INFO [default] training start
2023-12-03 11:41:47,784 INFO [default] global iter = 0, total local iter = 2931, diff = 2
2023-12-03 11:41:50,008 INFO [default] global iter = 35, total local iter = 136613, diff = 0.000985594
2023-12-03 11:41:50,008 INFO [default] training finished
2023-12-03 11:41:50,008 INFO [default] obj = -5979.47
2023-12-03 11:41:50,009 INFO [default] rho = -4.11199
2023-12-03 11:41:50,009 INFO [default] #sv = 6425
2023-12-03 11:41:50,246 INFO [default] working set size = 1024
2023-12-03 11:41:50,247 INFO [default] training start
2023-12-03 11:41:50,303 INFO [default] global iter = 0, total local iter = 2193, diff = 2
2023-12-03 11:41:52,625 INFO [default] global iter = 35, total local iter = 134169, diff = 0.000998183
2023-12-03 11:41:52,625 INFO [default] training finished
2023-12-03 11:41:52,625 INFO [default] obj = -5048.3
2023-12-03 11:41:52,626 INFO [default] rho = -5.81382
2023-12-03 11:41:52,626 INFO [default] #sv = 5491
2023-12-03 11:41:52,770 INFO [default] working set size = 1024
2023-12-03 11:41:52,771 INFO [default] training start
2023-12-03 11:41:52,815 INFO [default] global iter = 0, total local iter = 1857, diff = 2
2023-12-03 11:41:53,949 INFO [default] global iter = 20, total local iter = 68464, diff = 0.000983157
2023-12-03 11:41:53,949 INFO [default] training finished
2023-12-03 11:41:53,949 INFO [default] obj = -2470.73
2023-12-03 11:41:53,949 INFO [default] rho = -8.02278
2023-12-03 11:41:53,949 INFO [default] #sv = 2884
2023-12-03 11:41:54,061 INFO [default] working set size = 1024
2023-12-03 11:41:54,062 INFO [default] training start
2023-12-03 11:41:54,102 INFO [default] global iter = 0, total local iter = 1891, diff = 2
2023-12-03 11:41:54,457 INFO [default] global iter = 7, total local iter = 25559, diff = 0.000998985
2023-12-03 11:41:54,457 INFO [default] training finished
2023-12-03 11:41:54,457 INFO [default] obj = -599.014
2023-12-03 11:41:54,458 INFO [default] rho = -6.53839
2023-12-03 11:41:54,458 INFO [default] #sv = 880
2023-12-03 11:41:54,692 INFO [default] working set size = 1024
2023-12-03 11:41:54,693 INFO [default] training start
2023-12-03 11:41:54,745 INFO [default] global iter = 0, total local iter = 1791, diff = 2
2023-12-03 11:41:56,782 INFO [default] global iter = 32, total local iter = 118818, diff = 0.000999417
2023-12-03 11:41:56,782 INFO [default] training finished
2023-12-03 11:41:56,782 INFO [default] obj = -4571.86
2023-12-03 11:41:56,783 INFO [default] rho = -1.95391
2023-12-03 11:41:56,783 INFO [default] #sv = 5009
2023-12-03 11:41:56,927 INFO [default] working set size = 1024
2023-12-03 11:41:56,928 INFO [default] training start
2023-12-03 11:41:56,974 INFO [default] global iter = 0, total local iter = 1861, diff = 2
2023-12-03 11:41:58,232 INFO [default] global iter = 20, total local iter = 80359, diff = 0.000997277
2023-12-03 11:41:58,232 INFO [default] training finished
2023-12-03 11:41:58,232 INFO [default] obj = -2634.39
2023-12-03 11:41:58,233 INFO [default] rho = -5.18476
2023-12-03 11:41:58,233 INFO [default] #sv = 3067
2023-12-03 11:41:58,347 INFO [default] working set size = 1024
2023-12-03 11:41:58,348 INFO [default] training start
2023-12-03 11:41:58,384 INFO [default] global iter = 0, total local iter = 1559, diff = 2
2023-12-03 11:41:58,703 INFO [default] global iter = 7, total local iter = 20606, diff = 0.00097051
2023-12-03 11:41:58,703 INFO [default] training finished
2023-12-03 11:41:58,703 INFO [default] obj = -532.53
2023-12-03 11:41:58,703 INFO [default] rho = -4.06168
2023-12-03 11:41:58,704 INFO [default] #sv = 798
2023-12-03 11:41:58,913 INFO [default] working set size = 1024
2023-12-03 11:41:58,935 INFO [default] training start
2023-12-03 11:41:58,981 INFO [default] global iter = 0, total local iter = 1446, diff = 2
2023-12-03 11:42:00,357 INFO [default] global iter = 21, total local iter = 81010, diff = 0.000957276
2023-12-03 11:42:00,357 INFO [default] training finished
2023-12-03 11:42:00,357 INFO [default] obj = -2483.38
2023-12-03 11:42:00,358 INFO [default] rho = -3.63932
2023-12-03 11:42:00,358 INFO [default] #sv = 2899
2023-12-03 11:42:00,494 INFO [default] working set size = 1024
2023-12-03 11:42:00,494 INFO [default] training start
2023-12-03 11:42:00,531 INFO [default] global iter = 0, total local iter = 1338, diff = 2
2023-12-03 11:42:00,818 INFO [default] global iter = 7, total local iter = 18468, diff = 0.000997501
2023-12-03 11:42:00,818 INFO [default] training finished
2023-12-03 11:42:00,818 INFO [default] obj = -458.514
2023-12-03 11:42:00,818 INFO [default] rho = -3.8385
2023-12-03 11:42:00,819 INFO [default] #sv = 729
2023-12-03 11:42:00,890 INFO [default] working set size = 1024
2023-12-03 11:42:00,891 INFO [default] training start
2023-12-03 11:42:00,921 INFO [default] global iter = 0, total local iter = 1436, diff = 2
2023-12-03 11:42:01,111 INFO [default] global iter = 6, total local iter = 13250, diff = 0.000994683
2023-12-03 11:42:01,111 INFO [default] training finished
2023-12-03 11:42:01,111 INFO [default] obj = -355.689
2023-12-03 11:42:01,111 INFO [default] rho = -1.66197
2023-12-03 11:42:01,111 INFO [default] #sv = 622
2023-12-03 11:42:01,264 INFO [default] #total unique sv = 21980
2023-12-03 11:42:04,669 INFO [default] #classes = 7
2023-12-03 11:42:04,797 INFO [default] working set size = 1024
2023-12-03 11:42:04,798 INFO [default] training start
2023-12-03 11:42:04,853 INFO [default] global iter = 0, total local iter = 2686, diff = 2
2023-12-03 11:42:06,559 INFO [default] global iter = 29, total local iter = 98949, diff = 0.000976059
2023-12-03 11:42:06,559 INFO [default] training finished
2023-12-03 11:42:06,559 INFO [default] obj = -4758.98
2023-12-03 11:42:06,560 INFO [default] rho = 1.28829
2023-12-03 11:42:06,560 INFO [default] #sv = 5222
2023-12-03 11:42:06,711 INFO [default] working set size = 1024
2023-12-03 11:42:06,712 INFO [default] training start
2023-12-03 11:42:06,771 INFO [default] global iter = 0, total local iter = 2827, diff = 2
2023-12-03 11:42:08,811 INFO [default] global iter = 33, total local iter = 127106, diff = 0.000984803
2023-12-03 11:42:08,811 INFO [default] training finished
2023-12-03 11:42:08,811 INFO [default] obj = -5291.22
2023-12-03 11:42:08,812 INFO [default] rho = 4.34178
2023-12-03 11:42:08,812 INFO [default] #sv = 5767
2023-12-03 11:42:08,960 INFO [default] working set size = 1024
2023-12-03 11:42:08,961 INFO [default] training start
2023-12-03 11:42:09,019 INFO [default] global iter = 0, total local iter = 2615, diff = 2
2023-12-03 11:42:10,921 INFO [default] global iter = 30, total local iter = 118575, diff = 0.000968883
2023-12-03 11:42:10,921 INFO [default] training finished
2023-12-03 11:42:10,921 INFO [default] obj = -4902.56
2023-12-03 11:42:10,922 INFO [default] rho = -0.554216
2023-12-03 11:42:10,922 INFO [default] #sv = 5351
2023-12-03 11:42:11,155 INFO [default] working set size = 1024
2023-12-03 11:42:11,156 INFO [default] training start
2023-12-03 11:42:11,210 INFO [default] global iter = 0, total local iter = 2154, diff = 2
2023-12-03 11:42:13,204 INFO [default] global iter = 31, total local iter = 123169, diff = 0.000989912
2023-12-03 11:42:13,204 INFO [default] training finished
2023-12-03 11:42:13,204 INFO [default] obj = -4400.87
2023-12-03 11:42:13,205 INFO [default] rho = -0.999674
2023-12-03 11:42:13,205 INFO [default] #sv = 4832
2023-12-03 11:42:13,335 INFO [default] working set size = 1024
2023-12-03 11:42:13,336 INFO [default] training start
2023-12-03 11:42:13,379 INFO [default] global iter = 0, total local iter = 1878, diff = 2
2023-12-03 11:42:14,356 INFO [default] global iter = 19, total local iter = 63604, diff = 0.000978385
2023-12-03 11:42:14,356 INFO [default] training finished
2023-12-03 11:42:14,357 INFO [default] obj = -2562.81
2023-12-03 11:42:14,358 INFO [default] rho = -4.25451
2023-12-03 11:42:14,358 INFO [default] #sv = 2982
2023-12-03 11:42:14,429 INFO [default] working set size = 1024
2023-12-03 11:42:14,429 INFO [default] training start
2023-12-03 11:42:14,471 INFO [default] global iter = 0, total local iter = 2104, diff = 2
2023-12-03 11:42:14,874 INFO [default] global iter = 7, total local iter = 29723, diff = 0.000976373
2023-12-03 11:42:14,874 INFO [default] training finished
2023-12-03 11:42:14,874 INFO [default] obj = -662.649
2023-12-03 11:42:14,874 INFO [default] rho = -2.63695
2023-12-03 11:42:14,875 INFO [default] #sv = 954
2023-12-03 11:42:15,018 INFO [default] working set size = 1024
2023-12-03 11:42:15,020 INFO [default] training start
2023-12-03 11:42:15,079 INFO [default] global iter = 0, total local iter = 2787, diff = 2
2023-12-03 11:42:16,959 INFO [default] global iter = 32, total local iter = 119676, diff = 0.000993869
2023-12-03 11:42:16,959 INFO [default] training finished
2023-12-03 11:42:16,959 INFO [default] obj = -5529.74
2023-12-03 11:42:16,959 INFO [default] rho = 2.55279
2023-12-03 11:42:16,960 INFO [default] #sv = 5976
2023-12-03 11:42:17,102 INFO [default] working set size = 1024
2023-12-03 11:42:17,102 INFO [default] training start
2023-12-03 11:42:17,156 INFO [default] global iter = 0, total local iter = 2424, diff = 2
2023-12-03 11:42:18,914 INFO [default] global iter = 30, total local iter = 108978, diff = 0.000999256
2023-12-03 11:42:18,914 INFO [default] training finished
2023-12-03 11:42:18,914 INFO [default] obj = -4942.33
2023-12-03 11:42:18,914 INFO [default] rho = -0.646259
2023-12-03 11:42:18,914 INFO [default] #sv = 5389
2023-12-03 11:42:19,134 INFO [default] working set size = 1024
2023-12-03 11:42:19,136 INFO [default] training start
2023-12-03 11:42:19,188 INFO [default] global iter = 0, total local iter = 2015, diff = 2
2023-12-03 11:42:21,411 INFO [default] global iter = 31, total local iter = 132744, diff = 0.000999635
2023-12-03 11:42:21,411 INFO [default] training finished
2023-12-03 11:42:21,411 INFO [default] obj = -4419.08
2023-12-03 11:42:21,411 INFO [default] rho = -2.6516
2023-12-03 11:42:21,411 INFO [default] #sv = 4888
2023-12-03 11:42:21,538 INFO [default] working set size = 1024
2023-12-03 11:42:21,539 INFO [default] training start
2023-12-03 11:42:21,586 INFO [default] global iter = 0, total local iter = 2237, diff = 2
2023-12-03 11:42:22,845 INFO [default] global iter = 24, total local iter = 79194, diff = 0.000995221
2023-12-03 11:42:22,845 INFO [default] training finished
2023-12-03 11:42:22,845 INFO [default] obj = -3457.98
2023-12-03 11:42:22,845 INFO [default] rho = -6.39386
2023-12-03 11:42:22,845 INFO [default] #sv = 3902
2023-12-03 11:42:22,919 INFO [default] working set size = 1024
2023-12-03 11:42:22,919 INFO [default] training start
2023-12-03 11:42:22,959 INFO [default] global iter = 0, total local iter = 2007, diff = 2
2023-12-03 11:42:23,294 INFO [default] global iter = 7, total local iter = 24500, diff = 0.000998514
2023-12-03 11:42:23,294 INFO [default] training finished
2023-12-03 11:42:23,294 INFO [default] obj = -650.291
2023-12-03 11:42:23,295 INFO [default] rho = -4.36812
2023-12-03 11:42:23,295 INFO [default] #sv = 936
2023-12-03 11:42:23,441 INFO [default] working set size = 1024
2023-12-03 11:42:23,442 INFO [default] training start
2023-12-03 11:42:23,505 INFO [default] global iter = 0, total local iter = 2931, diff = 2
2023-12-03 11:42:25,611 INFO [default] global iter = 35, total local iter = 128946, diff = 0.000951273
2023-12-03 11:42:25,611 INFO [default] training finished
2023-12-03 11:42:25,611 INFO [default] obj = -5974.52
2023-12-03 11:42:25,611 INFO [default] rho = -5.40243
2023-12-03 11:42:25,612 INFO [default] #sv = 6421
2023-12-03 11:42:25,838 INFO [default] working set size = 1024
2023-12-03 11:42:25,857 INFO [default] training start
2023-12-03 11:42:25,914 INFO [default] global iter = 0, total local iter = 2193, diff = 2
2023-12-03 11:42:28,145 INFO [default] global iter = 34, total local iter = 126710, diff = 0.000974875
2023-12-03 11:42:28,145 INFO [default] training finished
2023-12-03 11:42:28,146 INFO [default] obj = -5126.86
2023-12-03 11:42:28,146 INFO [default] rho = -6.11289
2023-12-03 11:42:28,147 INFO [default] #sv = 5561
2023-12-03 11:42:28,284 INFO [default] working set size = 1024
2023-12-03 11:42:28,285 INFO [default] training start
2023-12-03 11:42:28,329 INFO [default] global iter = 0, total local iter = 1857, diff = 2
2023-12-03 11:42:29,381 INFO [default] global iter = 19, total local iter = 66799, diff = 0.000997513
2023-12-03 11:42:29,381 INFO [default] training finished
2023-12-03 11:42:29,381 INFO [default] obj = -2503.45
2023-12-03 11:42:29,382 INFO [default] rho = -8.89875
2023-12-03 11:42:29,382 INFO [default] #sv = 2916
2023-12-03 11:42:29,490 INFO [default] working set size = 1024
2023-12-03 11:42:29,491 INFO [default] training start
2023-12-03 11:42:29,529 INFO [default] global iter = 0, total local iter = 1824, diff = 2
2023-12-03 11:42:29,866 INFO [default] global iter = 7, total local iter = 24480, diff = 0.000990566
2023-12-03 11:42:29,867 INFO [default] training finished
2023-12-03 11:42:29,867 INFO [default] obj = -595.19
2023-12-03 11:42:29,867 INFO [default] rho = -7.87821
2023-12-03 11:42:29,867 INFO [default] #sv = 865
2023-12-03 11:42:30,095 INFO [default] working set size = 1024
2023-12-03 11:42:30,096 INFO [default] training start
2023-12-03 11:42:30,147 INFO [default] global iter = 0, total local iter = 1791, diff = 2
2023-12-03 11:42:32,221 INFO [default] global iter = 32, total local iter = 123089, diff = 0.000998724
2023-12-03 11:42:32,221 INFO [default] training finished
2023-12-03 11:42:32,221 INFO [default] obj = -4640.3
2023-12-03 11:42:32,222 INFO [default] rho = -1.59885
2023-12-03 11:42:32,222 INFO [default] #sv = 5069
2023-12-03 11:42:32,362 INFO [default] working set size = 1024
2023-12-03 11:42:32,363 INFO [default] training start
2023-12-03 11:42:32,407 INFO [default] global iter = 0, total local iter = 1861, diff = 2
2023-12-03 11:42:33,661 INFO [default] global iter = 21, total local iter = 75454, diff = 0.000982018
2023-12-03 11:42:33,661 INFO [default] training finished
2023-12-03 11:42:33,661 INFO [default] obj = -2695.64
2023-12-03 11:42:33,661 INFO [default] rho = -5.06506
2023-12-03 11:42:33,662 INFO [default] #sv = 3124
2023-12-03 11:42:33,768 INFO [default] working set size = 1024
2023-12-03 11:42:33,769 INFO [default] training start
2023-12-03 11:42:33,805 INFO [default] global iter = 0, total local iter = 1649, diff = 2
2023-12-03 11:42:34,107 INFO [default] global iter = 7, total local iter = 21184, diff = 0.000999679
2023-12-03 11:42:34,107 INFO [default] training finished
2023-12-03 11:42:34,107 INFO [default] obj = -534.407
2023-12-03 11:42:34,108 INFO [default] rho = -3.64864
2023-12-03 11:42:34,108 INFO [default] #sv = 816
2023-12-03 11:42:34,307 INFO [default] working set size = 1024
2023-12-03 11:42:34,308 INFO [default] training start
2023-12-03 11:42:34,351 INFO [default] global iter = 0, total local iter = 1446, diff = 2
2023-12-03 11:42:35,611 INFO [default] global iter = 20, total local iter = 78169, diff = 0.00099751
2023-12-03 11:42:35,611 INFO [default] training finished
2023-12-03 11:42:35,611 INFO [default] obj = -2486.24
2023-12-03 11:42:35,612 INFO [default] rho = -3.74782
2023-12-03 11:42:35,612 INFO [default] #sv = 2912
2023-12-03 11:42:35,741 INFO [default] working set size = 1024
2023-12-03 11:42:35,742 INFO [default] training start
2023-12-03 11:42:35,778 INFO [default] global iter = 0, total local iter = 1304, diff = 2
2023-12-03 11:42:36,111 INFO [default] global iter = 7, total local iter = 22345, diff = 0.000990363
2023-12-03 11:42:36,112 INFO [default] training finished
2023-12-03 11:42:36,112 INFO [default] obj = -481.777
2023-12-03 11:42:36,112 INFO [default] rho = -2.59651
2023-12-03 11:42:36,113 INFO [default] #sv = 755
2023-12-03 11:42:36,181 INFO [default] working set size = 1024
2023-12-03 11:42:36,181 INFO [default] training start
2023-12-03 11:42:36,211 INFO [default] global iter = 0, total local iter = 1342, diff = 2
2023-12-03 11:42:36,424 INFO [default] global iter = 6, total local iter = 15460, diff = 0.000954241
2023-12-03 11:42:36,424 INFO [default] training finished
2023-12-03 11:42:36,424 INFO [default] obj = -363.107
2023-12-03 11:42:36,424 INFO [default] rho = -2.44295
2023-12-03 11:42:36,425 INFO [default] #sv = 628
2023-12-03 11:42:36,574 INFO [default] #total unique sv = 22023
2023-12-03 11:42:39,746 INFO [default] #classes = 7
2023-12-03 11:42:39,865 INFO [default] working set size = 1024
2023-12-03 11:42:39,866 INFO [default] training start
2023-12-03 11:42:39,922 INFO [default] global iter = 0, total local iter = 2686, diff = 2
2023-12-03 11:42:41,626 INFO [default] global iter = 29, total local iter = 106235, diff = 0.000999576
2023-12-03 11:42:41,626 INFO [default] training finished
2023-12-03 11:42:41,626 INFO [default] obj = -4801.61
2023-12-03 11:42:41,627 INFO [default] rho = 1.77877
2023-12-03 11:42:41,627 INFO [default] #sv = 5237
2023-12-03 11:42:41,768 INFO [default] working set size = 1024
2023-12-03 11:42:41,768 INFO [default] training start
2023-12-03 11:42:41,828 INFO [default] global iter = 0, total local iter = 2827, diff = 2
2023-12-03 11:42:43,663 INFO [default] global iter = 31, total local iter = 113760, diff = 0.000988073
2023-12-03 11:42:43,663 INFO [default] training finished
2023-12-03 11:42:43,663 INFO [default] obj = -5330.36
2023-12-03 11:42:43,664 INFO [default] rho = 3.92642
2023-12-03 11:42:43,664 INFO [default] #sv = 5780
2023-12-03 11:42:43,805 INFO [default] working set size = 1024
2023-12-03 11:42:43,806 INFO [default] training start
2023-12-03 11:42:43,862 INFO [default] global iter = 0, total local iter = 2615, diff = 2
2023-12-03 11:42:45,753 INFO [default] global iter = 30, total local iter = 114489, diff = 0.000996996
2023-12-03 11:42:45,753 INFO [default] training finished
2023-12-03 11:42:45,753 INFO [default] obj = -4935
2023-12-03 11:42:45,754 INFO [default] rho = -0.855078
2023-12-03 11:42:45,754 INFO [default] #sv = 5380
2023-12-03 11:42:45,989 INFO [default] working set size = 1024
2023-12-03 11:42:45,990 INFO [default] training start
2023-12-03 11:42:46,045 INFO [default] global iter = 0, total local iter = 2154, diff = 2
2023-12-03 11:42:47,917 INFO [default] global iter = 30, total local iter = 115074, diff = 0.00099027
2023-12-03 11:42:47,917 INFO [default] training finished
2023-12-03 11:42:47,917 INFO [default] obj = -4344.47
2023-12-03 11:42:47,917 INFO [default] rho = -0.999704
2023-12-03 11:42:47,918 INFO [default] #sv = 4774
2023-12-03 11:42:48,050 INFO [default] working set size = 1024
2023-12-03 11:42:48,051 INFO [default] training start
2023-12-03 11:42:48,094 INFO [default] global iter = 0, total local iter = 1878, diff = 2
2023-12-03 11:42:49,102 INFO [default] global iter = 19, total local iter = 66047, diff = 0.000973819
2023-12-03 11:42:49,102 INFO [default] training finished
2023-12-03 11:42:49,102 INFO [default] obj = -2561.81
2023-12-03 11:42:49,103 INFO [default] rho = -3.89595
2023-12-03 11:42:49,103 INFO [default] #sv = 2997
2023-12-03 11:42:49,164 INFO [default] working set size = 1024
2023-12-03 11:42:49,165 INFO [default] training start
2023-12-03 11:42:49,203 INFO [default] global iter = 0, total local iter = 1896, diff = 2
2023-12-03 11:42:49,580 INFO [default] global iter = 7, total local iter = 27685, diff = 0.000999755
2023-12-03 11:42:49,580 INFO [default] training finished
2023-12-03 11:42:49,580 INFO [default] obj = -685.221
2023-12-03 11:42:49,581 INFO [default] rho = -2.09421
2023-12-03 11:42:49,581 INFO [default] #sv = 975
2023-12-03 11:42:49,717 INFO [default] working set size = 1024
2023-12-03 11:42:49,717 INFO [default] training start
2023-12-03 11:42:49,776 INFO [default] global iter = 0, total local iter = 2787, diff = 2
2023-12-03 11:42:51,678 INFO [default] global iter = 33, total local iter = 119672, diff = 0.00099033
2023-12-03 11:42:51,678 INFO [default] training finished
2023-12-03 11:42:51,678 INFO [default] obj = -5459.53
2023-12-03 11:42:51,679 INFO [default] rho = 2.17408
2023-12-03 11:42:51,679 INFO [default] #sv = 5905
2023-12-03 11:42:51,836 INFO [default] working set size = 1024
2023-12-03 11:42:51,837 INFO [default] training start
2023-12-03 11:42:51,893 INFO [default] global iter = 0, total local iter = 2424, diff = 2
2023-12-03 11:42:53,828 INFO [default] global iter = 32, total local iter = 115854, diff = 0.000997586
2023-12-03 11:42:53,829 INFO [default] training finished
2023-12-03 11:42:53,829 INFO [default] obj = -4894.3
2023-12-03 11:42:53,829 INFO [default] rho = -1.20978
2023-12-03 11:42:53,830 INFO [default] #sv = 5365
2023-12-03 11:42:54,037 INFO [default] working set size = 1024
2023-12-03 11:42:54,040 INFO [default] training start
2023-12-03 11:42:54,092 INFO [default] global iter = 0, total local iter = 2015, diff = 2
2023-12-03 11:42:55,972 INFO [default] global iter = 30, total local iter = 112612, diff = 0.000997327
2023-12-03 11:42:55,972 INFO [default] training finished
2023-12-03 11:42:55,972 INFO [default] obj = -4309.61
2023-12-03 11:42:55,973 INFO [default] rho = -2.57545
2023-12-03 11:42:55,973 INFO [default] #sv = 4752
2023-12-03 11:42:56,106 INFO [default] working set size = 1024
2023-12-03 11:42:56,107 INFO [default] training start
2023-12-03 11:42:56,155 INFO [default] global iter = 0, total local iter = 2237, diff = 2
2023-12-03 11:42:57,309 INFO [default] global iter = 23, total local iter = 72690, diff = 0.000995169
2023-12-03 11:42:57,309 INFO [default] training finished
2023-12-03 11:42:57,309 INFO [default] obj = -3449.73
2023-12-03 11:42:57,310 INFO [default] rho = -6.07345
2023-12-03 11:42:57,310 INFO [default] #sv = 3890
2023-12-03 11:42:57,372 INFO [default] working set size = 1024
2023-12-03 11:42:57,372 INFO [default] training start
2023-12-03 11:42:57,409 INFO [default] global iter = 0, total local iter = 1834, diff = 2
2023-12-03 11:42:57,753 INFO [default] global iter = 7, total local iter = 24200, diff = 0.000994936
2023-12-03 11:42:57,753 INFO [default] training finished
2023-12-03 11:42:57,753 INFO [default] obj = -656.939
2023-12-03 11:42:57,754 INFO [default] rho = -5.58628
2023-12-03 11:42:57,754 INFO [default] #sv = 939
2023-12-03 11:42:57,889 INFO [default] working set size = 1024
2023-12-03 11:42:57,890 INFO [default] training start
2023-12-03 11:42:57,951 INFO [default] global iter = 0, total local iter = 2931, diff = 2
2023-12-03 11:43:00,079 INFO [default] global iter = 36, total local iter = 122373, diff = 0.000996868
2023-12-03 11:43:00,079 INFO [default] training finished
2023-12-03 11:43:00,079 INFO [default] obj = -5997.8
2023-12-03 11:43:00,080 INFO [default] rho = -5.26625
2023-12-03 11:43:00,080 INFO [default] #sv = 6447
2023-12-03 11:43:00,298 INFO [default] working set size = 1024
2023-12-03 11:43:00,298 INFO [default] training start
2023-12-03 11:43:00,354 INFO [default] global iter = 0, total local iter = 2193, diff = 2
2023-12-03 11:43:02,481 INFO [default] global iter = 34, total local iter = 126296, diff = 0.00098727
2023-12-03 11:43:02,481 INFO [default] training finished
2023-12-03 11:43:02,481 INFO [default] obj = -5098.51
2023-12-03 11:43:02,482 INFO [default] rho = -5.57264
2023-12-03 11:43:02,482 INFO [default] #sv = 5529
2023-12-03 11:43:02,620 INFO [default] working set size = 1024
2023-12-03 11:43:02,621 INFO [default] training start
2023-12-03 11:43:02,665 INFO [default] global iter = 0, total local iter = 1857, diff = 2
2023-12-03 11:43:03,763 INFO [default] global iter = 20, total local iter = 69541, diff = 0.000970928
2023-12-03 11:43:03,763 INFO [default] training finished
2023-12-03 11:43:03,763 INFO [default] obj = -2456.67
2023-12-03 11:43:03,764 INFO [default] rho = -8.53433
2023-12-03 11:43:03,764 INFO [default] #sv = 2884
2023-12-03 11:43:03,863 INFO [default] working set size = 1024
2023-12-03 11:43:03,863 INFO [default] training start
2023-12-03 11:43:03,901 INFO [default] global iter = 0, total local iter = 1800, diff = 2
2023-12-03 11:43:04,269 INFO [default] global iter = 7, total local iter = 26511, diff = 0.000996502
2023-12-03 11:43:04,269 INFO [default] training finished
2023-12-03 11:43:04,269 INFO [default] obj = -606.013
2023-12-03 11:43:04,269 INFO [default] rho = -6.13673
2023-12-03 11:43:04,270 INFO [default] #sv = 891
2023-12-03 11:43:04,485 INFO [default] working set size = 1024
2023-12-03 11:43:04,501 INFO [default] training start
2023-12-03 11:43:04,553 INFO [default] global iter = 0, total local iter = 1791, diff = 2
2023-12-03 11:43:06,707 INFO [default] global iter = 32, total local iter = 123670, diff = 0.000991618
2023-12-03 11:43:06,707 INFO [default] training finished
2023-12-03 11:43:06,707 INFO [default] obj = -4652.87
2023-12-03 11:43:06,708 INFO [default] rho = -1.08875
2023-12-03 11:43:06,708 INFO [default] #sv = 5081
2023-12-03 11:43:06,851 INFO [default] working set size = 1024
2023-12-03 11:43:06,852 INFO [default] training start
2023-12-03 11:43:06,896 INFO [default] global iter = 0, total local iter = 1861, diff = 2
2023-12-03 11:43:08,037 INFO [default] global iter = 20, total local iter = 71921, diff = 0.000981872
2023-12-03 11:43:08,037 INFO [default] training finished
2023-12-03 11:43:08,037 INFO [default] obj = -2638.62
2023-12-03 11:43:08,038 INFO [default] rho = -5.06345
2023-12-03 11:43:08,038 INFO [default] #sv = 3063
2023-12-03 11:43:08,138 INFO [default] working set size = 1024
2023-12-03 11:43:08,138 INFO [default] training start
2023-12-03 11:43:08,175 INFO [default] global iter = 0, total local iter = 1652, diff = 2
2023-12-03 11:43:08,483 INFO [default] global iter = 7, total local iter = 21856, diff = 0.000995558
2023-12-03 11:43:08,483 INFO [default] training finished
2023-12-03 11:43:08,483 INFO [default] obj = -548.879
2023-12-03 11:43:08,484 INFO [default] rho = -4.66507
2023-12-03 11:43:08,484 INFO [default] #sv = 821
2023-12-03 11:43:08,694 INFO [default] working set size = 1024
2023-12-03 11:43:08,695 INFO [default] training start
2023-12-03 11:43:08,740 INFO [default] global iter = 0, total local iter = 1446, diff = 2
2023-12-03 11:43:10,013 INFO [default] global iter = 20, total local iter = 75229, diff = 0.000990773
2023-12-03 11:43:10,013 INFO [default] training finished
2023-12-03 11:43:10,013 INFO [default] obj = -2479.07
2023-12-03 11:43:10,014 INFO [default] rho = -3.53858
2023-12-03 11:43:10,015 INFO [default] #sv = 2896
2023-12-03 11:43:10,149 INFO [default] working set size = 1024
2023-12-03 11:43:10,150 INFO [default] training start
2023-12-03 11:43:10,185 INFO [default] global iter = 0, total local iter = 1264, diff = 2
2023-12-03 11:43:10,499 INFO [default] global iter = 7, total local iter = 20966, diff = 0.000996804
2023-12-03 11:43:10,499 INFO [default] training finished
2023-12-03 11:43:10,499 INFO [default] obj = -475.167
2023-12-03 11:43:10,500 INFO [default] rho = -4.11817
2023-12-03 11:43:10,500 INFO [default] #sv = 730
2023-12-03 11:43:10,558 INFO [default] working set size = 1024
2023-12-03 11:43:10,558 INFO [default] training start
2023-12-03 11:43:10,589 INFO [default] global iter = 0, total local iter = 1441, diff = 2
2023-12-03 11:43:10,794 INFO [default] global iter = 6, total local iter = 14727, diff = 0.000996306
2023-12-03 11:43:10,794 INFO [default] training finished
2023-12-03 11:43:10,794 INFO [default] obj = -363.38
2023-12-03 11:43:10,795 INFO [default] rho = -2.79572
2023-12-03 11:43:10,795 INFO [default] #sv = 628
2023-12-03 11:43:10,934 INFO [default] #total unique sv = 21972
2023-12-03 11:43:14,320 INFO [default] #classes = 7
2023-12-03 11:43:14,448 INFO [default] working set size = 1024
2023-12-03 11:43:14,449 INFO [default] training start
2023-12-03 11:43:14,507 INFO [default] global iter = 0, total local iter = 2849, diff = 2
2023-12-03 11:43:16,136 INFO [default] global iter = 29, total local iter = 101463, diff = 0.000979513
2023-12-03 11:43:16,136 INFO [default] training finished
2023-12-03 11:43:16,136 INFO [default] obj = -4744.74
2023-12-03 11:43:16,137 INFO [default] rho = 0.957241
2023-12-03 11:43:16,137 INFO [default] #sv = 5189
2023-12-03 11:43:16,275 INFO [default] working set size = 1024
2023-12-03 11:43:16,276 INFO [default] training start
2023-12-03 11:43:16,332 INFO [default] global iter = 0, total local iter = 2574, diff = 2
2023-12-03 11:43:18,251 INFO [default] global iter = 32, total local iter = 114344, diff = 0.000969476
2023-12-03 11:43:18,251 INFO [default] training finished
2023-12-03 11:43:18,251 INFO [default] obj = -5322.22
2023-12-03 11:43:18,252 INFO [default] rho = 3.48794
2023-12-03 11:43:18,252 INFO [default] #sv = 5783
2023-12-03 11:43:18,396 INFO [default] working set size = 1024
2023-12-03 11:43:18,397 INFO [default] training start
2023-12-03 11:43:18,455 INFO [default] global iter = 0, total local iter = 2708, diff = 2
2023-12-03 11:43:20,189 INFO [default] global iter = 31, total local iter = 104632, diff = 0.00097178
2023-12-03 11:43:20,189 INFO [default] training finished
2023-12-03 11:43:20,189 INFO [default] obj = -4914.52
2023-12-03 11:43:20,190 INFO [default] rho = -0.968402
2023-12-03 11:43:20,191 INFO [default] #sv = 5334
2023-12-03 11:43:20,403 INFO [default] working set size = 1024
2023-12-03 11:43:20,404 INFO [default] training start
2023-12-03 11:43:20,460 INFO [default] global iter = 0, total local iter = 2072, diff = 2
2023-12-03 11:43:22,391 INFO [default] global iter = 30, total local iter = 118939, diff = 0.000962389
2023-12-03 11:43:22,391 INFO [default] training finished
2023-12-03 11:43:22,391 INFO [default] obj = -4402.62
2023-12-03 11:43:22,391 INFO [default] rho = -1.00008
2023-12-03 11:43:22,391 INFO [default] #sv = 4848
2023-12-03 11:43:22,516 INFO [default] working set size = 1024
2023-12-03 11:43:22,517 INFO [default] training start
2023-12-03 11:43:22,564 INFO [default] global iter = 0, total local iter = 2167, diff = 2
2023-12-03 11:43:23,659 INFO [default] global iter = 19, total local iter = 72680, diff = 0.000998813
2023-12-03 11:43:23,659 INFO [default] training finished
2023-12-03 11:43:23,659 INFO [default] obj = -2546.46
2023-12-03 11:43:23,660 INFO [default] rho = -4.07067
2023-12-03 11:43:23,660 INFO [default] #sv = 2975
2023-12-03 11:43:23,732 INFO [default] working set size = 1024
2023-12-03 11:43:23,733 INFO [default] training start
2023-12-03 11:43:23,772 INFO [default] global iter = 0, total local iter = 1935, diff = 2
2023-12-03 11:43:24,132 INFO [default] global iter = 7, total local iter = 25917, diff = 0.000997069
2023-12-03 11:43:24,132 INFO [default] training finished
2023-12-03 11:43:24,132 INFO [default] obj = -685.762
2023-12-03 11:43:24,132 INFO [default] rho = -2.78641
2023-12-03 11:43:24,133 INFO [default] #sv = 953
2023-12-03 11:43:24,291 INFO [default] working set size = 1024
2023-12-03 11:43:24,292 INFO [default] training start
2023-12-03 11:43:24,350 INFO [default] global iter = 0, total local iter = 2787, diff = 2
2023-12-03 11:43:26,220 INFO [default] global iter = 33, total local iter = 117543, diff = 0.000993182
2023-12-03 11:43:26,220 INFO [default] training finished
2023-12-03 11:43:26,220 INFO [default] obj = -5456.2
2023-12-03 11:43:26,220 INFO [default] rho = 1.87677
2023-12-03 11:43:26,220 INFO [default] #sv = 5919
2023-12-03 11:43:26,378 INFO [default] working set size = 1024
2023-12-03 11:43:26,379 INFO [default] training start
2023-12-03 11:43:26,435 INFO [default] global iter = 0, total local iter = 2503, diff = 2
2023-12-03 11:43:28,255 INFO [default] global iter = 30, total local iter = 109663, diff = 0.000991897
2023-12-03 11:43:28,255 INFO [default] training finished
2023-12-03 11:43:28,255 INFO [default] obj = -4927.23
2023-12-03 11:43:28,256 INFO [default] rho = -0.509378
2023-12-03 11:43:28,256 INFO [default] #sv = 5381
2023-12-03 11:43:28,483 INFO [default] working set size = 1024
2023-12-03 11:43:28,484 INFO [default] training start
2023-12-03 11:43:28,538 INFO [default] global iter = 0, total local iter = 2141, diff = 2
2023-12-03 11:43:30,443 INFO [default] global iter = 31, total local iter = 113874, diff = 0.00099614
2023-12-03 11:43:30,443 INFO [default] training finished
2023-12-03 11:43:30,443 INFO [default] obj = -4418.33
2023-12-03 11:43:30,443 INFO [default] rho = -1.96282
2023-12-03 11:43:30,444 INFO [default] #sv = 4849
2023-12-03 11:43:30,575 INFO [default] working set size = 1024
2023-12-03 11:43:30,575 INFO [default] training start
2023-12-03 11:43:30,623 INFO [default] global iter = 0, total local iter = 2235, diff = 2
2023-12-03 11:43:31,923 INFO [default] global iter = 24, total local iter = 82343, diff = 0.000995365
2023-12-03 11:43:31,923 INFO [default] training finished
2023-12-03 11:43:31,923 INFO [default] obj = -3449.28
2023-12-03 11:43:31,924 INFO [default] rho = -5.51408
2023-12-03 11:43:31,925 INFO [default] #sv = 3889
2023-12-03 11:43:32,000 INFO [default] working set size = 1024
2023-12-03 11:43:32,001 INFO [default] training start
2023-12-03 11:43:32,039 INFO [default] global iter = 0, total local iter = 1920, diff = 2
2023-12-03 11:43:32,389 INFO [default] global iter = 7, total local iter = 25616, diff = 0.000995233
2023-12-03 11:43:32,389 INFO [default] training finished
2023-12-03 11:43:32,389 INFO [default] obj = -654.333
2023-12-03 11:43:32,390 INFO [default] rho = -2.96324
2023-12-03 11:43:32,391 INFO [default] #sv = 928
2023-12-03 11:43:32,540 INFO [default] working set size = 1024
2023-12-03 11:43:32,541 INFO [default] training start
2023-12-03 11:43:32,600 INFO [default] global iter = 0, total local iter = 2705, diff = 2
2023-12-03 11:43:34,728 INFO [default] global iter = 35, total local iter = 126737, diff = 0.000994833
2023-12-03 11:43:34,728 INFO [default] training finished
2023-12-03 11:43:34,728 INFO [default] obj = -5918.7
2023-12-03 11:43:34,729 INFO [default] rho = -5.11889
2023-12-03 11:43:34,729 INFO [default] #sv = 6367
2023-12-03 11:43:34,954 INFO [default] working set size = 1024
2023-12-03 11:43:34,955 INFO [default] training start
2023-12-03 11:43:35,012 INFO [default] global iter = 0, total local iter = 2251, diff = 2
2023-12-03 11:43:37,255 INFO [default] global iter = 35, total local iter = 133820, diff = 0.000985261
2023-12-03 11:43:37,255 INFO [default] training finished
2023-12-03 11:43:37,255 INFO [default] obj = -5128.24
2023-12-03 11:43:37,256 INFO [default] rho = -5.44132
2023-12-03 11:43:37,256 INFO [default] #sv = 5559
2023-12-03 11:43:37,395 INFO [default] working set size = 1024
2023-12-03 11:43:37,396 INFO [default] training start
2023-12-03 11:43:37,440 INFO [default] global iter = 0, total local iter = 1889, diff = 2
2023-12-03 11:43:38,539 INFO [default] global iter = 20, total local iter = 69087, diff = 0.000990762
2023-12-03 11:43:38,539 INFO [default] training finished
2023-12-03 11:43:38,539 INFO [default] obj = -2473.96
2023-12-03 11:43:38,540 INFO [default] rho = -8.33527
2023-12-03 11:43:38,540 INFO [default] #sv = 2903
2023-12-03 11:43:38,646 INFO [default] working set size = 1024
2023-12-03 11:43:38,646 INFO [default] training start
2023-12-03 11:43:38,686 INFO [default] global iter = 0, total local iter = 1919, diff = 2
2023-12-03 11:43:39,031 INFO [default] global iter = 7, total local iter = 25028, diff = 0.000991176
2023-12-03 11:43:39,031 INFO [default] training finished
2023-12-03 11:43:39,031 INFO [default] obj = -617.579
2023-12-03 11:43:39,032 INFO [default] rho = -5.47807
2023-12-03 11:43:39,032 INFO [default] #sv = 899
2023-12-03 11:43:39,260 INFO [default] working set size = 1024
2023-12-03 11:43:39,261 INFO [default] training start
2023-12-03 11:43:39,315 INFO [default] global iter = 0, total local iter = 1950, diff = 2
2023-12-03 11:43:41,598 INFO [default] global iter = 33, total local iter = 131238, diff = 0.000998426
2023-12-03 11:43:41,598 INFO [default] training finished
2023-12-03 11:43:41,598 INFO [default] obj = -4671.48
2023-12-03 11:43:41,599 INFO [default] rho = -1.42024
2023-12-03 11:43:41,599 INFO [default] #sv = 5112
2023-12-03 11:43:41,739 INFO [default] working set size = 1024
2023-12-03 11:43:41,740 INFO [default] training start
2023-12-03 11:43:41,784 INFO [default] global iter = 0, total local iter = 1902, diff = 2
2023-12-03 11:43:43,090 INFO [default] global iter = 21, total local iter = 84148, diff = 0.000999984
2023-12-03 11:43:43,090 INFO [default] training finished
2023-12-03 11:43:43,090 INFO [default] obj = -2685.18
2023-12-03 11:43:43,091 INFO [default] rho = -5.43282
2023-12-03 11:43:43,091 INFO [default] #sv = 3138
2023-12-03 11:43:43,202 INFO [default] working set size = 1024
2023-12-03 11:43:43,203 INFO [default] training start
2023-12-03 11:43:43,239 INFO [default] global iter = 0, total local iter = 1627, diff = 2
2023-12-03 11:43:43,549 INFO [default] global iter = 7, total local iter = 22071, diff = 0.000991982
2023-12-03 11:43:43,549 INFO [default] training finished
2023-12-03 11:43:43,549 INFO [default] obj = -553.726
2023-12-03 11:43:43,549 INFO [default] rho = -3.53874
2023-12-03 11:43:43,550 INFO [default] #sv = 830
2023-12-03 11:43:43,750 INFO [default] working set size = 1024
2023-12-03 11:43:43,751 INFO [default] training start
2023-12-03 11:43:43,795 INFO [default] global iter = 0, total local iter = 1560, diff = 2
2023-12-03 11:43:45,092 INFO [default] global iter = 21, total local iter = 79677, diff = 0.000985531
2023-12-03 11:43:45,092 INFO [default] training finished
2023-12-03 11:43:45,092 INFO [default] obj = -2540.72
2023-12-03 11:43:45,093 INFO [default] rho = -3.94915
2023-12-03 11:43:45,094 INFO [default] #sv = 2957
2023-12-03 11:43:45,223 INFO [default] working set size = 1024
2023-12-03 11:43:45,224 INFO [default] training start
2023-12-03 11:43:45,260 INFO [default] global iter = 0, total local iter = 1375, diff = 2
2023-12-03 11:43:45,599 INFO [default] global iter = 7, total local iter = 21926, diff = 0.000977381
2023-12-03 11:43:45,599 INFO [default] training finished
2023-12-03 11:43:45,599 INFO [default] obj = -473.013
2023-12-03 11:43:45,601 INFO [default] rho = -4.30637
2023-12-03 11:43:45,601 INFO [default] #sv = 737
2023-12-03 11:43:45,674 INFO [default] working set size = 1024
2023-12-03 11:43:45,674 INFO [default] training start
2023-12-03 11:43:45,704 INFO [default] global iter = 0, total local iter = 1371, diff = 2
2023-12-03 11:43:45,880 INFO [default] global iter = 6, total local iter = 12410, diff = 0.000934535
2023-12-03 11:43:45,880 INFO [default] training finished
2023-12-03 11:43:45,880 INFO [default] obj = -369.336
2023-12-03 11:43:45,881 INFO [default] rho = -2.86473
2023-12-03 11:43:45,881 INFO [default] #sv = 627
2023-12-03 11:43:46,039 INFO [default] #total unique sv = 21986
Line search fails in two-class probability estimates
2023-12-03 11:43:49,196 INFO [default] training finished
2023-12-03 11:43:50,009 INFO [default] #instances = 3589, #features = 900
2023-12-03 11:43:50,688 INFO [default] predict with probability
start loading data
loading data done
Using GPU
0.45305098913346337
