Namespace(C=5.0, device='gpu', gamma=0.05, gpu_id=7, kernel='rbf', method='hog', nComponents=1296, path='./data/fer2013/fer2013.csv', pca=False)
start loading data
(11664,)
(11664,)
32298 11664
3589 11664
loading data done
Using GPU
2023-12-11 10:06:26,335 INFO [default] #instances = 32298, #features = 11664
2023-12-11 10:06:28,026 INFO [default] #classes = 7
2023-12-11 10:06:30,902 INFO [default] working set size = 1024
2023-12-11 10:06:30,903 INFO [default] training start
2023-12-11 10:06:31,569 INFO [default] global iter = 0, total local iter = 627, diff = 2
2023-12-11 10:06:44,335 INFO [default] global iter = 66, total local iter = 29032, diff = 0.000998162
2023-12-11 10:06:44,335 INFO [default] training finished
2023-12-11 10:06:44,335 INFO [default] obj = -3838.95
2023-12-11 10:06:44,336 INFO [default] rho = 0.178266
2023-12-11 10:06:44,336 INFO [default] #sv = 8827
2023-12-11 10:06:46,548 INFO [default] working set size = 1024
2023-12-11 10:06:46,549 INFO [default] training start
2023-12-11 10:06:46,969 INFO [default] global iter = 0, total local iter = 675, diff = 2
2023-12-11 10:07:03,077 INFO [default] global iter = 77, total local iter = 35436, diff = 0.000997508
2023-12-11 10:07:03,077 INFO [default] training finished
2023-12-11 10:07:03,077 INFO [default] obj = -4274.85
2023-12-11 10:07:03,077 INFO [default] rho = 0.377499
2023-12-11 10:07:03,077 INFO [default] #sv = 9728
2023-12-11 10:07:05,208 INFO [default] working set size = 1024
2023-12-11 10:07:05,208 INFO [default] training start
2023-12-11 10:07:05,631 INFO [default] global iter = 0, total local iter = 724, diff = 2
2023-12-11 10:07:21,436 INFO [default] global iter = 74, total local iter = 34311, diff = 0.000999648
2023-12-11 10:07:21,436 INFO [default] training finished
2023-12-11 10:07:21,436 INFO [default] obj = -3963.17
2023-12-11 10:07:21,437 INFO [default] rho = 0.0796432
2023-12-11 10:07:21,437 INFO [default] #sv = 9685
2023-12-11 10:07:24,930 INFO [default] working set size = 1024
2023-12-11 10:07:24,931 INFO [default] training start
2023-12-11 10:07:25,442 INFO [default] global iter = 0, total local iter = 739, diff = 2
2023-12-11 10:07:46,448 INFO [default] global iter = 80, total local iter = 36961, diff = 0.00099987
2023-12-11 10:07:46,448 INFO [default] training finished
2023-12-11 10:07:46,448 INFO [default] obj = -3698.17
2023-12-11 10:07:46,449 INFO [default] rho = 0.0869322
2023-12-11 10:07:46,449 INFO [default] #sv = 10737
2023-12-11 10:07:48,537 INFO [default] working set size = 1024
2023-12-11 10:07:48,538 INFO [default] training start
2023-12-11 10:07:48,896 INFO [default] global iter = 0, total local iter = 805, diff = 2
2023-12-11 10:07:58,176 INFO [default] global iter = 53, total local iter = 23116, diff = 0.000998805
2023-12-11 10:07:58,176 INFO [default] training finished
2023-12-11 10:07:58,176 INFO [default] obj = -2224.92
2023-12-11 10:07:58,177 INFO [default] rho = -0.32431
2023-12-11 10:07:58,177 INFO [default] #sv = 7063
2023-12-11 10:07:59,624 INFO [default] working set size = 1024
2023-12-11 10:07:59,625 INFO [default] training start
2023-12-11 10:07:59,846 INFO [default] global iter = 0, total local iter = 824, diff = 2
2023-12-11 10:08:03,569 INFO [default] global iter = 32, total local iter = 13895, diff = 0.000999964
2023-12-11 10:08:03,569 INFO [default] training finished
2023-12-11 10:08:03,569 INFO [default] obj = -664.165
2023-12-11 10:08:03,570 INFO [default] rho = -0.845935
2023-12-11 10:08:03,570 INFO [default] #sv = 4594
2023-12-11 10:08:05,789 INFO [default] working set size = 1024
2023-12-11 10:08:05,789 INFO [default] training start
2023-12-11 10:08:06,300 INFO [default] global iter = 0, total local iter = 720, diff = 2
2023-12-11 10:08:22,541 INFO [default] global iter = 76, total local iter = 35234, diff = 0.000999972
2023-12-11 10:08:22,541 INFO [default] training finished
2023-12-11 10:08:22,541 INFO [default] obj = -4366.52
2023-12-11 10:08:22,542 INFO [default] rho = 0.176779
2023-12-11 10:08:22,542 INFO [default] #sv = 9841
2023-12-11 10:08:25,149 INFO [default] working set size = 1024
2023-12-11 10:08:25,150 INFO [default] training start
2023-12-11 10:08:25,584 INFO [default] global iter = 0, total local iter = 700, diff = 2
2023-12-11 10:08:42,134 INFO [default] global iter = 76, total local iter = 34626, diff = 0.00099878
2023-12-11 10:08:42,134 INFO [default] training finished
2023-12-11 10:08:42,134 INFO [default] obj = -3961.34
2023-12-11 10:08:42,135 INFO [default] rho = -0.0907231
2023-12-11 10:08:42,135 INFO [default] #sv = 9802
2023-12-11 10:08:45,817 INFO [default] working set size = 1024
2023-12-11 10:08:45,817 INFO [default] training start
2023-12-11 10:08:46,358 INFO [default] global iter = 0, total local iter = 736, diff = 2
2023-12-11 10:09:07,916 INFO [default] global iter = 81, total local iter = 37628, diff = 0.000999649
2023-12-11 10:09:07,916 INFO [default] training finished
2023-12-11 10:09:07,916 INFO [default] obj = -3642.42
2023-12-11 10:09:07,917 INFO [default] rho = -0.0781898
2023-12-11 10:09:07,917 INFO [default] #sv = 10977
2023-12-11 10:09:10,112 INFO [default] working set size = 1024
2023-12-11 10:09:10,113 INFO [default] training start
2023-12-11 10:09:10,476 INFO [default] global iter = 0, total local iter = 784, diff = 2
2023-12-11 10:09:21,172 INFO [default] global iter = 60, total local iter = 25275, diff = 0.000999489
2023-12-11 10:09:21,172 INFO [default] training finished
2023-12-11 10:09:21,172 INFO [default] obj = -2863.55
2023-12-11 10:09:21,172 INFO [default] rho = -0.441504
2023-12-11 10:09:21,172 INFO [default] #sv = 7672
2023-12-11 10:09:22,542 INFO [default] working set size = 1024
2023-12-11 10:09:22,543 INFO [default] training start
2023-12-11 10:09:22,768 INFO [default] global iter = 0, total local iter = 803, diff = 2
2023-12-11 10:09:26,555 INFO [default] global iter = 32, total local iter = 13445, diff = 0.000997242
2023-12-11 10:09:26,555 INFO [default] training finished
2023-12-11 10:09:26,555 INFO [default] obj = -660.47
2023-12-11 10:09:26,556 INFO [default] rho = -0.888037
2023-12-11 10:09:26,556 INFO [default] #sv = 4580
2023-12-11 10:09:29,529 INFO [default] working set size = 1024
2023-12-11 10:09:29,530 INFO [default] training start
2023-12-11 10:09:29,996 INFO [default] global iter = 0, total local iter = 799, diff = 2
2023-12-11 10:09:49,898 INFO [default] global iter = 85, total local iter = 39284, diff = 0.000996444
2023-12-11 10:09:49,898 INFO [default] training finished
2023-12-11 10:09:49,898 INFO [default] obj = -4650.35
2023-12-11 10:09:49,901 INFO [default] rho = -0.282955
2023-12-11 10:09:49,901 INFO [default] #sv = 10792
2023-12-11 10:09:54,441 INFO [default] working set size = 1024
2023-12-11 10:09:54,442 INFO [default] training start
2023-12-11 10:09:54,990 INFO [default] global iter = 0, total local iter = 804, diff = 2
2023-12-11 10:10:19,267 INFO [default] global iter = 86, total local iter = 40295, diff = 0.000999581
2023-12-11 10:10:19,267 INFO [default] training finished
2023-12-11 10:10:19,267 INFO [default] obj = -4174.81
2023-12-11 10:10:19,268 INFO [default] rho = -0.241409
2023-12-11 10:10:19,268 INFO [default] #sv = 11770
2023-12-11 10:10:21,997 INFO [default] working set size = 1024
2023-12-11 10:10:21,998 INFO [default] training start
2023-12-11 10:10:22,376 INFO [default] global iter = 0, total local iter = 838, diff = 2
2023-12-11 10:10:34,002 INFO [default] global iter = 60, total local iter = 26439, diff = 0.000998329
2023-12-11 10:10:34,002 INFO [default] training finished
2023-12-11 10:10:34,002 INFO [default] obj = -2278.37
2023-12-11 10:10:34,003 INFO [default] rho = -0.56282
2023-12-11 10:10:34,003 INFO [default] #sv = 7993
2023-12-11 10:10:36,063 INFO [default] working set size = 1024
2023-12-11 10:10:36,064 INFO [default] training start
2023-12-11 10:10:36,352 INFO [default] global iter = 0, total local iter = 799, diff = 2
2023-12-11 10:10:41,002 INFO [default] global iter = 35, total local iter = 15293, diff = 0.0009974
2023-12-11 10:10:41,002 INFO [default] training finished
2023-12-11 10:10:41,002 INFO [default] obj = -648.271
2023-12-11 10:10:41,002 INFO [default] rho = -0.90423
2023-12-11 10:10:41,002 INFO [default] #sv = 5226
2023-12-11 10:10:45,322 INFO [default] working set size = 1024
2023-12-11 10:10:45,324 INFO [default] training start
2023-12-11 10:10:45,875 INFO [default] global iter = 0, total local iter = 672, diff = 2
2023-12-11 10:11:10,694 INFO [default] global iter = 87, total local iter = 40237, diff = 0.000999554
2023-12-11 10:11:10,694 INFO [default] training finished
2023-12-11 10:11:10,694 INFO [default] obj = -4021.25
2023-12-11 10:11:10,695 INFO [default] rho = 0.0213158
2023-12-11 10:11:10,695 INFO [default] #sv = 11751
2023-12-11 10:11:13,579 INFO [default] working set size = 1024
2023-12-11 10:11:13,580 INFO [default] training start
2023-12-11 10:11:13,969 INFO [default] global iter = 0, total local iter = 746, diff = 2
2023-12-11 10:11:26,046 INFO [default] global iter = 61, total local iter = 26525, diff = 0.000998006
2023-12-11 10:11:26,046 INFO [default] training finished
2023-12-11 10:11:26,046 INFO [default] obj = -2393.3
2023-12-11 10:11:26,047 INFO [default] rho = -0.3718
2023-12-11 10:11:26,047 INFO [default] #sv = 8002
2023-12-11 10:11:28,168 INFO [default] working set size = 1024
2023-12-11 10:11:28,169 INFO [default] training start
2023-12-11 10:11:28,453 INFO [default] global iter = 0, total local iter = 798, diff = 2
2023-12-11 10:11:33,099 INFO [default] global iter = 34, total local iter = 14778, diff = 0.000998686
2023-12-11 10:11:33,099 INFO [default] training finished
2023-12-11 10:11:33,099 INFO [default] obj = -626.446
2023-12-11 10:11:33,100 INFO [default] rho = -0.811928
2023-12-11 10:11:33,100 INFO [default] #sv = 4872
2023-12-11 10:11:36,773 INFO [default] working set size = 1024
2023-12-11 10:11:36,774 INFO [default] training start
2023-12-11 10:11:37,250 INFO [default] global iter = 0, total local iter = 768, diff = 2
2023-12-11 10:11:53,251 INFO [default] global iter = 65, total local iter = 28674, diff = 0.000997423
2023-12-11 10:11:53,251 INFO [default] training finished
2023-12-11 10:11:53,251 INFO [default] obj = -2338.22
2023-12-11 10:11:53,252 INFO [default] rho = -0.378493
2023-12-11 10:11:53,253 INFO [default] #sv = 8922
2023-12-11 10:11:56,056 INFO [default] working set size = 1024
2023-12-11 10:11:56,057 INFO [default] training start
2023-12-11 10:11:56,414 INFO [default] global iter = 0, total local iter = 738, diff = 2
2023-12-11 10:12:02,736 INFO [default] global iter = 34, total local iter = 15116, diff = 0.000997146
2023-12-11 10:12:02,736 INFO [default] training finished
2023-12-11 10:12:02,736 INFO [default] obj = -614.043
2023-12-11 10:12:02,737 INFO [default] rho = -0.828252
2023-12-11 10:12:02,737 INFO [default] #sv = 5247
2023-12-11 10:12:03,820 INFO [default] working set size = 1024
2023-12-11 10:12:03,820 INFO [default] training start
2023-12-11 10:12:04,003 INFO [default] global iter = 0, total local iter = 668, diff = 2
2023-12-11 10:12:05,843 INFO [default] global iter = 19, total local iter = 7816, diff = 0.000996868
2023-12-11 10:12:05,843 INFO [default] training finished
2023-12-11 10:12:05,843 INFO [default] obj = -543.749
2023-12-11 10:12:05,843 INFO [default] rho = -0.69103
2023-12-11 10:12:05,843 INFO [default] #sv = 2931
2023-12-11 10:12:08,414 INFO [default] #total unique sv = 31510
2023-12-11 10:12:08,416 INFO [default] performing probability train
2023-12-11 10:12:13,181 INFO [default] #classes = 7
2023-12-11 10:12:15,459 INFO [default] working set size = 1024
2023-12-11 10:12:15,460 INFO [default] training start
2023-12-11 10:12:15,771 INFO [default] global iter = 0, total local iter = 620, diff = 2
2023-12-11 10:12:24,256 INFO [default] global iter = 53, total local iter = 22800, diff = 0.000995628
2023-12-11 10:12:24,256 INFO [default] training finished
2023-12-11 10:12:24,256 INFO [default] obj = -3124.28
2023-12-11 10:12:24,256 INFO [default] rho = 0.15445
2023-12-11 10:12:24,256 INFO [default] #sv = 7111
2023-12-11 10:12:26,510 INFO [default] working set size = 1024
2023-12-11 10:12:26,511 INFO [default] training start
2023-12-11 10:12:26,846 INFO [default] global iter = 0, total local iter = 659, diff = 2
2023-12-11 10:12:37,360 INFO [default] global iter = 61, total local iter = 27249, diff = 0.000996052
2023-12-11 10:12:37,360 INFO [default] training finished
2023-12-11 10:12:37,360 INFO [default] obj = -3462.93
2023-12-11 10:12:37,361 INFO [default] rho = 0.368357
2023-12-11 10:12:37,361 INFO [default] #sv = 7809
2023-12-11 10:12:39,462 INFO [default] working set size = 1024
2023-12-11 10:12:39,463 INFO [default] training start
2023-12-11 10:12:39,819 INFO [default] global iter = 0, total local iter = 725, diff = 2
2023-12-11 10:12:50,382 INFO [default] global iter = 60, total local iter = 27362, diff = 0.000998973
2023-12-11 10:12:50,382 INFO [default] training finished
2023-12-11 10:12:50,382 INFO [default] obj = -3230.29
2023-12-11 10:12:50,383 INFO [default] rho = 0.055604
2023-12-11 10:12:50,383 INFO [default] #sv = 7807
2023-12-11 10:12:52,900 INFO [default] working set size = 1024
2023-12-11 10:12:52,901 INFO [default] training start
2023-12-11 10:12:53,319 INFO [default] global iter = 0, total local iter = 738, diff = 2
2023-12-11 10:13:07,318 INFO [default] global iter = 65, total local iter = 29600, diff = 0.000999947
2023-12-11 10:13:07,318 INFO [default] training finished
2023-12-11 10:13:07,318 INFO [default] obj = -3051.25
2023-12-11 10:13:07,319 INFO [default] rho = 0.0631666
2023-12-11 10:13:07,319 INFO [default] #sv = 8791
2023-12-11 10:13:09,060 INFO [default] working set size = 1024
2023-12-11 10:13:09,061 INFO [default] training start
2023-12-11 10:13:09,337 INFO [default] global iter = 0, total local iter = 817, diff = 2
2023-12-11 10:13:15,329 INFO [default] global iter = 42, total local iter = 17263, diff = 0.000998742
2023-12-11 10:13:15,329 INFO [default] training finished
2023-12-11 10:13:15,329 INFO [default] obj = -1847.52
2023-12-11 10:13:15,329 INFO [default] rho = -0.356367
2023-12-11 10:13:15,329 INFO [default] #sv = 5776
2023-12-11 10:13:16,482 INFO [default] working set size = 1024
2023-12-11 10:13:16,483 INFO [default] training start
2023-12-11 10:13:16,664 INFO [default] global iter = 0, total local iter = 843, diff = 2
2023-12-11 10:13:19,076 INFO [default] global iter = 25, total local iter = 10805, diff = 0.000999136
2023-12-11 10:13:19,076 INFO [default] training finished
2023-12-11 10:13:19,076 INFO [default] obj = -543.759
2023-12-11 10:13:19,076 INFO [default] rho = -0.854143
2023-12-11 10:13:19,077 INFO [default] #sv = 3750
2023-12-11 10:13:21,434 INFO [default] working set size = 1024
2023-12-11 10:13:21,435 INFO [default] training start
2023-12-11 10:13:21,794 INFO [default] global iter = 0, total local iter = 702, diff = 2
2023-12-11 10:13:32,689 INFO [default] global iter = 62, total local iter = 27621, diff = 0.000998467
2023-12-11 10:13:32,689 INFO [default] training finished
2023-12-11 10:13:32,689 INFO [default] obj = -3554.03
2023-12-11 10:13:32,690 INFO [default] rho = 0.192933
2023-12-11 10:13:32,690 INFO [default] #sv = 7899
2023-12-11 10:13:34,629 INFO [default] working set size = 1024
2023-12-11 10:13:34,629 INFO [default] training start
2023-12-11 10:13:34,975 INFO [default] global iter = 0, total local iter = 732, diff = 2
2023-12-11 10:13:45,855 INFO [default] global iter = 61, total local iter = 27150, diff = 0.000998775
2023-12-11 10:13:45,855 INFO [default] training finished
2023-12-11 10:13:45,855 INFO [default] obj = -3227.41
2023-12-11 10:13:45,855 INFO [default] rho = -0.0893916
2023-12-11 10:13:45,855 INFO [default] #sv = 7930
2023-12-11 10:13:48,584 INFO [default] working set size = 1024
2023-12-11 10:13:48,585 INFO [default] training start
2023-12-11 10:13:49,024 INFO [default] global iter = 0, total local iter = 746, diff = 2
2023-12-11 10:14:03,368 INFO [default] global iter = 66, total local iter = 30637, diff = 0.000999966
2023-12-11 10:14:03,368 INFO [default] training finished
2023-12-11 10:14:03,368 INFO [default] obj = -3024
2023-12-11 10:14:03,368 INFO [default] rho = -0.0723274
2023-12-11 10:14:03,368 INFO [default] #sv = 9008
2023-12-11 10:14:05,232 INFO [default] working set size = 1024
2023-12-11 10:14:05,232 INFO [default] training start
2023-12-11 10:14:05,539 INFO [default] global iter = 0, total local iter = 797, diff = 2
2023-12-11 10:14:12,594 INFO [default] global iter = 48, total local iter = 20074, diff = 0.000998431
2023-12-11 10:14:12,594 INFO [default] training finished
2023-12-11 10:14:12,594 INFO [default] obj = -2382.73
2023-12-11 10:14:12,594 INFO [default] rho = -0.468268
2023-12-11 10:14:12,594 INFO [default] #sv = 6239
2023-12-11 10:14:13,739 INFO [default] working set size = 1024
2023-12-11 10:14:13,740 INFO [default] training start
2023-12-11 10:14:13,922 INFO [default] global iter = 0, total local iter = 812, diff = 2
2023-12-11 10:14:16,433 INFO [default] global iter = 26, total local iter = 10605, diff = 0.000999721
2023-12-11 10:14:16,433 INFO [default] training finished
2023-12-11 10:14:16,433 INFO [default] obj = -544.504
2023-12-11 10:14:16,434 INFO [default] rho = -0.888153
2023-12-11 10:14:16,434 INFO [default] #sv = 3783
2023-12-11 10:14:18,901 INFO [default] working set size = 1024
2023-12-11 10:14:18,908 INFO [default] training start
2023-12-11 10:14:19,289 INFO [default] global iter = 0, total local iter = 790, diff = 2
2023-12-11 10:14:31,996 INFO [default] global iter = 67, total local iter = 30810, diff = 0.000999469
2023-12-11 10:14:31,996 INFO [default] training finished
2023-12-11 10:14:31,996 INFO [default] obj = -3777.45
2023-12-11 10:14:31,997 INFO [default] rho = -0.289479
2023-12-11 10:14:31,997 INFO [default] #sv = 8669
2023-12-11 10:14:34,638 INFO [default] working set size = 1024
2023-12-11 10:14:34,639 INFO [default] training start
2023-12-11 10:14:35,095 INFO [default] global iter = 0, total local iter = 802, diff = 2
2023-12-11 10:14:51,539 INFO [default] global iter = 72, total local iter = 33046, diff = 0.000998745
2023-12-11 10:14:51,539 INFO [default] training finished
2023-12-11 10:14:51,539 INFO [default] obj = -3443.68
2023-12-11 10:14:51,539 INFO [default] rho = -0.252144
2023-12-11 10:14:51,539 INFO [default] #sv = 9585
2023-12-11 10:14:53,850 INFO [default] working set size = 1024
2023-12-11 10:14:53,851 INFO [default] training start
2023-12-11 10:14:54,184 INFO [default] global iter = 0, total local iter = 854, diff = 2
2023-12-11 10:15:01,792 INFO [default] global iter = 48, total local iter = 21116, diff = 0.000998189
2023-12-11 10:15:01,792 INFO [default] training finished
2023-12-11 10:15:01,792 INFO [default] obj = -1909.64
2023-12-11 10:15:01,793 INFO [default] rho = -0.587212
2023-12-11 10:15:01,793 INFO [default] #sv = 6547
2023-12-11 10:15:02,951 INFO [default] working set size = 1024
2023-12-11 10:15:02,953 INFO [default] training start
2023-12-11 10:15:03,163 INFO [default] global iter = 0, total local iter = 797, diff = 2
2023-12-11 10:15:06,230 INFO [default] global iter = 28, total local iter = 11976, diff = 0.000997664
2023-12-11 10:15:06,230 INFO [default] training finished
2023-12-11 10:15:06,230 INFO [default] obj = -530.972
2023-12-11 10:15:06,230 INFO [default] rho = -0.908715
2023-12-11 10:15:06,230 INFO [default] #sv = 4318
2023-12-11 10:15:08,862 INFO [default] working set size = 1024
2023-12-11 10:15:08,864 INFO [default] training start
2023-12-11 10:15:09,315 INFO [default] global iter = 0, total local iter = 693, diff = 2
2023-12-11 10:15:26,055 INFO [default] global iter = 72, total local iter = 33173, diff = 0.000999571
2023-12-11 10:15:26,055 INFO [default] training finished
2023-12-11 10:15:26,055 INFO [default] obj = -3329.12
2023-12-11 10:15:26,056 INFO [default] rho = 0.0236877
2023-12-11 10:15:26,056 INFO [default] #sv = 9591
2023-12-11 10:15:28,399 INFO [default] working set size = 1024
2023-12-11 10:15:28,400 INFO [default] training start
2023-12-11 10:15:28,740 INFO [default] global iter = 0, total local iter = 775, diff = 2
2023-12-11 10:15:36,631 INFO [default] global iter = 49, total local iter = 21428, diff = 0.000999678
2023-12-11 10:15:36,631 INFO [default] training finished
2023-12-11 10:15:36,631 INFO [default] obj = -2012.96
2023-12-11 10:15:36,632 INFO [default] rho = -0.388273
2023-12-11 10:15:36,632 INFO [default] #sv = 6571
2023-12-11 10:15:37,799 INFO [default] working set size = 1024
2023-12-11 10:15:37,800 INFO [default] training start
2023-12-11 10:15:38,016 INFO [default] global iter = 0, total local iter = 805, diff = 2
2023-12-11 10:15:41,061 INFO [default] global iter = 27, total local iter = 12119, diff = 0.000996434
2023-12-11 10:15:41,061 INFO [default] training finished
2023-12-11 10:15:41,061 INFO [default] obj = -516.121
2023-12-11 10:15:41,061 INFO [default] rho = -0.816238
2023-12-11 10:15:41,061 INFO [default] #sv = 4059
2023-12-11 10:15:43,277 INFO [default] working set size = 1024
2023-12-11 10:15:43,278 INFO [default] training start
2023-12-11 10:15:43,671 INFO [default] global iter = 0, total local iter = 759, diff = 2
2023-12-11 10:15:54,487 INFO [default] global iter = 54, total local iter = 23902, diff = 0.000999155
2023-12-11 10:15:54,487 INFO [default] training finished
2023-12-11 10:15:54,487 INFO [default] obj = -1953.55
2023-12-11 10:15:54,488 INFO [default] rho = -0.401762
2023-12-11 10:15:54,488 INFO [default] #sv = 7383
2023-12-11 10:15:56,713 INFO [default] working set size = 1024
2023-12-11 10:15:56,714 INFO [default] training start
2023-12-11 10:15:57,035 INFO [default] global iter = 0, total local iter = 750, diff = 2
2023-12-11 10:16:01,416 INFO [default] global iter = 29, total local iter = 12928, diff = 0.00099973
2023-12-11 10:16:01,416 INFO [default] training finished
2023-12-11 10:16:01,416 INFO [default] obj = -510.867
2023-12-11 10:16:01,416 INFO [default] rho = -0.83002
2023-12-11 10:16:01,418 INFO [default] #sv = 4531
2023-12-11 10:16:02,431 INFO [default] working set size = 1024
2023-12-11 10:16:02,432 INFO [default] training start
2023-12-11 10:16:02,590 INFO [default] global iter = 0, total local iter = 737, diff = 2
2023-12-11 10:16:03,895 INFO [default] global iter = 16, total local iter = 6625, diff = 0.000999763
2023-12-11 10:16:03,895 INFO [default] training finished
2023-12-11 10:16:03,895 INFO [default] obj = -455.965
2023-12-11 10:16:03,896 INFO [default] rho = -0.684974
2023-12-11 10:16:03,896 INFO [default] #sv = 2484
2023-12-11 10:16:05,464 INFO [default] #total unique sv = 25350
2023-12-11 10:16:23,119 INFO [default] #classes = 7
2023-12-11 10:16:25,224 INFO [default] working set size = 1024
2023-12-11 10:16:25,225 INFO [default] training start
2023-12-11 10:16:25,553 INFO [default] global iter = 0, total local iter = 627, diff = 2
2023-12-11 10:16:34,166 INFO [default] global iter = 54, total local iter = 23152, diff = 0.000998525
2023-12-11 10:16:34,166 INFO [default] training finished
2023-12-11 10:16:34,166 INFO [default] obj = -3125.71
2023-12-11 10:16:34,167 INFO [default] rho = 0.134524
2023-12-11 10:16:34,167 INFO [default] #sv = 7108
2023-12-11 10:16:36,610 INFO [default] working set size = 1024
2023-12-11 10:16:36,610 INFO [default] training start
2023-12-11 10:16:36,949 INFO [default] global iter = 0, total local iter = 675, diff = 2
2023-12-11 10:16:47,317 INFO [default] global iter = 60, total local iter = 27631, diff = 0.000998752
2023-12-11 10:16:47,318 INFO [default] training finished
2023-12-11 10:16:47,318 INFO [default] obj = -3482.77
2023-12-11 10:16:47,318 INFO [default] rho = 0.333949
2023-12-11 10:16:47,318 INFO [default] #sv = 7803
2023-12-11 10:16:49,572 INFO [default] working set size = 1024
2023-12-11 10:16:49,573 INFO [default] training start
2023-12-11 10:16:49,930 INFO [default] global iter = 0, total local iter = 724, diff = 2
2023-12-11 10:17:00,295 INFO [default] global iter = 59, total local iter = 26947, diff = 0.00099765
2023-12-11 10:17:00,295 INFO [default] training finished
2023-12-11 10:17:00,295 INFO [default] obj = -3259.22
2023-12-11 10:17:00,296 INFO [default] rho = 0.0444053
2023-12-11 10:17:00,296 INFO [default] #sv = 7825
2023-12-11 10:17:03,148 INFO [default] working set size = 1024
2023-12-11 10:17:03,149 INFO [default] training start
2023-12-11 10:17:03,768 INFO [default] global iter = 0, total local iter = 739, diff = 2
2023-12-11 10:17:17,770 INFO [default] global iter = 65, total local iter = 29880, diff = 0.000999549
2023-12-11 10:17:17,770 INFO [default] training finished
2023-12-11 10:17:17,770 INFO [default] obj = -3043.98
2023-12-11 10:17:17,771 INFO [default] rho = 0.0775551
2023-12-11 10:17:18,089 INFO [default] #sv = 8749
2023-12-11 10:17:20,144 INFO [default] working set size = 1024
2023-12-11 10:17:20,144 INFO [default] training start
2023-12-11 10:17:20,438 INFO [default] global iter = 0, total local iter = 805, diff = 2
2023-12-11 10:17:26,446 INFO [default] global iter = 42, total local iter = 18050, diff = 0.000997317
2023-12-11 10:17:26,446 INFO [default] training finished
2023-12-11 10:17:26,446 INFO [default] obj = -1863.5
2023-12-11 10:17:26,447 INFO [default] rho = -0.331525
2023-12-11 10:17:26,447 INFO [default] #sv = 5789
2023-12-11 10:17:27,646 INFO [default] working set size = 1024
2023-12-11 10:17:27,646 INFO [default] training start
2023-12-11 10:17:28,149 INFO [default] global iter = 0, total local iter = 856, diff = 2
2023-12-11 10:17:30,645 INFO [default] global iter = 25, total local iter = 10794, diff = 0.00099633
2023-12-11 10:17:30,645 INFO [default] training finished
2023-12-11 10:17:30,645 INFO [default] obj = -551.616
2023-12-11 10:17:30,646 INFO [default] rho = -0.84615
2023-12-11 10:17:30,646 INFO [default] #sv = 3727
2023-12-11 10:17:33,070 INFO [default] working set size = 1024
2023-12-11 10:17:33,071 INFO [default] training start
2023-12-11 10:17:33,665 INFO [default] global iter = 0, total local iter = 720, diff = 2
2023-12-11 10:17:44,358 INFO [default] global iter = 61, total local iter = 28175, diff = 0.000998408
2023-12-11 10:17:44,358 INFO [default] training finished
2023-12-11 10:17:44,358 INFO [default] obj = -3551.75
2023-12-11 10:17:44,358 INFO [default] rho = 0.190614
2023-12-11 10:17:44,358 INFO [default] #sv = 7908
2023-12-11 10:17:46,782 INFO [default] working set size = 1024
2023-12-11 10:17:46,783 INFO [default] training start
2023-12-11 10:17:47,429 INFO [default] global iter = 0, total local iter = 700, diff = 2
2023-12-11 10:17:58,136 INFO [default] global iter = 60, total local iter = 27438, diff = 0.000999466
2023-12-11 10:17:58,136 INFO [default] training finished
2023-12-11 10:17:58,136 INFO [default] obj = -3256.62
2023-12-11 10:17:58,136 INFO [default] rho = -0.081787
2023-12-11 10:17:58,137 INFO [default] #sv = 7924
2023-12-11 10:18:01,204 INFO [default] working set size = 1024
2023-12-11 10:18:01,205 INFO [default] training start
2023-12-11 10:18:01,628 INFO [default] global iter = 0, total local iter = 736, diff = 2
2023-12-11 10:18:16,260 INFO [default] global iter = 67, total local iter = 30809, diff = 0.000999147
2023-12-11 10:18:16,260 INFO [default] training finished
2023-12-11 10:18:16,260 INFO [default] obj = -3010.5
2023-12-11 10:18:16,260 INFO [default] rho = -0.0363919
2023-12-11 10:18:16,260 INFO [default] #sv = 8993
2023-12-11 10:18:18,440 INFO [default] working set size = 1024
2023-12-11 10:18:18,441 INFO [default] training start
2023-12-11 10:18:18,731 INFO [default] global iter = 0, total local iter = 784, diff = 2
2023-12-11 10:18:25,639 INFO [default] global iter = 47, total local iter = 20338, diff = 0.000999855
2023-12-11 10:18:25,639 INFO [default] training finished
2023-12-11 10:18:25,639 INFO [default] obj = -2342.13
2023-12-11 10:18:25,640 INFO [default] rho = -0.42202
2023-12-11 10:18:25,640 INFO [default] #sv = 6223
2023-12-11 10:18:26,816 INFO [default] working set size = 1024
2023-12-11 10:18:26,817 INFO [default] training start
2023-12-11 10:18:27,004 INFO [default] global iter = 0, total local iter = 836, diff = 2
2023-12-11 10:18:29,468 INFO [default] global iter = 25, total local iter = 10864, diff = 0.000997751
2023-12-11 10:18:29,468 INFO [default] training finished
2023-12-11 10:18:29,468 INFO [default] obj = -550.172
2023-12-11 10:18:29,469 INFO [default] rho = -0.879312
2023-12-11 10:18:29,469 INFO [default] #sv = 3732
2023-12-11 10:18:31,731 INFO [default] working set size = 1024
2023-12-11 10:18:31,732 INFO [default] training start
2023-12-11 10:18:32,103 INFO [default] global iter = 0, total local iter = 799, diff = 2
2023-12-11 10:18:44,844 INFO [default] global iter = 67, total local iter = 31468, diff = 0.000999308
2023-12-11 10:18:44,844 INFO [default] training finished
2023-12-11 10:18:44,844 INFO [default] obj = -3777.44
2023-12-11 10:18:44,844 INFO [default] rho = -0.292814
2023-12-11 10:18:44,845 INFO [default] #sv = 8670
2023-12-11 10:18:47,901 INFO [default] working set size = 1024
2023-12-11 10:18:47,902 INFO [default] training start
2023-12-11 10:18:48,364 INFO [default] global iter = 0, total local iter = 804, diff = 2
2023-12-11 10:19:04,379 INFO [default] global iter = 70, total local iter = 32880, diff = 0.000999985
2023-12-11 10:19:04,379 INFO [default] training finished
2023-12-11 10:19:04,379 INFO [default] obj = -3426.18
2023-12-11 10:19:04,379 INFO [default] rho = -0.223563
2023-12-11 10:19:04,380 INFO [default] #sv = 9565
2023-12-11 10:19:06,283 INFO [default] working set size = 1024
2023-12-11 10:19:06,284 INFO [default] training start
2023-12-11 10:19:06,590 INFO [default] global iter = 0, total local iter = 838, diff = 2
2023-12-11 10:19:14,084 INFO [default] global iter = 47, total local iter = 21253, diff = 0.000999516
2023-12-11 10:19:14,084 INFO [default] training finished
2023-12-11 10:19:14,084 INFO [default] obj = -1898.8
2023-12-11 10:19:14,085 INFO [default] rho = -0.566494
2023-12-11 10:19:14,085 INFO [default] #sv = 6515
2023-12-11 10:19:15,456 INFO [default] working set size = 1024
2023-12-11 10:19:15,457 INFO [default] training start
2023-12-11 10:19:15,665 INFO [default] global iter = 0, total local iter = 798, diff = 2
2023-12-11 10:19:18,736 INFO [default] global iter = 28, total local iter = 11984, diff = 0.000998322
2023-12-11 10:19:18,736 INFO [default] training finished
2023-12-11 10:19:18,736 INFO [default] obj = -538.412
2023-12-11 10:19:18,736 INFO [default] rho = -0.900865
2023-12-11 10:19:18,736 INFO [default] #sv = 4283
2023-12-11 10:19:21,682 INFO [default] working set size = 1024
2023-12-11 10:19:21,683 INFO [default] training start
2023-12-11 10:19:22,143 INFO [default] global iter = 0, total local iter = 672, diff = 2
2023-12-11 10:19:38,460 INFO [default] global iter = 70, total local iter = 32064, diff = 0.000997681
2023-12-11 10:19:38,460 INFO [default] training finished
2023-12-11 10:19:38,460 INFO [default] obj = -3290.21
2023-12-11 10:19:38,460 INFO [default] rho = 0.051663
2023-12-11 10:19:38,460 INFO [default] #sv = 9556
2023-12-11 10:19:40,325 INFO [default] working set size = 1024
2023-12-11 10:19:40,326 INFO [default] training start
2023-12-11 10:19:40,653 INFO [default] global iter = 0, total local iter = 746, diff = 2
2023-12-11 10:19:48,586 INFO [default] global iter = 49, total local iter = 21235, diff = 0.000999667
2023-12-11 10:19:48,586 INFO [default] training finished
2023-12-11 10:19:48,586 INFO [default] obj = -2003.31
2023-12-11 10:19:48,587 INFO [default] rho = -0.359728
2023-12-11 10:19:48,587 INFO [default] #sv = 6564
2023-12-11 10:19:49,972 INFO [default] working set size = 1024
2023-12-11 10:19:49,973 INFO [default] training start
2023-12-11 10:19:50,189 INFO [default] global iter = 0, total local iter = 820, diff = 2
2023-12-11 10:19:53,260 INFO [default] global iter = 27, total local iter = 12057, diff = 0.000996302
2023-12-11 10:19:53,260 INFO [default] training finished
2023-12-11 10:19:53,260 INFO [default] obj = -523.67
2023-12-11 10:19:53,261 INFO [default] rho = -0.811284
2023-12-11 10:19:53,261 INFO [default] #sv = 4082
2023-12-11 10:19:55,789 INFO [default] working set size = 1024
2023-12-11 10:19:55,790 INFO [default] training start
2023-12-11 10:19:56,194 INFO [default] global iter = 0, total local iter = 768, diff = 2
2023-12-11 10:20:07,001 INFO [default] global iter = 54, total local iter = 23754, diff = 0.000997498
2023-12-11 10:20:07,001 INFO [default] training finished
2023-12-11 10:20:07,001 INFO [default] obj = -1952.61
2023-12-11 10:20:07,001 INFO [default] rho = -0.403714
2023-12-11 10:20:07,002 INFO [default] #sv = 7386
2023-12-11 10:20:08,793 INFO [default] working set size = 1024
2023-12-11 10:20:08,796 INFO [default] training start
2023-12-11 10:20:09,106 INFO [default] global iter = 0, total local iter = 762, diff = 2
2023-12-11 10:20:13,497 INFO [default] global iter = 29, total local iter = 12943, diff = 0.00099732
2023-12-11 10:20:13,497 INFO [default] training finished
2023-12-11 10:20:13,497 INFO [default] obj = -514.014
2023-12-11 10:20:13,498 INFO [default] rho = -0.832216
2023-12-11 10:20:13,498 INFO [default] #sv = 4452
2023-12-11 10:20:14,543 INFO [default] working set size = 1024
2023-12-11 10:20:14,544 INFO [default] training start
2023-12-11 10:20:14,699 INFO [default] global iter = 0, total local iter = 743, diff = 2
2023-12-11 10:20:16,068 INFO [default] global iter = 16, total local iter = 6532, diff = 0.000997109
2023-12-11 10:20:16,068 INFO [default] training finished
2023-12-11 10:20:16,068 INFO [default] obj = -448.099
2023-12-11 10:20:16,069 INFO [default] rho = -0.690881
2023-12-11 10:20:16,069 INFO [default] #sv = 2470
2023-12-11 10:20:17,941 INFO [default] #total unique sv = 25339
2023-12-11 10:20:36,305 INFO [default] #classes = 7
2023-12-11 10:20:38,452 INFO [default] working set size = 1024
2023-12-11 10:20:38,453 INFO [default] training start
2023-12-11 10:20:38,783 INFO [default] global iter = 0, total local iter = 627, diff = 2
2023-12-11 10:20:47,479 INFO [default] global iter = 54, total local iter = 23185, diff = 0.000997853
2023-12-11 10:20:47,479 INFO [default] training finished
2023-12-11 10:20:47,479 INFO [default] obj = -3105.12
2023-12-11 10:20:47,480 INFO [default] rho = 0.171464
2023-12-11 10:20:47,480 INFO [default] #sv = 7118
2023-12-11 10:20:49,921 INFO [default] working set size = 1024
2023-12-11 10:20:49,922 INFO [default] training start
2023-12-11 10:20:50,265 INFO [default] global iter = 0, total local iter = 675, diff = 2
2023-12-11 10:21:00,712 INFO [default] global iter = 60, total local iter = 27417, diff = 0.000998462
2023-12-11 10:21:00,712 INFO [default] training finished
2023-12-11 10:21:00,712 INFO [default] obj = -3446.64
2023-12-11 10:21:00,713 INFO [default] rho = 0.359121
2023-12-11 10:21:00,713 INFO [default] #sv = 7790
2023-12-11 10:21:03,328 INFO [default] working set size = 1024
2023-12-11 10:21:03,329 INFO [default] training start
2023-12-11 10:21:03,674 INFO [default] global iter = 0, total local iter = 724, diff = 2
2023-12-11 10:21:14,071 INFO [default] global iter = 59, total local iter = 26758, diff = 0.000997935
2023-12-11 10:21:14,071 INFO [default] training finished
2023-12-11 10:21:14,071 INFO [default] obj = -3210.45
2023-12-11 10:21:14,071 INFO [default] rho = 0.0613051
2023-12-11 10:21:14,072 INFO [default] #sv = 7806
2023-12-11 10:21:16,952 INFO [default] working set size = 1024
2023-12-11 10:21:16,953 INFO [default] training start
2023-12-11 10:21:17,398 INFO [default] global iter = 0, total local iter = 739, diff = 2
2023-12-11 10:21:31,620 INFO [default] global iter = 66, total local iter = 30254, diff = 0.000999313
2023-12-11 10:21:31,620 INFO [default] training finished
2023-12-11 10:21:31,620 INFO [default] obj = -3051.79
2023-12-11 10:21:31,620 INFO [default] rho = 0.0735266
2023-12-11 10:21:31,620 INFO [default] #sv = 8808
2023-12-11 10:21:33,568 INFO [default] working set size = 1024
2023-12-11 10:21:33,569 INFO [default] training start
2023-12-11 10:21:33,874 INFO [default] global iter = 0, total local iter = 805, diff = 2
2023-12-11 10:21:40,016 INFO [default] global iter = 43, total local iter = 18113, diff = 0.000993529
2023-12-11 10:21:40,016 INFO [default] training finished
2023-12-11 10:21:40,016 INFO [default] obj = -1862.37
2023-12-11 10:21:40,017 INFO [default] rho = -0.314513
2023-12-11 10:21:40,017 INFO [default] #sv = 5795
2023-12-11 10:21:41,046 INFO [default] working set size = 1024
2023-12-11 10:21:41,047 INFO [default] training start
2023-12-11 10:21:41,230 INFO [default] global iter = 0, total local iter = 854, diff = 2
2023-12-11 10:21:43,711 INFO [default] global iter = 26, total local iter = 11079, diff = 0.000994167
2023-12-11 10:21:43,711 INFO [default] training finished
2023-12-11 10:21:43,711 INFO [default] obj = -553.173
2023-12-11 10:21:43,712 INFO [default] rho = -0.844313
2023-12-11 10:21:43,712 INFO [default] #sv = 3748
2023-12-11 10:21:45,746 INFO [default] working set size = 1024
2023-12-11 10:21:45,747 INFO [default] training start
2023-12-11 10:21:46,091 INFO [default] global iter = 0, total local iter = 720, diff = 2
2023-12-11 10:21:56,826 INFO [default] global iter = 61, total local iter = 27541, diff = 0.00099867
2023-12-11 10:21:56,826 INFO [default] training finished
2023-12-11 10:21:56,826 INFO [default] obj = -3557.59
2023-12-11 10:21:56,827 INFO [default] rho = 0.161667
2023-12-11 10:21:56,827 INFO [default] #sv = 7912
2023-12-11 10:21:58,880 INFO [default] working set size = 1024
2023-12-11 10:21:58,880 INFO [default] training start
2023-12-11 10:21:59,244 INFO [default] global iter = 0, total local iter = 700, diff = 2
2023-12-11 10:22:10,274 INFO [default] global iter = 62, total local iter = 27501, diff = 0.00099665
2023-12-11 10:22:10,274 INFO [default] training finished
2023-12-11 10:22:10,274 INFO [default] obj = -3250.91
2023-12-11 10:22:10,274 INFO [default] rho = -0.106777
2023-12-11 10:22:10,275 INFO [default] #sv = 7938
2023-12-11 10:22:12,960 INFO [default] working set size = 1024
2023-12-11 10:22:12,961 INFO [default] training start
2023-12-11 10:22:13,400 INFO [default] global iter = 0, total local iter = 736, diff = 2
2023-12-11 10:22:27,936 INFO [default] global iter = 67, total local iter = 30762, diff = 0.000998185
2023-12-11 10:22:27,936 INFO [default] training finished
2023-12-11 10:22:27,936 INFO [default] obj = -3033.94
2023-12-11 10:22:27,937 INFO [default] rho = -0.093717
2023-12-11 10:22:27,937 INFO [default] #sv = 9015
2023-12-11 10:22:29,625 INFO [default] working set size = 1024
2023-12-11 10:22:29,626 INFO [default] training start
2023-12-11 10:22:29,907 INFO [default] global iter = 0, total local iter = 784, diff = 2
2023-12-11 10:22:36,782 INFO [default] global iter = 47, total local iter = 19908, diff = 0.000994274
2023-12-11 10:22:36,782 INFO [default] training finished
2023-12-11 10:22:36,782 INFO [default] obj = -2403.33
2023-12-11 10:22:36,783 INFO [default] rho = -0.412397
2023-12-11 10:22:36,783 INFO [default] #sv = 6239
2023-12-11 10:22:37,916 INFO [default] working set size = 1024
2023-12-11 10:22:37,917 INFO [default] training start
2023-12-11 10:22:38,102 INFO [default] global iter = 0, total local iter = 839, diff = 2
2023-12-11 10:22:40,605 INFO [default] global iter = 26, total local iter = 10736, diff = 0.000998976
2023-12-11 10:22:40,605 INFO [default] training finished
2023-12-11 10:22:40,605 INFO [default] obj = -554.407
2023-12-11 10:22:40,605 INFO [default] rho = -0.887957
2023-12-11 10:22:40,605 INFO [default] #sv = 3781
2023-12-11 10:22:42,986 INFO [default] working set size = 1024
2023-12-11 10:22:42,987 INFO [default] training start
2023-12-11 10:22:43,362 INFO [default] global iter = 0, total local iter = 799, diff = 2
2023-12-11 10:22:56,117 INFO [default] global iter = 67, total local iter = 31234, diff = 0.000997629
2023-12-11 10:22:56,117 INFO [default] training finished
2023-12-11 10:22:56,117 INFO [default] obj = -3756.49
2023-12-11 10:22:56,117 INFO [default] rho = -0.284491
2023-12-11 10:22:56,117 INFO [default] #sv = 8680
2023-12-11 10:22:58,453 INFO [default] working set size = 1024
2023-12-11 10:22:58,454 INFO [default] training start
2023-12-11 10:22:58,905 INFO [default] global iter = 0, total local iter = 804, diff = 2
2023-12-11 10:23:14,895 INFO [default] global iter = 70, total local iter = 32989, diff = 0.000998782
2023-12-11 10:23:14,895 INFO [default] training finished
2023-12-11 10:23:14,895 INFO [default] obj = -3442.39
2023-12-11 10:23:14,896 INFO [default] rho = -0.246962
2023-12-11 10:23:14,896 INFO [default] #sv = 9571
2023-12-11 10:23:17,037 INFO [default] working set size = 1024
2023-12-11 10:23:17,038 INFO [default] training start
2023-12-11 10:23:17,384 INFO [default] global iter = 0, total local iter = 838, diff = 2
2023-12-11 10:23:25,012 INFO [default] global iter = 48, total local iter = 21501, diff = 0.00099889
2023-12-11 10:23:25,012 INFO [default] training finished
2023-12-11 10:23:25,012 INFO [default] obj = -1918.94
2023-12-11 10:23:25,013 INFO [default] rho = -0.536759
2023-12-11 10:23:25,013 INFO [default] #sv = 6569
2023-12-11 10:23:26,245 INFO [default] working set size = 1024
2023-12-11 10:23:26,245 INFO [default] training start
2023-12-11 10:23:26,455 INFO [default] global iter = 0, total local iter = 799, diff = 2
2023-12-11 10:23:29,525 INFO [default] global iter = 28, total local iter = 12192, diff = 0.000998025
2023-12-11 10:23:29,525 INFO [default] training finished
2023-12-11 10:23:29,525 INFO [default] obj = -541.837
2023-12-11 10:23:29,526 INFO [default] rho = -0.900712
2023-12-11 10:23:29,526 INFO [default] #sv = 4317
2023-12-11 10:23:31,907 INFO [default] working set size = 1024
2023-12-11 10:23:31,907 INFO [default] training start
2023-12-11 10:23:32,364 INFO [default] global iter = 0, total local iter = 672, diff = 2
2023-12-11 10:23:48,884 INFO [default] global iter = 71, total local iter = 32346, diff = 0.000997707
2023-12-11 10:23:48,884 INFO [default] training finished
2023-12-11 10:23:48,884 INFO [default] obj = -3317.77
2023-12-11 10:23:48,885 INFO [default] rho = 0.015781
2023-12-11 10:23:48,885 INFO [default] #sv = 9607
2023-12-11 10:23:51,044 INFO [default] working set size = 1024
2023-12-11 10:23:51,045 INFO [default] training start
2023-12-11 10:23:51,365 INFO [default] global iter = 0, total local iter = 746, diff = 2
2023-12-11 10:23:59,293 INFO [default] global iter = 49, total local iter = 21461, diff = 0.000996436
2023-12-11 10:23:59,293 INFO [default] training finished
2023-12-11 10:23:59,293 INFO [default] obj = -2025.09
2023-12-11 10:23:59,294 INFO [default] rho = -0.34157
2023-12-11 10:23:59,294 INFO [default] #sv = 6566
2023-12-11 10:24:00,483 INFO [default] working set size = 1024
2023-12-11 10:24:00,484 INFO [default] training start
2023-12-11 10:24:00,696 INFO [default] global iter = 0, total local iter = 829, diff = 2
2023-12-11 10:24:03,735 INFO [default] global iter = 27, total local iter = 11857, diff = 0.00099729
2023-12-11 10:24:03,735 INFO [default] training finished
2023-12-11 10:24:03,735 INFO [default] obj = -526.278
2023-12-11 10:24:03,735 INFO [default] rho = -0.815056
2023-12-11 10:24:03,735 INFO [default] #sv = 4069
2023-12-11 10:24:05,853 INFO [default] working set size = 1024
2023-12-11 10:24:05,854 INFO [default] training start
2023-12-11 10:24:06,262 INFO [default] global iter = 0, total local iter = 768, diff = 2
2023-12-11 10:24:17,280 INFO [default] global iter = 55, total local iter = 24268, diff = 0.000999776
2023-12-11 10:24:17,280 INFO [default] training finished
2023-12-11 10:24:17,280 INFO [default] obj = -1976.37
2023-12-11 10:24:17,280 INFO [default] rho = -0.350748
2023-12-11 10:24:17,280 INFO [default] #sv = 7434
2023-12-11 10:24:19,091 INFO [default] working set size = 1024
2023-12-11 10:24:19,092 INFO [default] training start
2023-12-11 10:24:19,384 INFO [default] global iter = 0, total local iter = 771, diff = 2
2023-12-11 10:24:23,909 INFO [default] global iter = 30, total local iter = 13109, diff = 0.000996702
2023-12-11 10:24:23,909 INFO [default] training finished
2023-12-11 10:24:23,909 INFO [default] obj = -518.707
2023-12-11 10:24:23,910 INFO [default] rho = -0.828729
2023-12-11 10:24:23,910 INFO [default] #sv = 4544
2023-12-11 10:24:24,907 INFO [default] working set size = 1024
2023-12-11 10:24:24,908 INFO [default] training start
2023-12-11 10:24:25,083 INFO [default] global iter = 0, total local iter = 745, diff = 2
2023-12-11 10:24:26,441 INFO [default] global iter = 16, total local iter = 6728, diff = 0.000994876
2023-12-11 10:24:26,441 INFO [default] training finished
2023-12-11 10:24:26,441 INFO [default] obj = -464.033
2023-12-11 10:24:26,441 INFO [default] rho = -0.702945
2023-12-11 10:24:26,442 INFO [default] #sv = 2494
2023-12-11 10:24:28,051 INFO [default] #total unique sv = 25376
2023-12-11 10:24:44,342 INFO [default] #classes = 7
2023-12-11 10:24:46,288 INFO [default] working set size = 1024
2023-12-11 10:24:46,289 INFO [default] training start
2023-12-11 10:24:46,602 INFO [default] global iter = 0, total local iter = 627, diff = 2
2023-12-11 10:24:55,219 INFO [default] global iter = 54, total local iter = 23259, diff = 0.00099939
2023-12-11 10:24:55,219 INFO [default] training finished
2023-12-11 10:24:55,219 INFO [default] obj = -3141.15
2023-12-11 10:24:55,220 INFO [default] rho = 0.179061
2023-12-11 10:24:55,220 INFO [default] #sv = 7112
2023-12-11 10:24:57,209 INFO [default] working set size = 1024
2023-12-11 10:24:57,210 INFO [default] training start
2023-12-11 10:24:57,566 INFO [default] global iter = 0, total local iter = 675, diff = 2
2023-12-11 10:25:07,931 INFO [default] global iter = 60, total local iter = 27052, diff = 0.000999696
2023-12-11 10:25:07,931 INFO [default] training finished
2023-12-11 10:25:07,931 INFO [default] obj = -3460.35
2023-12-11 10:25:07,931 INFO [default] rho = 0.3857
2023-12-11 10:25:07,931 INFO [default] #sv = 7808
2023-12-11 10:25:10,226 INFO [default] working set size = 1024
2023-12-11 10:25:10,227 INFO [default] training start
2023-12-11 10:25:10,563 INFO [default] global iter = 0, total local iter = 724, diff = 2
2023-12-11 10:25:21,133 INFO [default] global iter = 60, total local iter = 26785, diff = 0.000999615
2023-12-11 10:25:21,133 INFO [default] training finished
2023-12-11 10:25:21,133 INFO [default] obj = -3236.11
2023-12-11 10:25:21,134 INFO [default] rho = 0.0838941
2023-12-11 10:25:21,134 INFO [default] #sv = 7822
2023-12-11 10:25:23,487 INFO [default] working set size = 1024
2023-12-11 10:25:23,488 INFO [default] training start
2023-12-11 10:25:23,905 INFO [default] global iter = 0, total local iter = 739, diff = 2
2023-12-11 10:25:37,924 INFO [default] global iter = 65, total local iter = 29809, diff = 0.000997422
2023-12-11 10:25:37,924 INFO [default] training finished
2023-12-11 10:25:37,924 INFO [default] obj = -3048.76
2023-12-11 10:25:37,924 INFO [default] rho = 0.102523
2023-12-11 10:25:37,924 INFO [default] #sv = 8767
2023-12-11 10:25:39,687 INFO [default] working set size = 1024
2023-12-11 10:25:39,687 INFO [default] training start
2023-12-11 10:25:39,964 INFO [default] global iter = 0, total local iter = 805, diff = 2
2023-12-11 10:25:46,114 INFO [default] global iter = 43, total local iter = 18251, diff = 0.000999376
2023-12-11 10:25:46,115 INFO [default] training finished
2023-12-11 10:25:46,115 INFO [default] obj = -1872.49
2023-12-11 10:25:46,115 INFO [default] rho = -0.311672
2023-12-11 10:25:46,115 INFO [default] #sv = 5785
2023-12-11 10:25:47,251 INFO [default] working set size = 1024
2023-12-11 10:25:47,251 INFO [default] training start
2023-12-11 10:25:47,435 INFO [default] global iter = 0, total local iter = 847, diff = 2
2023-12-11 10:25:49,909 INFO [default] global iter = 26, total local iter = 10951, diff = 0.000998133
2023-12-11 10:25:49,909 INFO [default] training finished
2023-12-11 10:25:49,909 INFO [default] obj = -553.118
2023-12-11 10:25:49,910 INFO [default] rho = -0.849732
2023-12-11 10:25:49,910 INFO [default] #sv = 3725
2023-12-11 10:25:52,154 INFO [default] working set size = 1024
2023-12-11 10:25:52,155 INFO [default] training start
2023-12-11 10:25:52,522 INFO [default] global iter = 0, total local iter = 720, diff = 2
2023-12-11 10:26:03,225 INFO [default] global iter = 61, total local iter = 27724, diff = 0.000998028
2023-12-11 10:26:03,225 INFO [default] training finished
2023-12-11 10:26:03,225 INFO [default] obj = -3524.3
2023-12-11 10:26:03,226 INFO [default] rho = 0.184389
2023-12-11 10:26:03,226 INFO [default] #sv = 7898
2023-12-11 10:26:05,113 INFO [default] working set size = 1024
2023-12-11 10:26:05,113 INFO [default] training start
2023-12-11 10:26:05,460 INFO [default] global iter = 0, total local iter = 700, diff = 2
2023-12-11 10:26:16,363 INFO [default] global iter = 61, total local iter = 27755, diff = 0.000999211
2023-12-11 10:26:16,363 INFO [default] training finished
2023-12-11 10:26:16,363 INFO [default] obj = -3242.68
2023-12-11 10:26:16,364 INFO [default] rho = -0.0728145
2023-12-11 10:26:16,364 INFO [default] #sv = 7934
2023-12-11 10:26:18,973 INFO [default] working set size = 1024
2023-12-11 10:26:18,974 INFO [default] training start
2023-12-11 10:26:19,392 INFO [default] global iter = 0, total local iter = 736, diff = 2
2023-12-11 10:26:33,917 INFO [default] global iter = 67, total local iter = 30721, diff = 0.000998647
2023-12-11 10:26:33,917 INFO [default] training finished
2023-12-11 10:26:33,917 INFO [default] obj = -2992.25
2023-12-11 10:26:33,918 INFO [default] rho = -0.0623062
2023-12-11 10:26:33,918 INFO [default] #sv = 8949
2023-12-11 10:26:35,747 INFO [default] working set size = 1024
2023-12-11 10:26:35,748 INFO [default] training start
2023-12-11 10:26:36,028 INFO [default] global iter = 0, total local iter = 784, diff = 2
2023-12-11 10:26:43,181 INFO [default] global iter = 49, total local iter = 20019, diff = 0.000999115
2023-12-11 10:26:43,181 INFO [default] training finished
2023-12-11 10:26:43,181 INFO [default] obj = -2351.21
2023-12-11 10:26:43,182 INFO [default] rho = -0.431434
2023-12-11 10:26:43,182 INFO [default] #sv = 6221
2023-12-11 10:26:44,087 INFO [default] working set size = 1024
2023-12-11 10:26:44,088 INFO [default] training start
2023-12-11 10:26:44,274 INFO [default] global iter = 0, total local iter = 833, diff = 2
2023-12-11 10:26:46,735 INFO [default] global iter = 25, total local iter = 10816, diff = 0.000998096
2023-12-11 10:26:46,735 INFO [default] training finished
2023-12-11 10:26:46,735 INFO [default] obj = -542.464
2023-12-11 10:26:46,736 INFO [default] rho = -0.892618
2023-12-11 10:26:46,736 INFO [default] #sv = 3753
2023-12-11 10:26:48,836 INFO [default] working set size = 1024
2023-12-11 10:26:48,836 INFO [default] training start
2023-12-11 10:26:49,210 INFO [default] global iter = 0, total local iter = 799, diff = 2
2023-12-11 10:27:01,774 INFO [default] global iter = 66, total local iter = 31065, diff = 0.000998491
2023-12-11 10:27:01,774 INFO [default] training finished
2023-12-11 10:27:01,774 INFO [default] obj = -3789.82
2023-12-11 10:27:01,774 INFO [default] rho = -0.275038
2023-12-11 10:27:01,774 INFO [default] #sv = 8682
2023-12-11 10:27:04,610 INFO [default] working set size = 1024
2023-12-11 10:27:04,611 INFO [default] training start
2023-12-11 10:27:05,056 INFO [default] global iter = 0, total local iter = 804, diff = 2
2023-12-11 10:27:21,009 INFO [default] global iter = 70, total local iter = 32634, diff = 0.00099912
2023-12-11 10:27:21,009 INFO [default] training finished
2023-12-11 10:27:21,009 INFO [default] obj = -3448.1
2023-12-11 10:27:21,009 INFO [default] rho = -0.235064
2023-12-11 10:27:21,010 INFO [default] #sv = 9578
2023-12-11 10:27:22,811 INFO [default] working set size = 1024
2023-12-11 10:27:22,811 INFO [default] training start
2023-12-11 10:27:23,117 INFO [default] global iter = 0, total local iter = 838, diff = 2
2023-12-11 10:27:30,792 INFO [default] global iter = 48, total local iter = 21285, diff = 0.000998907
2023-12-11 10:27:30,792 INFO [default] training finished
2023-12-11 10:27:30,792 INFO [default] obj = -1911.57
2023-12-11 10:27:30,793 INFO [default] rho = -0.558417
2023-12-11 10:27:30,793 INFO [default] #sv = 6546
2023-12-11 10:27:31,956 INFO [default] working set size = 1024
2023-12-11 10:27:31,957 INFO [default] training start
2023-12-11 10:27:32,166 INFO [default] global iter = 0, total local iter = 798, diff = 2
2023-12-11 10:27:35,122 INFO [default] global iter = 27, total local iter = 11831, diff = 0.000999887
2023-12-11 10:27:35,122 INFO [default] training finished
2023-12-11 10:27:35,122 INFO [default] obj = -541.184
2023-12-11 10:27:35,123 INFO [default] rho = -0.909122
2023-12-11 10:27:35,123 INFO [default] #sv = 4292
2023-12-11 10:27:37,866 INFO [default] working set size = 1024
2023-12-11 10:27:37,866 INFO [default] training start
2023-12-11 10:27:38,318 INFO [default] global iter = 0, total local iter = 672, diff = 2
2023-12-11 10:27:54,810 INFO [default] global iter = 71, total local iter = 32477, diff = 0.000998518
2023-12-11 10:27:54,810 INFO [default] training finished
2023-12-11 10:27:54,810 INFO [default] obj = -3312.1
2023-12-11 10:27:54,811 INFO [default] rho = 0.0138865
2023-12-11 10:27:54,811 INFO [default] #sv = 9593
2023-12-11 10:27:56,598 INFO [default] working set size = 1024
2023-12-11 10:27:56,598 INFO [default] training start
2023-12-11 10:27:56,908 INFO [default] global iter = 0, total local iter = 746, diff = 2
2023-12-11 10:28:04,852 INFO [default] global iter = 49, total local iter = 21425, diff = 0.000999438
2023-12-11 10:28:04,852 INFO [default] training finished
2023-12-11 10:28:04,852 INFO [default] obj = -2008.7
2023-12-11 10:28:04,853 INFO [default] rho = -0.383184
2023-12-11 10:28:04,853 INFO [default] #sv = 6617
2023-12-11 10:28:06,009 INFO [default] working set size = 1024
2023-12-11 10:28:06,010 INFO [default] training start
2023-12-11 10:28:06,225 INFO [default] global iter = 0, total local iter = 824, diff = 2
2023-12-11 10:28:09,376 INFO [default] global iter = 28, total local iter = 12088, diff = 0.000997452
2023-12-11 10:28:09,376 INFO [default] training finished
2023-12-11 10:28:09,376 INFO [default] obj = -526.762
2023-12-11 10:28:09,376 INFO [default] rho = -0.819363
2023-12-11 10:28:09,376 INFO [default] #sv = 4094
2023-12-11 10:28:11,872 INFO [default] working set size = 1024
2023-12-11 10:28:11,872 INFO [default] training start
2023-12-11 10:28:12,259 INFO [default] global iter = 0, total local iter = 768, diff = 2
2023-12-11 10:28:22,916 INFO [default] global iter = 53, total local iter = 23490, diff = 0.000999484
2023-12-11 10:28:22,916 INFO [default] training finished
2023-12-11 10:28:22,916 INFO [default] obj = -1949.72
2023-12-11 10:28:22,917 INFO [default] rho = -0.370806
2023-12-11 10:28:22,917 INFO [default] #sv = 7371
2023-12-11 10:28:24,606 INFO [default] working set size = 1024
2023-12-11 10:28:24,607 INFO [default] training start
2023-12-11 10:28:24,897 INFO [default] global iter = 0, total local iter = 762, diff = 2
2023-12-11 10:28:29,274 INFO [default] global iter = 29, total local iter = 12976, diff = 0.000993879
2023-12-11 10:28:29,274 INFO [default] training finished
2023-12-11 10:28:29,274 INFO [default] obj = -516.554
2023-12-11 10:28:29,275 INFO [default] rho = -0.83872
2023-12-11 10:28:29,275 INFO [default] #sv = 4437
2023-12-11 10:28:30,100 INFO [default] working set size = 1024
2023-12-11 10:28:30,101 INFO [default] training start
2023-12-11 10:28:30,255 INFO [default] global iter = 0, total local iter = 731, diff = 2
2023-12-11 10:28:31,477 INFO [default] global iter = 15, total local iter = 6436, diff = 0.000997704
2023-12-11 10:28:31,477 INFO [default] training finished
2023-12-11 10:28:31,477 INFO [default] obj = -458.485
2023-12-11 10:28:31,477 INFO [default] rho = -0.699336
2023-12-11 10:28:31,478 INFO [default] #sv = 2446
2023-12-11 10:28:32,872 INFO [default] #total unique sv = 25336
2023-12-11 10:28:50,205 INFO [default] #classes = 7
2023-12-11 10:28:52,147 INFO [default] working set size = 1024
2023-12-11 10:28:52,148 INFO [default] training start
2023-12-11 10:28:52,461 INFO [default] global iter = 0, total local iter = 615, diff = 2
2023-12-11 10:29:00,793 INFO [default] global iter = 52, total local iter = 22763, diff = 0.000997402
2023-12-11 10:29:00,793 INFO [default] training finished
2023-12-11 10:29:00,793 INFO [default] obj = -3114.53
2023-12-11 10:29:00,793 INFO [default] rho = 0.174327
2023-12-11 10:29:00,794 INFO [default] #sv = 7117
2023-12-11 10:29:02,773 INFO [default] working set size = 1024
2023-12-11 10:29:02,774 INFO [default] training start
2023-12-11 10:29:03,114 INFO [default] global iter = 0, total local iter = 643, diff = 2
2023-12-11 10:29:13,459 INFO [default] global iter = 60, total local iter = 27243, diff = 0.000999998
2023-12-11 10:29:13,459 INFO [default] training finished
2023-12-11 10:29:13,459 INFO [default] obj = -3486.01
2023-12-11 10:29:13,459 INFO [default] rho = 0.371937
2023-12-11 10:29:13,459 INFO [default] #sv = 7803
2023-12-11 10:29:15,787 INFO [default] working set size = 1024
2023-12-11 10:29:15,787 INFO [default] training start
2023-12-11 10:29:16,143 INFO [default] global iter = 0, total local iter = 748, diff = 2
2023-12-11 10:29:26,485 INFO [default] global iter = 59, total local iter = 26420, diff = 0.000998695
2023-12-11 10:29:26,485 INFO [default] training finished
2023-12-11 10:29:26,486 INFO [default] obj = -3227.96
2023-12-11 10:29:26,486 INFO [default] rho = 0.0866794
2023-12-11 10:29:26,487 INFO [default] #sv = 7805
2023-12-11 10:29:29,229 INFO [default] working set size = 1024
2023-12-11 10:29:29,230 INFO [default] training start
2023-12-11 10:29:29,657 INFO [default] global iter = 0, total local iter = 725, diff = 2
2023-12-11 10:29:43,572 INFO [default] global iter = 65, total local iter = 29566, diff = 0.000999554
2023-12-11 10:29:43,572 INFO [default] training finished
2023-12-11 10:29:43,572 INFO [default] obj = -3071.39
2023-12-11 10:29:43,572 INFO [default] rho = 0.105048
2023-12-11 10:29:43,572 INFO [default] #sv = 8795
2023-12-11 10:29:45,577 INFO [default] working set size = 1024
2023-12-11 10:29:45,577 INFO [default] training start
2023-12-11 10:29:45,863 INFO [default] global iter = 0, total local iter = 810, diff = 2
2023-12-11 10:29:52,030 INFO [default] global iter = 43, total local iter = 18136, diff = 0.000997118
2023-12-11 10:29:52,030 INFO [default] training finished
2023-12-11 10:29:52,030 INFO [default] obj = -1865.74
2023-12-11 10:29:52,030 INFO [default] rho = -0.317763
2023-12-11 10:29:52,030 INFO [default] #sv = 5774
2023-12-11 10:29:53,063 INFO [default] working set size = 1024
2023-12-11 10:29:53,064 INFO [default] training start
2023-12-11 10:29:53,245 INFO [default] global iter = 0, total local iter = 868, diff = 2
2023-12-11 10:29:55,626 INFO [default] global iter = 25, total local iter = 10985, diff = 0.000999137
2023-12-11 10:29:55,626 INFO [default] training finished
2023-12-11 10:29:55,626 INFO [default] obj = -558.55
2023-12-11 10:29:55,626 INFO [default] rho = -0.836701
2023-12-11 10:29:55,627 INFO [default] #sv = 3754
2023-12-11 10:29:57,649 INFO [default] working set size = 1024
2023-12-11 10:29:57,650 INFO [default] training start
2023-12-11 10:29:57,990 INFO [default] global iter = 0, total local iter = 673, diff = 2
2023-12-11 10:30:08,659 INFO [default] global iter = 61, total local iter = 27730, diff = 0.000995971
2023-12-11 10:30:08,659 INFO [default] training finished
2023-12-11 10:30:08,659 INFO [default] obj = -3530.71
2023-12-11 10:30:08,659 INFO [default] rho = 0.176403
2023-12-11 10:30:08,659 INFO [default] #sv = 7900
2023-12-11 10:30:10,855 INFO [default] working set size = 1024
2023-12-11 10:30:10,856 INFO [default] training start
2023-12-11 10:30:11,212 INFO [default] global iter = 0, total local iter = 720, diff = 2
2023-12-11 10:30:21,923 INFO [default] global iter = 60, total local iter = 27229, diff = 0.000999072
2023-12-11 10:30:21,923 INFO [default] training finished
2023-12-11 10:30:21,923 INFO [default] obj = -3252.18
2023-12-11 10:30:21,923 INFO [default] rho = -0.0852789
2023-12-11 10:30:21,923 INFO [default] #sv = 7931
2023-12-11 10:30:24,405 INFO [default] working set size = 1024
2023-12-11 10:30:24,406 INFO [default] training start
2023-12-11 10:30:24,825 INFO [default] global iter = 0, total local iter = 712, diff = 2
2023-12-11 10:30:39,329 INFO [default] global iter = 67, total local iter = 30874, diff = 0.000999219
2023-12-11 10:30:39,329 INFO [default] training finished
2023-12-11 10:30:39,329 INFO [default] obj = -3040.23
2023-12-11 10:30:39,329 INFO [default] rho = -0.0662087
2023-12-11 10:30:39,330 INFO [default] #sv = 9008
2023-12-11 10:30:41,161 INFO [default] working set size = 1024
2023-12-11 10:30:41,162 INFO [default] training start
2023-12-11 10:30:41,443 INFO [default] global iter = 0, total local iter = 798, diff = 2
2023-12-11 10:30:48,337 INFO [default] global iter = 47, total local iter = 20167, diff = 0.000997638
2023-12-11 10:30:48,337 INFO [default] training finished
2023-12-11 10:30:48,337 INFO [default] obj = -2360.75
2023-12-11 10:30:48,337 INFO [default] rho = -0.437321
2023-12-11 10:30:48,338 INFO [default] #sv = 6219
2023-12-11 10:30:49,446 INFO [default] working set size = 1024
2023-12-11 10:30:49,446 INFO [default] training start
2023-12-11 10:30:49,624 INFO [default] global iter = 0, total local iter = 862, diff = 2
2023-12-11 10:30:52,121 INFO [default] global iter = 26, total local iter = 10843, diff = 0.000996765
2023-12-11 10:30:52,121 INFO [default] training finished
2023-12-11 10:30:52,121 INFO [default] obj = -558.671
2023-12-11 10:30:52,122 INFO [default] rho = -0.873627
2023-12-11 10:30:52,122 INFO [default] #sv = 3770
2023-12-11 10:30:54,400 INFO [default] working set size = 1024
2023-12-11 10:30:54,401 INFO [default] training start
2023-12-11 10:30:54,791 INFO [default] global iter = 0, total local iter = 814, diff = 2
2023-12-11 10:31:07,376 INFO [default] global iter = 66, total local iter = 30664, diff = 0.000998811
2023-12-11 10:31:07,376 INFO [default] training finished
2023-12-11 10:31:07,376 INFO [default] obj = -3766.64
2023-12-11 10:31:07,376 INFO [default] rho = -0.276041
2023-12-11 10:31:07,376 INFO [default] #sv = 8664
2023-12-11 10:31:09,672 INFO [default] working set size = 1024
2023-12-11 10:31:09,673 INFO [default] training start
2023-12-11 10:31:10,129 INFO [default] global iter = 0, total local iter = 804, diff = 2
2023-12-11 10:31:26,095 INFO [default] global iter = 70, total local iter = 32699, diff = 0.000999914
2023-12-11 10:31:26,095 INFO [default] training finished
2023-12-11 10:31:26,095 INFO [default] obj = -3467.86
2023-12-11 10:31:26,095 INFO [default] rho = -0.223575
2023-12-11 10:31:26,096 INFO [default] #sv = 9594
2023-12-11 10:31:28,206 INFO [default] working set size = 1024
2023-12-11 10:31:28,207 INFO [default] training start
2023-12-11 10:31:28,525 INFO [default] global iter = 0, total local iter = 846, diff = 2
2023-12-11 10:31:36,261 INFO [default] global iter = 49, total local iter = 20907, diff = 0.000997046
2023-12-11 10:31:36,261 INFO [default] training finished
2023-12-11 10:31:36,261 INFO [default] obj = -1915.47
2023-12-11 10:31:36,261 INFO [default] rho = -0.567394
2023-12-11 10:31:36,261 INFO [default] #sv = 6546
2023-12-11 10:31:37,443 INFO [default] working set size = 1024
2023-12-11 10:31:37,443 INFO [default] training start
2023-12-11 10:31:37,655 INFO [default] global iter = 0, total local iter = 808, diff = 2
2023-12-11 10:31:40,858 INFO [default] global iter = 29, total local iter = 12302, diff = 0.000998433
2023-12-11 10:31:40,858 INFO [default] training finished
2023-12-11 10:31:40,858 INFO [default] obj = -549.335
2023-12-11 10:31:40,859 INFO [default] rho = -0.897514
2023-12-11 10:31:40,859 INFO [default] #sv = 4335
2023-12-11 10:31:43,316 INFO [default] working set size = 1024
2023-12-11 10:31:43,317 INFO [default] training start
2023-12-11 10:31:43,772 INFO [default] global iter = 0, total local iter = 670, diff = 2
2023-12-11 10:32:00,569 INFO [default] global iter = 72, total local iter = 33094, diff = 0.000998831
2023-12-11 10:32:00,569 INFO [default] training finished
2023-12-11 10:32:00,569 INFO [default] obj = -3331.24
2023-12-11 10:32:00,569 INFO [default] rho = 0.0251407
2023-12-11 10:32:00,569 INFO [default] #sv = 9605
2023-12-11 10:32:02,717 INFO [default] working set size = 1024
2023-12-11 10:32:02,717 INFO [default] training start
2023-12-11 10:32:03,043 INFO [default] global iter = 0, total local iter = 741, diff = 2
2023-12-11 10:32:10,936 INFO [default] global iter = 49, total local iter = 21216, diff = 0.000994424
2023-12-11 10:32:10,936 INFO [default] training finished
2023-12-11 10:32:10,936 INFO [default] obj = -2020.97
2023-12-11 10:32:10,936 INFO [default] rho = -0.377648
2023-12-11 10:32:10,936 INFO [default] #sv = 6573
2023-12-11 10:32:12,113 INFO [default] working set size = 1024
2023-12-11 10:32:12,114 INFO [default] training start
2023-12-11 10:32:12,332 INFO [default] global iter = 0, total local iter = 844, diff = 2
2023-12-11 10:32:15,495 INFO [default] global iter = 28, total local iter = 12431, diff = 0.000999256
2023-12-11 10:32:15,495 INFO [default] training finished
2023-12-11 10:32:15,495 INFO [default] obj = -532.4
2023-12-11 10:32:15,496 INFO [default] rho = -0.810425
2023-12-11 10:32:15,496 INFO [default] #sv = 4099
2023-12-11 10:32:17,652 INFO [default] working set size = 1024
2023-12-11 10:32:17,653 INFO [default] training start
2023-12-11 10:32:18,046 INFO [default] global iter = 0, total local iter = 763, diff = 2
2023-12-11 10:32:28,820 INFO [default] global iter = 54, total local iter = 23813, diff = 0.000997533
2023-12-11 10:32:28,820 INFO [default] training finished
2023-12-11 10:32:28,820 INFO [default] obj = -1964.43
2023-12-11 10:32:28,821 INFO [default] rho = -0.387281
2023-12-11 10:32:28,821 INFO [default] #sv = 7423
2023-12-11 10:32:30,721 INFO [default] working set size = 1024
2023-12-11 10:32:30,722 INFO [default] training start
2023-12-11 10:32:31,014 INFO [default] global iter = 0, total local iter = 779, diff = 2
2023-12-11 10:32:35,659 INFO [default] global iter = 30, total local iter = 12988, diff = 0.000998747
2023-12-11 10:32:35,659 INFO [default] training finished
2023-12-11 10:32:35,659 INFO [default] obj = -522.159
2023-12-11 10:32:35,660 INFO [default] rho = -0.824003
2023-12-11 10:32:35,660 INFO [default] #sv = 4484
2023-12-11 10:32:36,623 INFO [default] working set size = 1024
2023-12-11 10:32:36,623 INFO [default] training start
2023-12-11 10:32:36,778 INFO [default] global iter = 0, total local iter = 742, diff = 2
2023-12-11 10:32:38,061 INFO [default] global iter = 16, total local iter = 6001, diff = 0.000999008
2023-12-11 10:32:38,061 INFO [default] training finished
2023-12-11 10:32:38,061 INFO [default] obj = -466.639
2023-12-11 10:32:38,062 INFO [default] rho = -0.683342
2023-12-11 10:32:38,062 INFO [default] #sv = 2474
2023-12-11 10:32:39,591 INFO [default] #total unique sv = 25330
Line search fails in two-class probability estimates
2023-12-11 10:32:53,490 INFO [default] training finished
training is done.
2023-12-11 10:33:02,910 INFO [default] #instances = 3589, #features = 11664
2023-12-11 10:33:13,915 INFO [default] predict with probability
0.5633881303984397
2023-12-11 10:33:17,489 INFO [default] #instances = 3589, #features = 11664
2023-12-11 10:33:28,224 INFO [default] predict with probability
(3589,)
2023-12-11 10:33:31,673 INFO [default] #instances = 3589, #features = 11664
2023-12-11 10:33:43,500 INFO [default] predict with probability
[0. 3. 0. 4. 3. 3. 3. 6. 4. 6. 3. 2. 2. 2. 6. 2. 5. 4. 5. 3. 4. 5. 4. 3.
 0. 6. 4. 4. 5. 5. 3. 6. 3. 6. 0. 3. 4. 2. 6. 3. 0. 4. 3. 3. 4. 3. 5. 3.
 5. 6. 6. 3. 5. 3. 3. 3. 2. 4. 5. 3. 6. 3. 6. 5. 5. 3. 5. 6. 6. 3. 6. 5.
 6. 6. 2. 6. 5. 6. 3. 4. 4. 3. 0. 3. 5. 4. 4. 3. 6. 3. 6. 3. 3. 2. 0. 0.
 5. 3. 3. 0.]
